PRT1
151
308
4 0 32 (1218.700806 1024 512 ) (1192.675659 1024 512 ) (1192.675537 1024 0 ) (1218.700806 1024 0 ) 
4 0 31 (1295.802002 1024 512 ) (1218.700806 1024 512 ) (1218.700806 1024 0 ) (1295.802002 1024 0 ) 
4 0 2 (1295.804688 1024 0 ) (1050.466309 1166.203613 0 ) (1050.465576 1166.204346 512 ) (1295.804688 1024 512 ) 
4 1 33 (1147.432617 1024 512 ) (1024 1024 512 ) (1024 1024 0 ) (1147.432617 1024 0 ) 
4 1 12 (1024 1024 0 ) (1024 1024 512 ) (1024 1147.427368 512 ) (1024 1147.427368 0 ) 
4 2 35 (1347.546509 1024 512 ) (1314.396729 1024 512 ) (1314.396729 1024 0 ) (1347.546509 1024 0 ) 
4 2 34 (1567.959961 1024 512 ) (1347.546509 1024 512 ) (1347.546509 1024 0 ) (1567.959961 1024 0 ) 
4 2 31 (1314.396729 1024 512 ) (1295.802002 1024 512 ) (1295.802002 1024 0 ) (1314.396729 1024 0 ) 
4 2 23 (1920 1024 512 ) (1567.959961 1024 512 ) (1567.959961 1024 0 ) (1920 1024 0 ) 
4 2 22 (2048 1024 0 ) (2048 1024 512 ) (1920 1024 512 ) (1920 1024 0 ) 
4 2 20 (1024 1349.377319 0 ) (1024 1316.256836 0 ) (1024 1316.256836 256 ) (1024 1349.377319 256 ) 
4 2 19 (1024 1567.633301 0 ) (1024 1349.377319 0 ) (1024 1349.377319 256 ) (1024 1567.633301 256 ) 
4 2 18 (1024 1568 256 ) (1024 1568 0 ) (1024 1567.633301 0 ) (1024 1567.633301 256 ) 
4 2 17 (1024 1316.256836 512 ) (1024 1349.377319 512 ) (1024 1349.377319 256 ) (1024 1316.256836 256 ) 
4 2 16 (1024 1349.377319 512 ) (1024 1567.633301 512 ) (1024 1567.633301 256 ) (1024 1349.377319 256 ) 
4 2 15 (1024 1567.633301 512 ) (1024 1568 512 ) (1024 1568 256 ) (1024 1567.633301 256 ) 
4 2 14 (1024 1192.659790 512 ) (1024 1218.523682 512 ) (1024 1218.523682 0 ) (1024 1192.659790 0 ) 
4 2 13 (1024 1218.523682 512 ) (1024 1316.256836 512 ) (1024 1316.256836 0 ) (1024 1218.523682 0 ) 
4 2 3 (1024 1568 512 ) (1024 2048 512 ) (1024 2048 0 ) (1024 1568 0 ) 
4 3 18 (160 1568 0 ) (1024 1568 0 ) (1024 1568 256 ) (160 1568 256 ) 
4 3 15 (1024 1568 256 ) (1024 1568 512 ) (160 1568 512 ) (160 1568 256 ) 
4 3 5 (160 1568 288 ) (160 1568 512 ) (160 1920 512 ) (160 1920 288 ) 
4 3 4 (160 2048 0 ) (160 1920 0 ) (160 1920 512 ) (160 2048 512 ) 
4 4 8 (128 2048 0 ) (128 1920 0 ) (128 1920 256 ) (128 2048 256 ) 
4 4 6 (128 1920 256 ) (128 1920 512 ) (128 2048 512 ) (128 2048 256 ) 
4 4 5 (128 1920 512 ) (128 1920 288 ) (160 1920 288 ) (160 1920 512 ) 
4 5 15 (160 1568 288 ) (160 1568 512 ) (128 1568 512 ) (128 1568 288 ) 
4 5 7 (128 1568 288 ) (128 1568 512 ) (128 1920 512 ) (128 1920 288 ) 
4 6 38 (0 1920 512 ) (0 2048 512 ) (0 2048 256 ) (0 1920 256 ) 
4 6 8 (0 2048 256 ) (128 2048 256 ) (128 1920 256 ) (0 1920 256 ) 
4 6 7 (128 1920 288 ) (128 1920 512 ) (0 1920 512 ) (0 1920 288 ) 
4 7 39 (0 1568 512 ) (0 1920 512 ) (0 1920 288 ) (0 1568 288 ) 
4 7 15 (128 1568 288 ) (128 1568 512 ) (80.791481 1568 512 ) (80.791481 1568 288 ) 
4 7 10 (80.791481 1568 512 ) (0 1568 512 ) (0 1568 288 ) (80.791481 1568 288 ) 
4 8 40 (0 2048 256 ) (0 2048 0 ) (0 1920 0 ) (0 1920 256 ) 
4 9 41 (0 1888 0 ) (0 1568 0 ) (0 1568 256 ) (0 1888 256 ) 
4 9 21 (80.791481 1568 0 ) (128 1568 0 ) (128 1568 256 ) (80.791481 1568 256 ) 
4 9 11 (0 1568 0 ) (80.791481 1568 0 ) (80.791481 1568 256 ) (0 1568 256 ) 
4 10 15 (80.791023 1568 256 ) (80.791031 1568 512 ) (81.639893 1567.773438 512 ) (81.639885 1567.773438 256 ) 
4 10 11 (0 1567.773438 256 ) (0 1568 256 ) (80.796875 1568 256 ) (81.645714 1567.773438 256 ) 
4 11 46 (0 1568 256 ) (0 1568 0 ) (0 1535.866699 0 ) (0 1535.866699 256 ) 
4 11 21 (128 1555.399902 0 ) (80.791016 1568 0 ) (80.791023 1568 256 ) (128 1555.399902 256 ) 
4 11 12 (0 1535.866699 0 ) (128 1535.866699 0 ) (128 1535.866699 256 ) (0 1535.866699 256 ) 
4 12 49 (0 1024 0 ) (0 1024 512 ) (0 1535.866699 512 ) (0 1535.866699 0 ) 
4 12 37 (1024 1024 0 ) (1024 1024 512 ) (0 1024 512 ) (0 1024 0 ) 
4 13 20 (1024 1316.257080 0 ) (711.448364 1399.677246 0 ) (711.448730 1399.677002 256 ) (1024 1316.256958 256 ) 
4 13 17 (711.448730 1399.677002 256 ) (711.449097 1399.676880 512 ) (1024 1316.256836 512 ) (1024 1316.256958 256 ) 
4 13 14 (962.484619 1254.175293 0 ) (1024 1218.521240 0 ) (1024 1218.521484 512 ) (962.484314 1254.175659 512 ) 
4 15 18 (128 1568 256 ) (1024 1568 256 ) (1024 1567.633301 256 ) (128 1567.633301 256 ) 
4 15 21 (82.162964 1567.633301 256 ) (80.789063 1568 256 ) (128 1568 256 ) (128 1567.633301 256 ) 
4 15 16 (206.217499 1567.633301 256 ) (1024 1567.633301 256 ) (1024 1567.633301 512 ) (206.217529 1567.633301 512 ) 
3 16 19 (206.217789 1567.633301 256 ) (1024 1567.633301 256 ) (1024 1349.377319 256 ) 
4 16 17 (605.587280 1461.045776 256 ) (1024 1349.376587 256 ) (1024 1349.377930 512 ) (605.585083 1461.046997 512 ) 
4 17 20 (1024 1316.255859 256 ) (711.468506 1399.670898 256 ) (605.584717 1461.047241 256 ) (1024 1349.377319 256 ) 
4 18 19 (206.217514 1567.633301 0 ) (1024 1567.633301 0 ) (1024 1567.633301 256 ) (206.217529 1567.633301 256 ) 
4 18 21 (128 1567.633301 256 ) (128 1568 256 ) (128 1568 0 ) (128 1567.633301 0 ) 
4 19 20 (605.587280 1461.045776 0 ) (1024 1349.376587 0 ) (1024 1349.377930 256 ) (605.585083 1461.046997 256 ) 
4 22 27 (1920 128 0 ) (2048 128 0 ) (2048 128 256 ) (1920 128 256 ) 
4 22 25 (2048 128 256 ) (2048 128 512 ) (1920 128 512 ) (1920 128 256 ) 
4 22 24 (1920 128 288 ) (1920 128 512 ) (1920 160 512 ) (1920 160 288 ) 
4 22 23 (1920 1024 0 ) (1920 160 0 ) (1920 160 512 ) (1920 1024 512 ) 
4 23 34 (1567.959961 1024 0 ) (1567.959961 206.943665 0 ) (1567.959961 206.943619 512 ) (1567.959961 1024 512 ) 
4 23 24 (1567.959961 160 512 ) (1567.959961 160 288 ) (1920 160 288 ) (1920 160 512 ) 
4 24 26 (1567.959961 128 512 ) (1567.959961 128 288 ) (1920 128 288 ) (1920 128 512 ) 
4 25 75 (2048 0 256 ) (2048 0 512 ) (1920 0 512 ) (1920 0 256 ) 
4 25 27 (2048 0 256 ) (1920 0 256 ) (1920 128 256 ) (2048 128 256 ) 
4 25 26 (1920 128 512 ) (1920 128 288 ) (1920 0 288 ) (1920 0 512 ) 
4 26 76 (1920 0 512 ) (1567.959961 0 512 ) (1567.959961 0 288 ) (1920 0 288 ) 
4 26 29 (1567.959961 0 288 ) (1567.959961 0 512 ) (1567.959961 84.110138 512 ) (1567.959961 84.110138 288 ) 
4 27 75 (2048 0 0 ) (2048 0 256 ) (1920 0 256 ) (1920 0 0 ) 
4 28 78 (1888 0 256 ) (1567.959961 0 256 ) (1567.959961 0 0 ) (1888 0 0 ) 
4 28 36 (1567.959961 128 0 ) (1567.959961 84.110138 0 ) (1567.959961 84.110138 256 ) (1567.959961 128 256 ) 
4 28 30 (1567.959961 84.110138 0 ) (1567.959961 0 0 ) (1567.959961 0 256 ) (1567.959961 84.110138 256 ) 
4 29 77 (1567.959961 0 512 ) (1567.686768 0 512 ) (1567.686768 0 256 ) (1567.959961 0 256 ) 
4 29 30 (1567.686768 85.120125 256 ) (1567.959961 84.107468 256 ) (1567.959961 0 256 ) (1567.686768 0 256 ) 
4 30 78 (1535.653320 0 256 ) (1535.653320 0 0 ) (1567.959961 0 0 ) (1567.959961 0 256 ) 
4 30 36 (1567.959961 84.107430 256 ) (1567.959961 84.107422 0 ) (1556.118652 128 0 ) (1556.118652 128 256 ) 
4 30 33 (1535.653320 128 0 ) (1535.653320 0 0 ) (1535.653320 0 256 ) (1535.653320 128 256 ) 
4 31 35 (1398.335449 712.859192 0 ) (1314.395996 1024 0 ) (1314.396851 1024 512 ) (1398.336548 712.857300 512 ) 
4 31 32 (1218.703247 1024 0 ) (1254.252808 962.425354 0 ) (1254.251465 962.426636 512 ) (1218.702515 1024 512 ) 
4 33 87 (1535.653320 0 512 ) (1024 0 512 ) (1024 0 0 ) (1535.653320 0 0 ) 
4 33 37 (1024 1024 512 ) (1024 1024 0 ) (1024 0 0 ) (1024 0 512 ) 
4 34 35 (1347.547852 1024 0 ) (1460.553955 605.092041 0 ) (1460.552734 605.094116 512 ) (1347.546509 1024 512 ) 
4 37 89 (1024 0 0 ) (1024 0 512 ) (0 0 512 ) (0 0 0 ) 
4 37 56 (0 0 0 ) (0 0 512 ) (0 1024 512 ) (0 1024 0 ) 
4 38 42 (-128 1920 512 ) (-128 2048 512 ) (-128 2048 256 ) (-128 1920 256 ) 
4 38 40 (-128 1920 256 ) (-128 2048 256 ) (0 2048 256 ) (0 1920 256 ) 
4 38 39 (-128 1920 512 ) (-128 1920 288 ) (0 1920 288 ) (0 1920 512 ) 
4 39 45 (0 1567.959961 288 ) (0 1567.959961 512 ) (-84.110138 1567.959961 512 ) (-84.110138 1567.959961 288 ) 
4 39 43 (-128 1567.959961 288 ) (-128 1567.959961 512 ) (-128 1920 512 ) (-128 1920 288 ) 
4 40 42 (-128 2048 0 ) (-128 1920 0 ) (-128 1920 256 ) (-128 2048 256 ) 
4 41 52 (-128 1567.959961 0 ) (-84.110138 1567.959961 0 ) (-84.110138 1567.959961 256 ) (-128 1567.959961 256 ) 
4 41 46 (-84.110138 1567.959961 0 ) (0 1567.959961 0 ) (0 1567.959961 256 ) (-84.110138 1567.959961 256 ) 
4 42 43 (-160 1920 512 ) (-160 1920 288 ) (-128 1920 288 ) (-128 1920 512 ) 
4 42 44 (-160 2048 0 ) (-160 1920 0 ) (-160 1920 512 ) (-160 2048 512 ) 
4 43 44 (-160 1567.959961 288 ) (-160 1567.959961 512 ) (-160 1920 512 ) (-160 1920 288 ) 
4 44 55 (-1024 1567.959961 512 ) (-1024 2048 512 ) (-1024 2048 0 ) (-1024 1567.959961 0 ) 
4 44 50 (-1024 1567.959961 0 ) (-206.943665 1567.959961 0 ) (-206.943619 1567.959961 512 ) (-1024 1567.959961 512 ) 
4 45 46 (-84.800705 1567.773438 256 ) (-84.109314 1567.959961 256 ) (0 1567.959961 256 ) (0 1567.773438 256 ) 
4 46 52 (-84.107430 1567.959961 256 ) (-84.107422 1567.959961 0 ) (-128 1556.118652 0 ) (-128 1556.118652 256 ) 
4 46 49 (-128 1535.866699 0 ) (0 1535.866699 0 ) (0 1535.866699 256 ) (-128 1535.866699 256 ) 
4 47 55 (-1024 1295.801880 512 ) (-1024 1314.396729 512 ) (-1024 1314.396729 0 ) (-1024 1295.801880 0 ) 
4 47 53 (-1024 1192.675659 512 ) (-1024 1295.801880 512 ) (-1024 1295.801880 0 ) (-1024 1192.675659 0 ) 
4 47 51 (-857.319092 1359.363159 0 ) (-1024 1314.395996 0 ) (-1024 1314.396484 512 ) (-857.318481 1359.363647 512 ) 
4 47 48 (-962.445740 1254.236206 0 ) (-857.320374 1359.365356 0 ) (-857.320374 1359.365356 512 ) (-962.444458 1254.237061 512 ) 
4 48 51 (-712.872803 1398.331787 0 ) (-857.319092 1359.363159 0 ) (-857.318481 1359.363647 512 ) (-712.872314 1398.332275 512 ) 
4 49 56 (0 1024 0 ) (0 1024 512 ) (-1024 1024 512 ) (-1024 1024 0 ) 
4 49 54 (-1024 1024 0 ) (-1024 1024 512 ) (-1024 1147.440186 512 ) (-1024 1147.440186 0 ) 
4 50 55 (-1024 1347.546509 512 ) (-1024 1567.959961 512 ) (-1024 1567.959961 0 ) (-1024 1347.546509 0 ) 
4 50 51 (-1024 1347.547852 0 ) (-605.083008 1460.556396 0 ) (-605.084778 1460.555298 512 ) (-1024 1347.546509 512 ) 
4 51 55 (-1024 1314.396729 512 ) (-1024 1347.546509 512 ) (-1024 1347.546509 0 ) (-1024 1314.396729 0 ) 
4 53 55 (-1024 1295.804688 0 ) (-1166.203613 1050.466309 0 ) (-1166.201294 1050.468628 512 ) (-1024 1295.804688 512 ) 
4 54 57 (-1024 1024 0 ) (-1024 1024 512 ) (-1147.435913 1024 512 ) (-1147.435913 1024 0 ) 
4 55 67 (-1568 1024 512 ) (-1920 1024 512 ) (-1920 1024 0 ) (-1568 1024 0 ) 
4 55 66 (-1567.686768 1024 512 ) (-1568 1024 512 ) (-1568 1024 0 ) (-1567.686768 1024 0 ) 
4 55 69 (-1920 1024 512 ) (-2048 1024 512 ) (-2048 1024 0 ) (-1920 1024 0 ) 
4 55 64 (-1567.686768 1024 256 ) (-1567.686768 1024 0 ) (-1535.653320 1024 0 ) (-1535.653320 1024 256 ) 
4 55 63 (-1535.653320 1024 512 ) (-1567.686768 1024 512 ) (-1567.686768 1024 256 ) (-1535.653320 1024 256 ) 
4 55 60 (-1316.259644 1024 512 ) (-1535.653320 1024 512 ) (-1535.653320 1024 0 ) (-1316.259521 1024 0 ) 
4 55 59 (-1192.666870 1024 512 ) (-1218.514404 1024 512 ) (-1218.514404 1024 0 ) (-1192.666870 1024 0 ) 
4 55 58 (-1218.514404 1024 512 ) (-1316.259644 1024 512 ) (-1316.259521 1024 0 ) (-1218.514404 1024 0 ) 
4 56 111 (0 0 0 ) (0 0 512 ) (-1024 0 512 ) (-1024 0 0 ) 
4 56 57 (-1024 1024 512 ) (-1024 1024 0 ) (-1024 0 0 ) (-1024 0 512 ) 
4 57 113 (-1024 0 0 ) (-1024 0 512 ) (-1535.653320 0 512 ) (-1535.653320 0 0 ) 
4 57 62 (-1535.520020 202.467529 0 ) (-1535.520020 0 0 ) (-1535.520020 0 512 ) (-1535.520020 202.467529 512 ) 
4 58 60 (-1316.259766 1024 0 ) (-1399.673462 711.463013 0 ) (-1399.673706 711.462708 512 ) (-1316.260010 1024 512 ) 
4 58 59 (-1254.169189 962.490845 0 ) (-1218.515991 1024 0 ) (-1218.519531 1024 512 ) (-1254.176025 962.483948 512 ) 
4 60 61 (-1535.520020 477.114532 512 ) (-1535.520020 477.114563 0 ) (-1461.044556 605.594543 0 ) (-1461.044556 605.594543 512 ) 
4 60 62 (-1535.520020 1024 0 ) (-1535.520020 477.109009 0 ) (-1535.520020 477.109039 512 ) (-1535.520020 1024 512 ) 
4 61 62 (-1535.520020 477.109009 0 ) (-1535.520020 326.557312 0 ) (-1535.520020 326.557068 512 ) (-1535.520020 477.109039 512 ) 
4 62 64 (-1535.653320 1024 0 ) (-1535.653320 326.053772 0 ) (-1535.653320 326.053772 256 ) (-1535.653320 1024 256 ) 
4 62 65 (-1535.653320 128 0 ) (-1535.653320 0 0 ) (-1535.653320 0 256 ) (-1535.653320 128 256 ) 
4 62 63 (-1535.653320 326.053619 512 ) (-1535.653320 1024 512 ) (-1535.653320 1024 256 ) (-1535.653320 326.053589 256 ) 
4 63 66 (-1567.686768 206.018326 512 ) (-1567.686768 1024 512 ) (-1567.686768 1024 256 ) (-1567.686768 206.018311 256 ) 
4 63 64 (-1567.686768 206.018326 256 ) (-1567.686768 1024 256 ) (-1535.653320 1024 256 ) (-1535.653320 326.053589 256 ) 
4 64 66 (-1567.686768 1024 0 ) (-1567.686768 206.018555 0 ) (-1567.686768 206.018524 256 ) (-1567.686768 1024 256 ) 
4 65 117 (-1567.686768 0 256 ) (-1567.686768 0 0 ) (-1535.653320 0 0 ) (-1535.653320 0 256 ) 
4 65 73 (-1567.686768 128 0 ) (-1567.686768 0 0 ) (-1567.686768 0 256 ) (-1567.686768 128 256 ) 
4 66 73 (-1568 128 0 ) (-1567.686768 128 0 ) (-1567.686768 128 256 ) (-1568 128 256 ) 
4 66 70 (-1567.686768 128 256 ) (-1567.686768 128 512 ) (-1568 128 512 ) (-1568 128 256 ) 
4 66 68 (-1568 128 288 ) (-1568 128 512 ) (-1568 160 512 ) (-1568 160 288 ) 
4 66 67 (-1568 1024 0 ) (-1568 160 0 ) (-1568 160 512 ) (-1568 1024 512 ) 
4 67 68 (-1920 160 512 ) (-1920 160 288 ) (-1568 160 288 ) (-1568 160 512 ) 
4 67 69 (-1920 1024 0 ) (-1920 160 0 ) (-1920 160 512 ) (-1920 1024 512 ) 
4 68 71 (-1568 128 288 ) (-1568 128 512 ) (-1920 128 512 ) (-1920 128 288 ) 
4 68 69 (-1920 128 288 ) (-1920 128 512 ) (-1920 160 512 ) (-1920 160 288 ) 
4 69 74 (-2048 128 0 ) (-1920 128 0 ) (-1920 128 256 ) (-2048 128 256 ) 
4 69 72 (-1920 128 256 ) (-1920 128 512 ) (-2048 128 512 ) (-2048 128 256 ) 
4 70 116 (-1567.686768 0 512 ) (-1568 0 512 ) (-1568 0 256 ) (-1567.686768 0 256 ) 
4 70 73 (-1568 128 256 ) (-1567.686768 128 256 ) (-1567.686768 0 256 ) (-1568 0 256 ) 
4 70 71 (-1568 128 512 ) (-1568 128 288 ) (-1568 0 288 ) (-1568 0 512 ) 
4 71 124 (-1568 0 512 ) (-1920 0 512 ) (-1920 0 288 ) (-1568 0 288 ) 
4 71 72 (-1920 128 512 ) (-1920 128 288 ) (-1920 0 288 ) (-1920 0 512 ) 
4 72 125 (-1920 0 512 ) (-2048 0 512 ) (-2048 0 256 ) (-1920 0 256 ) 
4 72 74 (-2048 128 256 ) (-1920 128 256 ) (-1920 0 256 ) (-2048 0 256 ) 
4 73 126 (-1888 0 0 ) (-1567.959961 0 0 ) (-1567.959961 0 256 ) (-1888 0 256 ) 
4 73 117 (-1567.959961 0 0 ) (-1567.686768 0 0 ) (-1567.686768 0 256 ) (-1567.959961 0 256 ) 
4 74 127 (-2048 0 256 ) (-2048 0 0 ) (-1920 0 0 ) (-1920 0 256 ) 
4 75 90 (2048 -1024 0 ) (2048 -1024 512 ) (1920 -1024 512 ) (1920 -1024 0 ) 
4 75 79 (1920 -160 288 ) (1920 -160 512 ) (1920 -128 512 ) (1920 -128 288 ) 
4 75 80 (1920 -160 0 ) (1920 -1024 0 ) (1920 -1024 512 ) (1920 -160 512 ) 
4 75 76 (1920 -128 288 ) (1920 -128 512 ) (1920 0 512 ) (1920 0 288 ) 
4 76 79 (1920 -128 288 ) (1920 -128 512 ) (1568 -128 512 ) (1568 -128 288 ) 
4 76 77 (1568 -128 288 ) (1568 -128 512 ) (1568 0 512 ) (1568 0 288 ) 
4 77 81 (1567.686768 -128 256 ) (1568 -128 256 ) (1568 -128 512 ) (1567.686768 -128 512 ) 
4 77 78 (1568 -128 256 ) (1567.686768 -128 256 ) (1567.686768 0 256 ) (1568 0 256 ) 
4 78 85 (1535.653320 0 0 ) (1535.653320 -128 0 ) (1535.653320 -128 256 ) (1535.653320 0 256 ) 
4 78 81 (1567.686768 -128 0 ) (1568 -128 0 ) (1568 -128 256 ) (1567.686768 -128 256 ) 
4 79 80 (1568 -160 512 ) (1568 -160 288 ) (1920 -160 288 ) (1920 -160 512 ) 
4 79 81 (1568 -128 512 ) (1568 -128 288 ) (1568 -160 288 ) (1568 -160 512 ) 
4 80 90 (1920 -1024 512 ) (1568 -1024 512 ) (1568 -1024 0 ) (1920 -1024 0 ) 
4 80 81 (1568 -160 0 ) (1568 -1024 0 ) (1568 -1024 512 ) (1568 -160 512 ) 
4 81 90 (1568 -1024 512 ) (1567.686768 -1024 512 ) (1567.686768 -1024 0 ) (1568 -1024 0 ) 
4 81 83 (1567.686768 -206.016602 0 ) (1567.686768 -1024 0 ) (1567.686768 -1024 256 ) (1567.686768 -206.016602 256 ) 
4 81 82 (1567.686768 -206.016602 256 ) (1567.686768 -1024 256 ) (1567.686768 -1024 512 ) (1567.686768 -206.016602 512 ) 
4 82 90 (1567.686768 -1024 512 ) (1535.653320 -1024 512 ) (1535.653320 -1024 256 ) (1567.686768 -1024 256 ) 
4 82 85 (1535.653320 -476.866028 512 ) (1535.653320 -326.054749 512 ) (1535.653320 -326.054688 256 ) (1535.653320 -476.866150 256 ) 
4 82 84 (1535.653320 -1024 256 ) (1535.653320 -1024 512 ) (1535.653320 -476.866028 512 ) (1535.653320 -476.866150 256 ) 
4 82 83 (1535.653320 -1024 256 ) (1535.653320 -326.054749 256 ) (1567.686768 -206.016602 256 ) (1567.686768 -1024 256 ) 
4 83 90 (1535.653320 -1024 256 ) (1535.653320 -1024 0 ) (1567.686768 -1024 0 ) (1567.686768 -1024 256 ) 
4 83 85 (1535.653320 -326.054688 0 ) (1535.653320 -476.866150 0 ) (1535.653320 -476.866028 256 ) (1535.653320 -326.054749 256 ) 
4 83 84 (1535.653320 -476.866150 0 ) (1535.653320 -1024 0 ) (1535.653320 -1024 256 ) (1535.653320 -476.866028 256 ) 
4 84 90 (1535.653320 -1024 512 ) (1218.511719 -1024 512 ) (1218.511719 -1024 0 ) (1535.653320 -1024 0 ) 
4 84 88 (1535.520020 -477.097168 0 ) (1461.049683 -605.573730 0 ) (1461.049927 -605.572754 512 ) (1535.520020 -477.097168 512 ) 
4 84 86 (1254.160889 -962.498962 0 ) (1218.512329 -1024 0 ) (1218.511230 -1024 512 ) (1254.158447 -962.501587 512 ) 
4 84 85 (1535.653320 -476.867188 512 ) (1535.653320 -476.867188 0 ) (1535.520020 -477.097168 0 ) (1535.520020 -477.097168 512 ) 
4 85 88 (1535.520020 -326.552979 0 ) (1535.520020 -477.093750 0 ) (1535.520020 -477.093750 512 ) (1535.520020 -326.553009 512 ) 
4 85 87 (1535.520020 0 0 ) (1535.520020 -202.468689 0 ) (1535.520020 -202.468719 512 ) (1535.520020 0 512 ) 
4 86 90 (1218.511719 -1024 512 ) (1192.659790 -1024 512 ) (1192.659912 -1024 0 ) (1218.511719 -1024 0 ) 
4 87 91 (1147.432251 -1024 512 ) (1024 -1024 512 ) (1024 -1024 0 ) (1147.432251 -1024 0 ) 
4 87 89 (1024 0 512 ) (1024 0 0 ) (1024 -1024 0 ) (1024 -1024 512 ) 
4 89 111 (0 0 512 ) (0 0 0 ) (0 -1024 0 ) (0 -1024 512 ) 
4 89 93 (1024 -1024 0 ) (1024 -1024 512 ) (0 -1024 512 ) (0 -1024 0 ) 
4 90 104 (1024 -1567.959961 0 ) (1024 -2048 0 ) (1024 -2048 512 ) (1024 -1567.959961 512 ) 
4 90 98 (1024 -1314.394775 0 ) (1024 -1567.959961 0 ) (1024 -1567.959961 512 ) (1024 -1314.394897 512 ) 
4 90 94 (1024 -1192.675659 0 ) (1024 -1314.394775 0 ) (1024 -1314.394897 512 ) (1024 -1192.675537 512 ) 
4 91 93 (1024 -1024 512 ) (1024 -1024 0 ) (1024 -1147.437378 0 ) (1024 -1147.437256 512 ) 
4 92 98 (712.848267 -1398.336914 0 ) (795.373291 -1376.073120 0 ) (795.372620 -1376.073730 512 ) (712.846802 -1398.337769 512 ) 
4 92 95 (795.371582 -1376.072998 512 ) (795.371582 -1376.072998 0 ) (855.397034 -1316.045166 0 ) (855.396729 -1316.045410 512 ) 
4 93 133 (0 -1535.653320 512 ) (0 -1024 512 ) (0 -1024 0 ) (0 -1535.653320 0 ) 
4 93 97 (0 -1535.653320 0 ) (128 -1535.653320 0 ) (128 -1535.653320 256 ) (0 -1535.653320 256 ) 
4 94 98 (857.321777 -1359.360474 0 ) (1024 -1314.393555 0 ) (1024 -1314.394165 512 ) (857.321045 -1359.361206 512 ) 
4 94 95 (962.432922 -1254.246094 0 ) (857.324280 -1359.360229 0 ) (857.324280 -1359.360229 512 ) (962.436096 -1254.244263 512 ) 
4 95 98 (795.373291 -1376.073120 0 ) (857.321777 -1359.360474 0 ) (857.321045 -1359.361206 512 ) (795.372620 -1376.073730 512 ) 
4 96 139 (0 -1567.959961 512 ) (0 -1567.686768 512 ) (0 -1567.686768 256 ) (0 -1567.959961 256 ) 
4 96 107 (84.113892 -1567.959961 288 ) (84.113892 -1567.959961 512 ) (0 -1567.959961 512 ) (0 -1567.959961 288 ) 
4 96 97 (85.129280 -1567.686768 256 ) (84.116638 -1567.959961 256 ) (0 -1567.959961 256 ) (0 -1567.686768 256 ) 
4 97 142 (0 -1567.686768 0 ) (0 -1567.959961 0 ) (0 -1567.959961 256 ) (0 -1567.686768 256 ) 
4 97 137 (0 -1535.653320 256 ) (0 -1535.653320 0 ) (0 -1567.686768 0 ) (0 -1567.686768 256 ) 
4 97 109 (0 -1567.959961 0 ) (84.113899 -1567.959961 0 ) (84.113892 -1567.959961 256 ) (0 -1567.959961 256 ) 
4 97 103 (84.109390 -1567.959961 256 ) (84.109375 -1567.959961 0 ) (128 -1556.119019 0 ) (128 -1556.119019 256 ) 
4 98 104 (419.021240 -1567.959961 0 ) (1024 -1567.959961 0 ) (1024 -1567.959961 512 ) (419.021240 -1567.959961 512 ) 
4 98 102 (605.092590 -1460.542603 0 ) (419.020935 -1567.959961 0 ) (419.020935 -1567.959961 256 ) (605.092590 -1460.542603 256 ) 
4 98 100 (605.092590 -1460.542603 256 ) (419.020935 -1567.959961 256 ) (419.020966 -1567.959961 512 ) (605.092651 -1460.542603 512 ) 
4 99 104 (355.074219 -1567.959961 512 ) (206.940735 -1567.959961 512 ) (206.940735 -1567.959961 256 ) (355.074219 -1567.959961 256 ) 
3 99 101 (355.074249 -1567.959961 256 ) (206.940765 -1567.959961 256 ) (485 -1492.949585 256 ) 
4 99 100 (355.074219 -1567.959961 512 ) (355.074219 -1567.959961 256 ) (485 -1492.949585 256 ) (485 -1492.949585 512 ) 
4 100 104 (419.021240 -1567.959961 256 ) (419.021240 -1567.959961 512 ) (355.074219 -1567.959961 512 ) (355.074219 -1567.959961 256 ) 
4 100 102 (605.095032 -1460.541992 256 ) (419.021790 -1567.959961 256 ) (355.074249 -1567.959961 256 ) (485 -1492.949951 256 ) 
4 101 104 (206.940643 -1567.959961 0 ) (355.074219 -1567.959961 0 ) (355.074219 -1567.959961 256 ) (206.940643 -1567.959961 256 ) 
4 101 102 (485.001465 -1492.949463 256 ) (355.074585 -1567.959961 256 ) (355.074585 -1567.959961 0 ) (485.001465 -1492.949463 0 ) 
4 102 104 (355.074219 -1567.959961 0 ) (419.021240 -1567.959961 0 ) (419.021240 -1567.959961 256 ) (355.074219 -1567.959961 256 ) 
4 103 109 (84.113899 -1567.959961 0 ) (128 -1567.959961 0 ) (128 -1567.959961 256 ) (84.113892 -1567.959961 256 ) 
4 104 105 (160 -1567.959961 512 ) (160 -1567.959961 288 ) (160 -1920 288 ) (160 -1920 512 ) 
4 104 106 (160 -1920 0 ) (160 -2048 0 ) (160 -2048 512 ) (160 -1920 512 ) 
4 105 107 (128 -1567.959961 512 ) (128 -1567.959961 288 ) (128 -1920 288 ) (128 -1920 512 ) 
4 105 106 (128 -1920 512 ) (128 -1920 288 ) (160 -1920 288 ) (160 -1920 512 ) 
4 106 110 (128 -1920 0 ) (128 -2048 0 ) (128 -2048 256 ) (128 -1920 256 ) 
4 106 108 (128 -2048 256 ) (128 -2048 512 ) (128 -1920 512 ) (128 -1920 256 ) 
4 107 140 (0 -1920 512 ) (0 -1567.959961 512 ) (0 -1567.959961 288 ) (0 -1920 288 ) 
4 107 108 (128 -1920 288 ) (128 -1920 512 ) (0 -1920 512 ) (0 -1920 288 ) 
4 108 141 (0 -2048 256 ) (0 -2048 512 ) (0 -1920 512 ) (0 -1920 256 ) 
4 108 110 (128 -1920 256 ) (128 -2048 256 ) (0 -2048 256 ) (0 -1920 256 ) 
4 109 142 (0 -1888 256 ) (0 -1567.959961 256 ) (0 -1567.959961 0 ) (0 -1888 0 ) 
4 110 143 (0 -2048 0 ) (0 -2048 256 ) (0 -1920 256 ) (0 -1920 0 ) 
4 111 133 (0 -1024 0 ) (0 -1024 512 ) (-1024 -1024 512 ) (-1024 -1024 0 ) 
4 111 113 (-1024 0 512 ) (-1024 0 0 ) (-1024 -1024 0 ) (-1024 -1024 512 ) 
4 112 118 (-1398.339478 -712.850708 0 ) (-1376.078003 -795.368408 0 ) (-1376.076294 -795.370117 512 ) (-1398.337402 -712.854309 512 ) 
4 112 115 (-1376.078735 -795.367737 512 ) (-1376.078735 -795.367676 0 ) (-1316.037109 -855.406921 0 ) (-1316.036987 -855.407104 512 ) 
4 113 149 (-1024 -1024 0 ) (-1024 -1024 512 ) (-1147.437256 -1024 512 ) (-1147.437256 -1024 0 ) 
4 113 117 (-1535.653320 0 0 ) (-1535.653320 -128 0 ) (-1535.653320 -128 256 ) (-1535.653320 0 256 ) 
4 114 150 (-1295.775391 -1024 512 ) (-1314.397705 -1024 512 ) (-1314.397583 -1024 0 ) (-1295.775513 -1024 0 ) 
4 114 148 (-1192.675659 -1024 512 ) (-1295.775391 -1024 512 ) (-1295.775513 -1024 0 ) (-1192.675537 -1024 0 ) 
4 114 118 (-1359.365723 -857.316528 0 ) (-1314.398071 -1024 0 ) (-1314.396484 -1024 512 ) (-1359.363892 -857.318359 512 ) 
4 114 115 (-1254.240356 -962.438660 0 ) (-1359.363037 -857.321411 0 ) (-1359.363037 -857.321472 512 ) (-1254.238647 -962.441650 512 ) 
4 115 118 (-1376.078003 -795.368408 0 ) (-1359.365723 -857.316528 0 ) (-1359.363892 -857.318359 512 ) (-1376.076294 -795.370117 512 ) 
4 116 124 (-1567.959961 -84.109497 288 ) (-1567.959961 -84.109497 512 ) (-1567.959961 0 512 ) (-1567.959961 0 288 ) 
4 116 117 (-1567.686768 -85.127426 256 ) (-1567.959961 -84.114761 256 ) (-1567.959961 0 256 ) (-1567.686768 0 256 ) 
4 117 126 (-1567.959961 0 0 ) (-1567.959961 -84.109505 0 ) (-1567.959961 -84.109497 256 ) (-1567.959961 0 256 ) 
4 117 121 (-1567.959961 -84.111259 256 ) (-1567.959961 -84.111328 0 ) (-1556.119751 -128 0 ) (-1556.119629 -128 256 ) 
4 118 150 (-1314.397705 -1024 512 ) (-1567.959961 -1024 512 ) (-1567.959961 -1024 0 ) (-1314.397583 -1024 0 ) 
4 118 129 (-1567.959961 -419.051178 0 ) (-1567.959961 -1024 0 ) (-1567.959961 -1024 512 ) (-1567.959961 -419.051208 512 ) 
4 118 123 (-1460.533081 -605.127686 0 ) (-1567.959961 -419.054657 0 ) (-1567.959961 -419.054657 256 ) (-1460.533081 -605.127686 256 ) 
4 118 120 (-1460.533081 -605.127686 256 ) (-1567.959961 -419.054657 256 ) (-1567.959961 -419.054657 512 ) (-1460.533081 -605.127747 512 ) 
4 119 129 (-1567.959961 -355.073792 512 ) (-1567.959961 -206.945526 512 ) (-1567.959961 -206.945526 256 ) (-1567.959961 -355.073792 256 ) 
3 119 122 (-1567.959961 -355.073822 256 ) (-1567.959961 -206.945633 256 ) (-1492.950073 -485 256 ) 
4 119 120 (-1567.959961 -355.078094 512 ) (-1567.959961 -355.078125 256 ) (-1492.948853 -485.004089 256 ) (-1492.948975 -485.003937 512 ) 
4 120 129 (-1567.959961 -419.051208 256 ) (-1567.959961 -419.051208 512 ) (-1567.959961 -355.073792 512 ) (-1567.959961 -355.073792 256 ) 
4 120 123 (-1460.537109 -605.112732 256 ) (-1567.959961 -419.045593 256 ) (-1567.959961 -355.073822 256 ) (-1492.949951 -485 256 ) 
4 121 126 (-1567.959961 -84.109505 0 ) (-1567.959961 -128 0 ) (-1567.959961 -128 256 ) (-1567.959961 -84.109497 256 ) 
4 122 129 (-1567.959961 -206.945511 0 ) (-1567.959961 -355.073975 0 ) (-1567.959961 -355.073822 256 ) (-1567.959961 -206.945618 256 ) 
4 122 123 (-1492.951538 -484.993927 256 ) (-1567.959961 -355.070923 256 ) (-1567.959961 -355.070923 0 ) (-1492.951538 -484.993896 0 ) 
4 123 129 (-1567.959961 -355.073975 0 ) (-1567.959961 -419.051178 0 ) (-1567.959961 -419.051208 256 ) (-1567.959961 -355.073822 256 ) 
4 124 128 (-1567.959961 -128 288 ) (-1567.959961 -128 512 ) (-1920 -128 512 ) (-1920 -128 288 ) 
4 124 125 (-1920 -128 288 ) (-1920 -128 512 ) (-1920 0 512 ) (-1920 0 288 ) 
4 125 130 (-1920 -128 512 ) (-2048 -128 512 ) (-2048 -128 256 ) (-1920 -128 256 ) 
4 125 127 (-1920 -128 256 ) (-2048 -128 256 ) (-2048 0 256 ) (-1920 0 256 ) 
4 127 130 (-2048 -128 0 ) (-1920 -128 0 ) (-1920 -128 256 ) (-2048 -128 256 ) 
4 128 129 (-1920 -160 512 ) (-1920 -160 288 ) (-1567.959961 -160 288 ) (-1567.959961 -160 512 ) 
4 128 130 (-1920 -128 512 ) (-1920 -128 288 ) (-1920 -160 288 ) (-1920 -160 512 ) 
4 129 150 (-1567.959961 -1024 512 ) (-1920 -1024 512 ) (-1920 -1024 0 ) (-1567.959961 -1024 0 ) 
4 129 130 (-1920 -160 0 ) (-1920 -1024 0 ) (-1920 -1024 512 ) (-1920 -160 512 ) 
4 130 150 (-1920 -1024 512 ) (-2048 -1024 512 ) (-2048 -1024 0 ) (-1920 -1024 0 ) 
4 131 150 (-1024 -1218.512695 0 ) (-1024 -1535.653320 0 ) (-1024 -1535.653320 512 ) (-1024 -1218.512695 512 ) 
4 131 138 (-1024 -1535.653320 0 ) (-476.862732 -1535.653320 0 ) (-476.862732 -1535.653320 256 ) (-1024 -1535.653320 256 ) 
4 131 136 (-476.862732 -1535.653320 256 ) (-476.862732 -1535.653320 512 ) (-1024 -1535.653320 512 ) (-1024 -1535.653320 256 ) 
4 131 134 (-477.095215 -1535.520020 0 ) (-605.572144 -1461.050049 0 ) (-605.571960 -1461.050171 512 ) (-477.095215 -1535.520020 512 ) 
4 131 132 (-962.495605 -1254.164185 0 ) (-1024 -1218.514038 0 ) (-1024 -1218.513672 512 ) (-962.496704 -1254.163330 512 ) 
4 131 135 (-476.865234 -1535.653320 512 ) (-476.865234 -1535.653320 0 ) (-477.095215 -1535.520020 0 ) (-477.095215 -1535.520020 512 ) 
4 132 150 (-1024 -1192.659790 0 ) (-1024 -1218.512695 0 ) (-1024 -1218.512695 512 ) (-1024 -1192.659790 512 ) 
4 133 149 (-1024 -1024 512 ) (-1024 -1024 0 ) (-1024 -1147.432251 0 ) (-1024 -1147.432251 512 ) 
4 133 135 (-202.467499 -1535.520020 0 ) (0 -1535.520020 0 ) (0 -1535.520020 512 ) (-202.467499 -1535.520020 512 ) 
4 134 135 (-477.095703 -1535.520020 512 ) (-477.095703 -1535.520020 0 ) (-326.552917 -1535.520020 0 ) (-326.552887 -1535.520020 512 ) 
4 135 138 (-476.862732 -1535.653320 0 ) (-326.053772 -1535.653320 0 ) (-326.053772 -1535.653320 256 ) (-476.862732 -1535.653320 256 ) 
4 135 137 (-128 -1535.653320 0 ) (0 -1535.653320 0 ) (0 -1535.653320 256 ) (-128 -1535.653320 256 ) 
4 135 136 (-326.053650 -1535.653320 512 ) (-476.862732 -1535.653320 512 ) (-476.862732 -1535.653320 256 ) (-326.053650 -1535.653320 256 ) 
4 136 150 (-1024 -1567.686768 256 ) (-1024 -1567.686768 512 ) (-1024 -1535.653320 512 ) (-1024 -1535.653320 256 ) 
4 136 147 (-206.018326 -1567.686768 512 ) (-1024 -1567.686768 512 ) (-1024 -1567.686768 256 ) (-206.018311 -1567.686768 256 ) 
4 136 138 (-206.018326 -1567.686768 256 ) (-1024 -1567.686768 256 ) (-1024 -1535.653320 256 ) (-326.053589 -1535.653320 256 ) 
4 137 142 (-128 -1567.686768 0 ) (0 -1567.686768 0 ) (0 -1567.686768 256 ) (-128 -1567.686768 256 ) 
4 138 150 (-1024 -1535.653320 0 ) (-1024 -1567.686768 0 ) (-1024 -1567.686768 256 ) (-1024 -1535.653320 256 ) 
4 138 147 (-1024 -1567.686768 0 ) (-206.018555 -1567.686768 0 ) (-206.018524 -1567.686768 256 ) (-1024 -1567.686768 256 ) 
4 139 144 (-128 -1567.686768 512 ) (-128 -1567.686768 256 ) (-128 -1568 256 ) (-128 -1568 512 ) 
4 139 142 (-128 -1568 256 ) (-128 -1567.686768 256 ) (0 -1567.686768 256 ) (0 -1568 256 ) 
4 139 140 (-128 -1568 512 ) (-128 -1568 288 ) (0 -1568 288 ) (0 -1568 512 ) 
4 140 145 (-128 -1920 288 ) (-128 -1920 512 ) (-128 -1568 512 ) (-128 -1568 288 ) 
4 140 141 (-128 -1920 512 ) (-128 -1920 288 ) (0 -1920 288 ) (0 -1920 512 ) 
4 141 146 (-128 -1920 256 ) (-128 -2048 256 ) (-128 -2048 512 ) (-128 -1920 512 ) 
4 141 143 (0 -2048 256 ) (-128 -2048 256 ) (-128 -1920 256 ) (0 -1920 256 ) 
4 142 144 (-128 -1567.686768 256 ) (-128 -1567.686768 0 ) (-128 -1568 0 ) (-128 -1568 256 ) 
4 143 146 (-128 -1920 0 ) (-128 -2048 0 ) (-128 -2048 256 ) (-128 -1920 256 ) 
4 144 145 (-160 -1568 512 ) (-160 -1568 288 ) (-128 -1568 288 ) (-128 -1568 512 ) 
4 144 147 (-160 -1567.686768 512 ) (-160 -1567.686768 0 ) (-160 -1568 0 ) (-160 -1568 512 ) 
4 145 147 (-160 -1920 288 ) (-160 -1920 512 ) (-160 -1568 512 ) (-160 -1568 288 ) 
4 145 146 (-160 -1920 512 ) (-160 -1920 288 ) (-128 -1920 288 ) (-128 -1920 512 ) 
4 146 147 (-160 -1920 0 ) (-160 -2048 0 ) (-160 -2048 512 ) (-160 -1920 512 ) 
4 147 150 (-1024 -1567.686768 0 ) (-1024 -2048 0 ) (-1024 -2048 512 ) (-1024 -1567.686768 512 ) 
4 148 150 (-1295.771851 -1024 0 ) (-1050.498169 -1166.171753 0 ) (-1050.498169 -1166.171753 512 ) (-1295.772217 -1024 512 ) 
