PRT1
434
1192
4 0 29 (2336 2048 2912 ) (2112 2048 2912 ) (2112 2048 -96 ) (2336 2048 -96 ) 
4 0 3 (2112 2048 -96 ) (2112 2048 96 ) (2112 2112 96 ) (2112 2112 -96 ) 
4 0 2 (2112 2048 2016 ) (2112 2048 2912 ) (2112 2112 2912 ) (2112 2112 2016 ) 
4 0 1 (2112 2112 2912 ) (2112 2336 2912 ) (2112 2336 -96 ) (2112 2112 -96 ) 
4 1 4 (2048 2112 -96 ) (2048 2112 2912 ) (2048 2336 2912 ) (2048 2336 -96 ) 
4 1 3 (2112 2112 -96 ) (2112 2112 96 ) (2048 2112 96 ) (2048 2112 -96 ) 
4 1 2 (2112 2112 2016 ) (2112 2112 2912 ) (2048 2112 2912 ) (2048 2112 2016 ) 
4 2 30 (2112 2048 2016 ) (2112 2048 2912 ) (2048 2048 2912 ) (2048 2048 2016 ) 
4 2 5 (2048 2048 2016 ) (2048 2048 2912 ) (2048 2112 2912 ) (2048 2112 2016 ) 
4 3 31 (2112 2048 -96 ) (2112 2048 96 ) (2048 2048 96 ) (2048 2048 -96 ) 
4 3 6 (2048 2048 -96 ) (2048 2048 96 ) (2048 2112 96 ) (2048 2112 -96 ) 
4 4 25 (1024 2112 -96 ) (1024 2112 160 ) (1024 2336 160 ) (1024 2336 -96 ) 
4 4 17 (1024 2112 160 ) (1024 2112 1184 ) (1024 2336 1184 ) (1024 2336 160 ) 
4 4 13 (1024 2112 1184 ) (1024 2112 1568 ) (1024 2336 1568 ) (1024 2336 1184 ) 
4 4 8 (1024 2112 1568 ) (1024 2112 2016 ) (1024 2336 2016 ) (1024 2336 1568 ) 
4 4 7 (1024 2112 2016 ) (1024 2112 2912 ) (1024 2336 2912 ) (1024 2336 2016 ) 
4 4 6 (2048 2112 -96 ) (2048 2112 96 ) (1024 2112 96 ) (1024 2112 -96 ) 
4 4 5 (2048 2112 2016 ) (2048 2112 2912 ) (1024 2112 2912 ) (1024 2112 2016 ) 
4 5 55 (1536 2048 2912 ) (1024 2048 2912 ) (1024 2048 2016 ) (1536 2048 2016 ) 
4 5 54 (2048 2048 2016 ) (2048 2048 2912 ) (1536 2048 2912 ) (1536 2048 2016 ) 
4 5 7 (1024 2048 2016 ) (1024 2048 2912 ) (1024 2112 2912 ) (1024 2112 2016 ) 
4 6 61 (1536 2048 96 ) (1024 2048 96 ) (1024 2048 -96 ) (1536 2048 -96 ) 
4 6 60 (2048 2048 -96 ) (2048 2048 96 ) (1536 2048 96 ) (1536 2048 -96 ) 
4 6 28 (1024 2048 -96 ) (1024 2048 96 ) (1024 2112 96 ) (1024 2112 -96 ) 
4 7 105 (0 2048 2016 ) (0 2048 2912 ) (0 2336 2912 ) (0 2336 2016 ) 
4 7 62 (1024 2048 2016 ) (1024 2048 2912 ) (0 2048 2912 ) (0 2048 2016 ) 
4 7 9 (0 2112 2016 ) (0 2336 2016 ) (192 2336 2016 ) (192 2112 2016 ) 
4 7 8 (192 2336 2016 ) (1024 2336 2016 ) (1024 2112 2016 ) (192 2112 2016 ) 
4 8 13 (192 2336 1568 ) (1024 2336 1568 ) (1024 2112 1568 ) (192 2112 1568 ) 
4 8 12 (192 2144 1568 ) (192 2112 1568 ) (192 2112 1696 ) (192 2144 1696 ) 
4 8 10 (192 2336 1568 ) (192 2144 1568 ) (192 2144 1696 ) (192 2336 1696 ) 
4 8 9 (192 2112 1696 ) (192 2112 2016 ) (192 2336 2016 ) (192 2336 1696 ) 
4 9 106 (0 2112 2016 ) (0 2336 2016 ) (0 2336 1696 ) (0 2112 1696 ) 
5 9 12 (96 2336 1696 ) (128 2336 1696 ) (192 2144 1696 ) (192 2112 1696 ) (170.666656 2112 1696 ) 
4 9 11 (0 2336 1696 ) (96 2336 1696 ) (170.666656 2112 1696 ) (0 2112 1696 ) 
3 9 10 (128 2336 1696 ) (192 2336 1696 ) (192 2144 1696 ) 
3 10 14 (128 2336 1568 ) (192 2336 1568 ) (192 2144 1568 ) 
4 10 12 (127.998047 2336 1568 ) (192 2143.996094 1568 ) (192 2143.996094 1696 ) (127.998703 2336 1696 ) 
4 11 107 (0 2336 1696 ) (0 2336 1568 ) (0 2112 1568 ) (0 2112 1696 ) 
4 11 15 (0 2336 1568 ) (96 2336 1568 ) (170.666656 2112 1568 ) (0 2112 1568 ) 
4 11 12 (96 2336 1696 ) (170.666016 2112 1696 ) (170.666016 2112 1568 ) (96 2336 1568 ) 
5 12 16 (96 2336 1568 ) (128 2336 1568 ) (192 2144 1568 ) (192 2112 1568 ) (170.666656 2112 1568 ) 
4 13 17 (1024 2336 1184 ) (1024 2112 1184 ) (192 2112 1184 ) (192 2336 1184 ) 
4 13 16 (192 2112 1568 ) (192 2144 1568 ) (192 2144 1184 ) (192 2112 1184 ) 
4 13 14 (192 2144 1568 ) (192 2336 1568 ) (192 2336 1184 ) (192 2144 1184 ) 
3 14 18 (128 2336 1184 ) (192 2336 1184 ) (192 2144 1184 ) 
4 14 16 (192 2143.998047 1184 ) (192 2143.998047 1568 ) (128 2336 1568 ) (128 2336 1184 ) 
4 15 111 (0 2048 1184 ) (0 2048 1568 ) (0 2336 1568 ) (0 2336 1184 ) 
4 15 62 (192 2048 1568 ) (0 2048 1568 ) (0 2048 1184 ) (192 2048 1184 ) 
4 15 18 (0 2112 1184 ) (0 2336 1184 ) (96 2336 1184 ) (170.666626 2112 1184 ) 
4 15 16 (192 2048 1568 ) (192 2048 1184 ) (96 2336 1184 ) (96 2336 1568 ) 
5 16 18 (170.666626 2112 1184 ) (96 2336 1184 ) (128 2336 1184 ) (192 2144 1184 ) (192 2112 1184 ) 
4 17 25 (192 2336 160 ) (1024 2336 160 ) (1024 2112 160 ) (192 2112 160 ) 
4 17 22 (192 2144 160 ) (192 2112 160 ) (192 2112 672 ) (192 2144 672 ) 
4 17 20 (192 2336 672 ) (192 2336 160 ) (192 2144 160 ) (192 2144 672 ) 
4 17 19 (192 2336 1152 ) (192 2336 672 ) (192 2112 672 ) (192 2112 1152 ) 
4 17 18 (192 2336 1184 ) (192 2336 1152 ) (192 2112 1152 ) (192 2112 1184 ) 
4 18 115 (0 2112 1184 ) (0 2336 1184 ) (0 2336 1152 ) (0 2112 1152 ) 
4 18 19 (0 2336 1152 ) (192 2336 1152 ) (192 2112 1152 ) (0 2112 1152 ) 
4 19 116 (0 2336 1152 ) (0 2336 672 ) (0 2112 672 ) (0 2112 1152 ) 
5 19 22 (96 2336 672 ) (128 2336 672 ) (192 2144 672 ) (192 2112 672 ) (170.666656 2112 672 ) 
4 19 21 (0 2336 672 ) (96 2336 672 ) (170.666656 2112 672 ) (0 2112 672 ) 
3 19 20 (128 2336 672 ) (192 2336 672 ) (192 2144 672 ) 
3 20 26 (128 2336 160 ) (192 2336 160 ) (192 2144 160 ) 
4 20 22 (127.998047 2336 160 ) (192 2143.996094 160 ) (192 2143.996094 672 ) (127.998703 2336 672 ) 
4 21 117 (0 2336 672 ) (0 2336 160 ) (0 2112 160 ) (0 2112 672 ) 
4 21 26 (0 2336 160 ) (96 2336 160 ) (170.666656 2112 160 ) (0 2112 160 ) 
4 21 23 (0 2112 160 ) (170.666656 2112 160 ) (170.666656 2112 544 ) (0 2112 544 ) 
4 21 22 (96 2336 672 ) (170.666016 2112 672 ) (170.666016 2112 160 ) (96 2336 160 ) 
5 22 26 (96 2336 160 ) (128 2336 160 ) (192 2144 160 ) (192 2112 160 ) (170.666656 2112 160 ) 
4 22 24 (170.666656 2112 160 ) (192 2112 160 ) (192 2112 544 ) (170.666656 2112 544 ) 
4 23 121 (0 2048 160 ) (0 2048 544 ) (0 2112 544 ) (0 2112 160 ) 
4 23 62 (0 2048 544 ) (0 2048 160 ) (192 2048 160 ) (192 2048 544 ) 
4 23 24 (170.666016 2112 160 ) (170.666016 2112 544 ) (192 2048 544 ) (192 2048 160 ) 
4 25 28 (192 2112 96 ) (192 2112 -96 ) (1024 2112 -96 ) (1024 2112 96 ) 
4 25 27 (192 2336 -96 ) (192 2112 -96 ) (192 2112 128 ) (192 2336 128 ) 
4 25 26 (192 2112 128 ) (192 2112 160 ) (192 2336 160 ) (192 2336 128 ) 
4 26 123 (0 2112 128 ) (0 2112 160 ) (0 2336 160 ) (0 2336 128 ) 
4 26 27 (0 2336 128 ) (192 2336 128 ) (192 2112 128 ) (0 2112 128 ) 
4 27 124 (0 2112 -96 ) (0 2112 128 ) (0 2336 128 ) (0 2336 -96 ) 
4 27 28 (0 2112 96 ) (0 2112 -96 ) (192 2112 -96 ) (192 2112 96 ) 
4 28 126 (0 2048 -96 ) (0 2048 96 ) (0 2112 96 ) (0 2112 -96 ) 
4 28 66 (1024 2048 -96 ) (1024 2048 96 ) (0 2048 96 ) (0 2048 -96 ) 
4 29 50 (2112 1024 160 ) (2112 1024 -96 ) (2336 1024 -96 ) (2336 1024 160 ) 
4 29 42 (2112 1024 1184 ) (2112 1024 160 ) (2336 1024 160 ) (2336 1024 1184 ) 
4 29 38 (2112 1024 1568 ) (2112 1024 1184 ) (2336 1024 1184 ) (2336 1024 1568 ) 
4 29 33 (2112 1024 2016 ) (2112 1024 1568 ) (2336 1024 1568 ) (2336 1024 2016 ) 
4 29 32 (2336 1024 2912 ) (2112 1024 2912 ) (2112 1024 2016 ) (2336 1024 2016 ) 
4 29 31 (2112 1024 -96 ) (2112 1024 96 ) (2112 2048 96 ) (2112 2048 -96 ) 
4 29 30 (2112 1024 2016 ) (2112 1024 2912 ) (2112 2048 2912 ) (2112 2048 2016 ) 
4 30 54 (2048 2048 2912 ) (2048 2048 2016 ) (2048 1024 2016 ) (2048 1024 2912 ) 
4 30 32 (2112 1024 2016 ) (2112 1024 2912 ) (2048 1024 2912 ) (2048 1024 2016 ) 
5 31 60 (2048 2048 96 ) (2048 2048 -96 ) (2048 1024 -96 ) (2048 1024 64 ) (2048 1194.666748 96 ) 
3 31 57 (2048 1024 64 ) (2048 1024 96 ) (2048 1194.666748 96 ) 
4 31 53 (2112 1024 -96 ) (2112 1024 96 ) (2048 1024 96 ) (2048 1024 -96 ) 
4 32 215 (2336 0 2912 ) (2048 0 2912 ) (2048 0 2016 ) (2336 0 2016 ) 
4 32 67 (2048 0 2016 ) (2048 0 2912 ) (2048 1024 2912 ) (2048 1024 2016 ) 
4 32 34 (2336 192 2016 ) (2336 0 2016 ) (2112 0 2016 ) (2112 192 2016 ) 
4 32 33 (2112 1024 2016 ) (2336 1024 2016 ) (2336 192 2016 ) (2112 192 2016 ) 
4 33 38 (2336 1024 1568 ) (2336 192 1568 ) (2112 192 1568 ) (2112 1024 1568 ) 
4 33 37 (2112 192 1696 ) (2112 192 1568 ) (2144 192 1568 ) (2144 192 1696 ) 
4 33 35 (2144 192 1568 ) (2336 192 1568 ) (2336 192 1696 ) (2144 192 1696 ) 
4 33 34 (2112 192 2016 ) (2112 192 1696 ) (2336 192 1696 ) (2336 192 2016 ) 
4 34 216 (2336 0 1696 ) (2336 0 2016 ) (2112 0 2016 ) (2112 0 1696 ) 
5 34 37 (2112 170.666718 1696 ) (2112 192 1696 ) (2144 192 1696 ) (2336 128 1696 ) (2336 96 1696 ) 
4 34 36 (2112 0 1696 ) (2112 170.666718 1696 ) (2336 96 1696 ) (2336 0 1696 ) 
3 34 35 (2144 192 1696 ) (2336 192 1696 ) (2336 128 1696 ) 
3 35 39 (2336 192 1568 ) (2336 128 1568 ) (2144 192 1568 ) 
4 35 37 (2336 128 1696 ) (2144 192 1696 ) (2144 192 1568 ) (2336 128 1568 ) 
4 36 218 (2112 0 1568 ) (2336 0 1568 ) (2336 0 1696 ) (2112 0 1696 ) 
4 36 40 (2336 96 1568 ) (2336 0 1568 ) (2112 0 1568 ) (2112 170.666718 1568 ) 
4 36 37 (2336 96 1568 ) (2112 170.666702 1568 ) (2112 170.666702 1696 ) (2336 96 1696 ) 
5 37 41 (2336 128 1568 ) (2336 96 1568 ) (2112 170.666718 1568 ) (2112 192 1568 ) (2144 192 1568 ) 
4 38 42 (2112 1024 1184 ) (2336 1024 1184 ) (2336 192 1184 ) (2112 192 1184 ) 
4 38 41 (2112 192 1184 ) (2144 192 1184 ) (2144 192 1568 ) (2112 192 1568 ) 
4 38 39 (2144 192 1184 ) (2336 192 1184 ) (2336 192 1568 ) (2144 192 1568 ) 
3 39 43 (2144 192 1184 ) (2336 192 1184 ) (2336 128 1184 ) 
4 39 41 (2143.998047 192 1568 ) (2143.998047 192 1184 ) (2336 128 1184 ) (2336 128 1568 ) 
4 40 222 (2048 0 1568 ) (2048 0 1184 ) (2336 0 1184 ) (2336 0 1568 ) 
4 40 67 (2048 0 1184 ) (2048 0 1568 ) (2048 192 1568 ) (2048 192 1184 ) 
4 40 43 (2336 0 1184 ) (2112 0 1184 ) (2112 170.666718 1184 ) (2336 96 1184 ) 
4 40 41 (2048 192 1184 ) (2048 192 1568 ) (2336 96 1568 ) (2336 96 1184 ) 
5 41 43 (2112 192 1184 ) (2144 192 1184 ) (2336 128 1184 ) (2336 96 1184 ) (2112 170.666718 1184 ) 
4 42 50 (2336 1024 160 ) (2336 192 160 ) (2112 192 160 ) (2112 1024 160 ) 
4 42 47 (2112 192 672 ) (2112 192 160 ) (2144 192 160 ) (2144 192 672 ) 
4 42 45 (2144 192 160 ) (2336 192 160 ) (2336 192 672 ) (2144 192 672 ) 
4 42 44 (2112 192 1152 ) (2112 192 672 ) (2336 192 672 ) (2336 192 1152 ) 
4 42 43 (2112 192 1184 ) (2112 192 1152 ) (2336 192 1152 ) (2336 192 1184 ) 
4 43 225 (2336 0 1152 ) (2336 0 1184 ) (2112 0 1184 ) (2112 0 1152 ) 
4 43 44 (2112 0 1152 ) (2112 192 1152 ) (2336 192 1152 ) (2336 0 1152 ) 
4 44 226 (2336 0 672 ) (2336 0 1152 ) (2112 0 1152 ) (2112 0 672 ) 
5 44 47 (2112 170.666718 672 ) (2112 192 672 ) (2144 192 672 ) (2336 128 672 ) (2336 96 672 ) 
4 44 46 (2112 0 672 ) (2112 170.666718 672 ) (2336 96 672 ) (2336 0 672 ) 
3 44 45 (2144 192 672 ) (2336 192 672 ) (2336 128 672 ) 
3 45 51 (2336 192 160 ) (2336 128 160 ) (2144 192 160 ) 
4 45 47 (2336 128 672 ) (2144 192 672 ) (2144 192 160 ) (2336 128 160 ) 
4 46 228 (2336 0 160 ) (2336 0 672 ) (2112 0 672 ) (2112 0 160 ) 
4 46 51 (2336 96 160 ) (2336 0 160 ) (2112 0 160 ) (2112 170.666718 160 ) 
4 46 48 (2112 170.666718 160 ) (2112 0 160 ) (2112 0 544 ) (2112 170.666718 544 ) 
4 46 47 (2336 96 160 ) (2112 170.666702 160 ) (2112 170.666702 672 ) (2336 96 672 ) 
5 47 51 (2336 128 160 ) (2336 96 160 ) (2112 170.666718 160 ) (2112 192 160 ) (2144 192 160 ) 
4 47 49 (2112 192 160 ) (2112 170.666718 160 ) (2112 170.666718 544 ) (2112 192 544 ) 
4 48 231 (2048 0 544 ) (2048 0 160 ) (2112 0 160 ) (2112 0 544 ) 
4 48 67 (2048 0 160 ) (2048 0 544 ) (2048 192 544 ) (2048 192 160 ) 
4 48 49 (2048 192 160 ) (2048 192 544 ) (2112 170.666702 544 ) (2112 170.666702 160 ) 
4 50 53 (2112 1024 96 ) (2112 1024 -96 ) (2112 192 -96 ) (2112 192 96 ) 
4 50 52 (2112 192 128 ) (2112 192 -96 ) (2336 192 -96 ) (2336 192 128 ) 
4 50 51 (2112 192 160 ) (2112 192 128 ) (2336 192 128 ) (2336 192 160 ) 
4 51 233 (2336 0 128 ) (2336 0 160 ) (2112 0 160 ) (2112 0 128 ) 
4 51 52 (2112 0 128 ) (2112 192 128 ) (2336 192 128 ) (2336 0 128 ) 
4 52 234 (2336 0 -96 ) (2336 0 128 ) (2112 0 128 ) (2112 0 -96 ) 
4 52 53 (2112 192 96 ) (2112 192 -96 ) (2112 0 -96 ) (2112 0 96 ) 
4 53 236 (2112 0 -96 ) (2112 0 96 ) (2048 0 96 ) (2048 0 -96 ) 
4 53 71 (2048 0 -96 ) (2048 0 96 ) (2048 1024 96 ) (2048 1024 -96 ) 
4 54 67 (2048 1024 160 ) (2048 1024 2912 ) (1536 1024 2912 ) (1536 1024 160 ) 
3 54 56 (1536 2048 256 ) (1536 2048 160 ) (1536 1536 160 ) 
5 54 55 (1536 2048 2912 ) (1536 2048 256 ) (1536 1536 160 ) (1536 1024 160 ) (1536 1024 2912 ) 
5 55 68 (1024 1024 2912 ) (1024 1024 96 ) (1194.666748 1024 96 ) (1536 1024 160 ) (1536 1024 2912 ) 
5 55 63 (1024 1536 160 ) (1024 1194.666626 96 ) (1024 1024 96 ) (1024 1024 2912 ) (1024 1536 2912 ) 
4 55 62 (1024 2048 2912 ) (1024 2048 256 ) (1024 1536 160 ) (1024 1536 2912 ) 
4 55 58 (1194.666748 1024 96 ) (1024 1024 96 ) (1024 1194.666748 96 ) (1194.666748 1194.666748 96 ) 
5 55 56 (1024 2048 256 ) (1536 2048 256 ) (1536 1536.001221 160 ) (1535.998779 1536 160 ) (1024 1536 160 ) 
3 56 62 (1024 2048 256 ) (1024 2048 160 ) (1024 1536 160 ) 
4 57 71 (2048 1024 64 ) (2048 1024 96 ) (1536 1024 96 ) (1536 1024 64 ) 
4 57 60 (1536 1194.667969 96 ) (2048 1194.667969 96 ) (2048 1024 64 ) (1536 1024 64 ) 
4 58 69 (1194.666748 1024 96 ) (1024 1024 96 ) (1024 1024 80 ) (1109.333374 1024 80 ) 
4 58 64 (1024 1024 80 ) (1024 1024 96 ) (1024 1194.666748 96 ) (1024 1109.333374 80 ) 
4 58 59 (1024 1024 80 ) (1024 1109.332031 80 ) (1109.333374 1109.332031 80 ) (1109.333252 1024 80 ) 
3 59 70 (1024 1024 80 ) (1024 1024 64 ) (1109.333252 1024 80 ) 
3 59 65 (1024 1024 64 ) (1024 1024 80 ) (1024 1109.333374 80 ) 
4 60 71 (2048 1024 -96 ) (2048 1024 64 ) (1536 1024 64 ) (1536 1024 -96 ) 
4 60 61 (1536 2048 -96 ) (1536 1536 -96 ) (1536 1536 96 ) (1536 2048 96 ) 
4 61 66 (1024 2048 96 ) (1024 2048 -96 ) (1024 1536 -96 ) (1024 1536 96 ) 
4 62 135 (0 2048 2912 ) (0 2048 160 ) (0 1536 160 ) (0 1536 2912 ) 
4 62 63 (0 1536 2912 ) (0 1536 160 ) (1024 1536 160 ) (1024 1536 2912 ) 
5 63 136 (0 1024 96 ) (0 1024 2912 ) (0 1536 2912 ) (0 1536 160 ) (0 1194.666748 96 ) 
4 63 95 (256 1024 160 ) (0 1024 160 ) (0 1024 96 ) (256 1024 96 ) 
4 63 94 (1024 1024 96 ) (1024 1024 160 ) (256 1024 160 ) (256 1024 96 ) 
4 63 93 (128 1024 416 ) (0 1024 416 ) (0 1024 160 ) (128 1024 160 ) 
4 63 92 (256 1024 416 ) (128 1024 416 ) (128 1024 160 ) (256 1024 160 ) 
4 63 91 (512 1024 416 ) (256 1024 416 ) (256 1024 160 ) (512 1024 160 ) 
4 63 90 (1024 1024 160 ) (1024 1024 416 ) (512 1024 416 ) (512 1024 160 ) 
4 63 78 (512 1024 2272 ) (0 1024 2272 ) (0 1024 416 ) (512 1024 416 ) 
4 63 77 (1024 1024 416 ) (1024 1024 2272 ) (512 1024 2272 ) (512 1024 416 ) 
5 63 75 (512 1024 2400 ) (0 1024 2400 ) (0 1024 2272 ) (512 1024 2272 ) (576 1024 2336 ) 
3 63 74 (512 1024 2272 ) (640 1024 2272 ) (576 1024 2336 ) 
4 63 73 (1024 1024 2272 ) (1024 1024 2400 ) (512 1024 2400 ) (640 1024 2272 ) 
4 63 72 (1024 1024 2400 ) (1024 1024 2912 ) (0 1024 2912 ) (0 1024 2400 ) 
4 63 64 (1024 1194.666748 96 ) (1024 1024 96 ) (0 1024 96 ) (0 1194.666748 96 ) 
4 64 137 (0 1024 80 ) (0 1024 96 ) (0 1194.666748 96 ) (0 1109.333374 80 ) 
4 64 100 (512 1024 96 ) (0 1024 96 ) (0 1024 80 ) (512 1024 80 ) 
4 64 97 (1024 1024 80 ) (1024 1024 96 ) (512 1024 96 ) (512 1024 80 ) 
4 64 65 (0 1109.333984 80 ) (1024 1109.333984 80 ) (1024 1024 80 ) (0 1024 80 ) 
3 65 138 (0 1024 64 ) (0 1024 80 ) (0 1109.333374 80 ) 
4 65 101 (512 1024 80 ) (0 1024 80 ) (0 1024 64 ) (512 1024 64 ) 
4 65 98 (1024 1024 64 ) (1024 1024 80 ) (512 1024 80 ) (512 1024 64 ) 
4 66 139 (0 1536 96 ) (0 2048 96 ) (0 2048 -96 ) (0 1536 -96 ) 
4 67 240 (2048 0 160 ) (2048 0 2912 ) (1536 0 2912 ) (1536 0 160 ) 
4 67 68 (1536 1024 2912 ) (1536 1024 160 ) (1536 0 160 ) (1536 0 2912 ) 
5 68 241 (1024 0 2912 ) (1024 0 96 ) (1194.666748 0 96 ) (1536 0 160 ) (1536 0 2912 ) 
4 68 96 (1024 256 96 ) (1024 0 96 ) (1024 0 160 ) (1024 256 160 ) 
4 68 94 (1024 1024 160 ) (1024 1024 96 ) (1024 256 96 ) (1024 256 160 ) 
4 68 90 (1024 1024 416 ) (1024 1024 160 ) (1024 0 160 ) (1024 0 416 ) 
4 68 77 (1024 1024 2272 ) (1024 1024 416 ) (1024 0 416 ) (1024 0 2272 ) 
4 68 73 (1024 1024 2400 ) (1024 1024 2272 ) (1024 0 2272 ) (1024 0 2400 ) 
4 68 72 (1024 1024 2912 ) (1024 1024 2400 ) (1024 0 2400 ) (1024 0 2912 ) 
4 68 69 (1024 1024 96 ) (1194.666748 1024 96 ) (1194.666748 0 96 ) (1024 0 96 ) 
4 69 242 (1194.666626 0 96 ) (1024 0 96 ) (1024 0 80 ) (1109.333374 0 80 ) 
4 69 97 (1024 1024 96 ) (1024 1024 80 ) (1024 0 80 ) (1024 0 96 ) 
4 69 70 (1024 1024 80 ) (1109.333984 1024 80 ) (1109.333984 0 80 ) (1024 0 80 ) 
3 70 243 (1024 0 80 ) (1024 0 64 ) (1109.333374 0 80 ) 
4 70 99 (1024 512 64 ) (1024 0 64 ) (1024 0 80 ) (1024 512 80 ) 
4 70 98 (1024 1024 80 ) (1024 1024 64 ) (1024 512 64 ) (1024 512 80 ) 
4 71 244 (2048 0 -96 ) (2048 0 96 ) (1536 0 96 ) (1536 0 -96 ) 
4 72 245 (1024 0 2400 ) (1024 0 2912 ) (0 0 2912 ) (0 0 2400 ) 
4 72 148 (0 0 2400 ) (0 0 2912 ) (0 1024 2912 ) (0 1024 2400 ) 
4 72 76 (0 512 2400 ) (0 640 2400 ) (512 640 2400 ) (512 512 2400 ) 
4 72 75 (0 640 2400 ) (0 1024 2400 ) (512 1024 2400 ) (512 640 2400 ) 
4 72 73 (1024 0 2400 ) (512 0 2400 ) (512 1024 2400 ) (1024 1024 2400 ) 
4 73 246 (1024 0 2272 ) (1024 0 2400 ) (512 0 2400 ) (640 0 2272 ) 
4 73 77 (1024 1024 2272 ) (1024 0 2272 ) (640 0 2272 ) (640 1024 2272 ) 
3 73 76 (512 512 2400 ) (512 640 2400 ) (576 576 2336 ) 
4 73 75 (512 640 2400 ) (512 1024 2400 ) (576 1024 2336 ) (576 576 2336 ) 
4 73 74 (640 1024 2272 ) (640 0 2272 ) (576 0 2336 ) (576 1024 2336 ) 
3 74 247 (512 0 2272 ) (640 0 2272 ) (576 0 2336 ) 
4 74 77 (640 0 2272 ) (512 0 2272 ) (512 1024 2272 ) (640 1024 2272 ) 
4 74 75 (512 1024 2272 ) (512 512 2272 ) (576 576 2336 ) (576 1024 2336 ) 
4 75 151 (0 640 2400 ) (0 1024 2400 ) (0 1024 2272 ) (0 512 2272 ) 
4 75 78 (0 512 2272 ) (0 1024 2272 ) (512 1024 2272 ) (512 512 2272 ) 
5 75 76 (576 576 2336 ) (576.003906 576.003906 2336.003906 ) (512.007813 640 2400 ) (0 640 2400 ) (0 576 2336 ) 
3 76 152 (0 512 2400 ) (0 640 2400 ) (0 576 2336 ) 
4 77 250 (1024 0 416 ) (1024 0 2272 ) (512 0 2272 ) (512 0 416 ) 
4 77 90 (1024 0 416 ) (512 0 416 ) (512 1024 416 ) (1024 1024 416 ) 
4 77 84 (512 0 1312 ) (512 0 2148.919922 ) (512 256 2148.919922 ) (512 256 1312 ) 
4 77 83 (512 0 2148.919922 ) (512 0 2272 ) (512 256 2272 ) (512 256 2148.919922 ) 
4 77 80 (512 256 1252.920166 ) (512 256 2148.919922 ) (512 512 2148.919922 ) (512 512 1252.920166 ) 
4 77 79 (512 256 2148.919922 ) (512 256 2272 ) (512 512 2272 ) (512 512 2148.919922 ) 
4 77 82 (512 512 416 ) (512 256 416 ) (512 256 1252.920166 ) (512 512 1252.920166 ) 
4 77 78 (512 1024 416 ) (512 512 416 ) (512 512 2272 ) (512 1024 2272 ) 
4 78 153 (0 512 2272 ) (0 1024 2272 ) (0 1024 416 ) (0 512 416 ) 
4 78 93 (0 512 416 ) (0 1024 416 ) (128 1024 416 ) (128 512 416 ) 
4 78 92 (128 1024 416 ) (256 1024 416 ) (256 512 416 ) (128 512 416 ) 
4 78 91 (256 1024 416 ) (512 1024 416 ) (512 512 416 ) (256 512 416 ) 
4 78 88 (256 512 1312 ) (256 512 2148.919922 ) (0 512 2148.919922 ) (0 512 1312 ) 
4 78 86 (256 512 2148.919922 ) (256 512 2272 ) (0 512 2272 ) (0 512 2148.919922 ) 
4 78 80 (512 512 1252.920166 ) (512 512 2148.919922 ) (256 512 2148.919922 ) (256 512 1252.920166 ) 
4 78 79 (512 512 2148.919922 ) (512 512 2272 ) (256 512 2272 ) (256 512 2148.919922 ) 
4 78 82 (256 512 416 ) (512 512 416 ) (512 512 1252.920166 ) (256 512 1252.920166 ) 
4 79 86 (256 512 2272 ) (256 512 2148.919922 ) (256 256 2148.919922 ) (256 256 2272 ) 
4 79 83 (256 256 2272 ) (256 256 2148.919922 ) (512 256 2148.919922 ) (512 256 2272 ) 
3 79 81 (512 256 2148.919922 ) (256 256 2148.919922 ) (256 512 2148.919922 ) 
3 79 80 (512 256 2148.919922 ) (256 512 2148.919922 ) (512 512 2148.919922 ) 
3 80 82 (512 256 1252.920166 ) (256 512 1252.920166 ) (512 512 1252.920166 ) 
4 80 81 (256 511.996094 1252.920166 ) (511.996094 256 1252.920166 ) (512 256 2148.919922 ) (256 512 2148.919922 ) 
4 81 89 (256 512 2148.919922 ) (256 512 1312 ) (256 256 1312 ) (256 256 2148.919922 ) 
4 81 85 (256 256 2148.919922 ) (256 256 1312 ) (512 256 1312 ) (512 256 2148.919922 ) 
3 81 82 (512 256 1252.920166 ) (256 256 1252.920166 ) (256 512 1252.920166 ) 
4 82 91 (256 256 416 ) (256 512 416 ) (512 512 416 ) (512 256 416 ) 
4 83 251 (512 0 2272 ) (256 0 2272 ) (256 0 2148.919922 ) (512 0 2148.919922 ) 
4 83 86 (256 0 2148.919922 ) (256 0 2272 ) (256 256 2272 ) (256 256 2148.919922 ) 
3 83 85 (256 170.666656 2148.919922 ) (256 256 2148.919922 ) (512 256 2148.919922 ) 
4 83 84 (256 0 2148.919922 ) (256 170.666656 2148.919922 ) (512 256 2148.919922 ) (512 0 2148.919922 ) 
4 84 252 (256 0 2148.919922 ) (256 0 1312 ) (512 0 1312 ) (512 0 2148.919922 ) 
4 84 87 (256 0 1312 ) (256 0 2148.919922 ) (256 170.666656 2148.919922 ) (256 170.666656 1312 ) 
4 84 85 (511.996094 256 1312 ) (256 170.667969 1312 ) (256 170.667969 2148.919922 ) (511.996094 256 2148.919922 ) 
4 85 89 (256 170.666656 2148.919922 ) (256 256 2148.919922 ) (256 256 1312 ) (256 170.666656 1312 ) 
4 86 258 (256 0 2272 ) (0 0 2272 ) (0 0 2148.919922 ) (256 0 2148.919922 ) 
4 86 155 (0 0 2148.919922 ) (0 0 2176 ) (0 512 2176 ) (0 512 2148.919922 ) 
4 86 154 (0 0 2176 ) (0 0 2272 ) (0 512 2272 ) (0 512 2176 ) 
3 86 89 (256 512 2148.919922 ) (256 170.666656 2148.919922 ) (128 128 2148.919922 ) 
4 86 88 (0 85.333328 2148.919922 ) (0 512 2148.919922 ) (256 512 2148.919922 ) (128 128 2148.919922 ) 
4 86 87 (0 0 2148.919922 ) (0 85.333328 2148.919922 ) (256 170.666656 2148.919922 ) (256 0 2148.919922 ) 
4 87 260 (85.333321 0 1312 ) (256 0 1312 ) (256 0 2148.919922 ) (85.333328 0 2148.919922 ) 
4 87 259 (0 0 2148.919922 ) (0 0 1312 ) (85.333321 0 1312 ) (85.333328 0 2148.919922 ) 
4 87 155 (0 0 1312 ) (0 0 2148.919922 ) (0 85.333328 2148.919922 ) (0 85.333313 1312 ) 
4 87 89 (256 170.667969 1312 ) (128 128.001465 1312 ) (128 128.001465 2148.919922 ) (256 170.667969 2148.919922 ) 
4 87 88 (128 128.001465 1312 ) (0 85.334625 1312 ) (0 85.334633 2148.919922 ) (128 128.001465 2148.919922 ) 
4 88 155 (0 85.333328 2148.919922 ) (0 512 2148.919922 ) (0 512 1312 ) (0 85.333313 1312 ) 
4 88 89 (128.001007 127.998108 2148.919922 ) (128 127.998085 1312 ) (256 511.995117 1312 ) (256 511.996094 2148.919922 ) 
4 90 263 (1024 0 160 ) (1024 0 416 ) (512 0 416 ) (512 0 160 ) 
4 90 96 (1024 256 160 ) (1024 0 160 ) (512 0 160 ) (512 256 160 ) 
4 90 94 (1024 1024 160 ) (1024 256 160 ) (512 256 160 ) (512 1024 160 ) 
4 90 91 (512 1024 160 ) (512 256 160 ) (512 256 416 ) (512 1024 416 ) 
4 91 94 (256 256 160 ) (256 1024 160 ) (512 1024 160 ) (512 256 160 ) 
4 91 92 (256 1024 160 ) (256 512 160 ) (256 512 416 ) (256 1024 416 ) 
4 92 95 (128 512 160 ) (128 1024 160 ) (256 1024 160 ) (256 512 160 ) 
4 92 93 (128 1024 160 ) (128 512 160 ) (128 512 416 ) (128 1024 416 ) 
4 93 166 (0 512 416 ) (0 1024 416 ) (0 1024 160 ) (0 512 160 ) 
4 93 95 (0 512 160 ) (0 1024 160 ) (128 1024 160 ) (128 512 160 ) 
4 94 102 (512 256 96 ) (256 256 96 ) (256 512 96 ) (512 512 96 ) 
4 94 100 (256 512 96 ) (256 1024 96 ) (512 1024 96 ) (512 512 96 ) 
4 94 97 (1024 1024 96 ) (1024 256 96 ) (512 256 96 ) (512 1024 96 ) 
4 94 96 (512 256 96 ) (1024 256 96 ) (1024 256 160 ) (512 256 160 ) 
4 94 95 (256 1024 96 ) (256 512 96 ) (256 512 160 ) (256 1024 160 ) 
4 95 170 (0 512 160 ) (0 1024 160 ) (0 1024 96 ) (0 512 96 ) 
4 95 100 (0 512 96 ) (0 1024 96 ) (256 1024 96 ) (256 512 96 ) 
4 96 269 (1024 0 96 ) (1024 0 160 ) (512 0 160 ) (512 0 96 ) 
4 96 97 (1024 256 96 ) (1024 0 96 ) (512 0 96 ) (512 256 96 ) 
4 97 272 (1024 0 80 ) (1024 0 96 ) (512 0 96 ) (512 0 80 ) 
4 97 102 (512 256 96 ) (512 512 96 ) (512 512 80 ) (512 256 80 ) 
4 97 100 (512 512 96 ) (512 1024 96 ) (512 1024 80 ) (512 512 80 ) 
4 97 99 (1024 0 80 ) (512 0 80 ) (512 512 80 ) (1024 512 80 ) 
4 97 98 (512 512 80 ) (512 1024 80 ) (1024 1024 80 ) (1024 512 80 ) 
4 98 101 (512 512 -32 ) (512 512 80 ) (512 1024 80 ) (512 1024 64 ) 
4 98 99 (1024 512 80 ) (512 512 80 ) (512 512 -32 ) (1024 512 64 ) 
4 99 273 (1024 0 64 ) (1024 0 80 ) (512 0 80 ) (512 0 -32 ) 
4 99 103 (512 256 80 ) (512 512 80 ) (512 512 -32 ) (512 256 -32 ) 
4 100 173 (0 512 96 ) (0 1024 96 ) (0 1024 80 ) (0 512 80 ) 
4 100 102 (512 512 80 ) (512 512 96 ) (256 512 96 ) (256 512 80 ) 
4 100 101 (512 512 80 ) (0 512 80 ) (0 1024 80 ) (512 1024 80 ) 
4 101 174 (0 1024 80 ) (0 1024 64 ) (0 512 -32 ) (0 512 80 ) 
4 101 103 (512 512 -32 ) (512 512 80 ) (256 512 80 ) (256 512 -32 ) 
4 102 103 (512 256 80 ) (256 256 80 ) (256 512 80 ) (512 512 80 ) 
4 103 104 (512 256 -32 ) (256 256 -32 ) (256 512 -32 ) (512 512 -32 ) 
4 104 177 (0 512 -32 ) (0 512 -96 ) (0 256 -96 ) (0 256 -32 ) 
4 105 135 (0 2048 2016 ) (0 2048 2912 ) (-1024 2048 2912 ) (-1024 2048 2016 ) 
4 105 128 (-1024 2048 2016 ) (-1024 2048 2912 ) (-1024 2112 2912 ) (-1024 2112 2016 ) 
4 105 127 (-1024 2112 2912 ) (-1024 2336 2912 ) (-1024 2336 2016 ) (-1024 2112 2016 ) 
4 105 106 (-192 2336 2016 ) (0 2336 2016 ) (0 2112 2016 ) (-192 2112 2016 ) 
4 105 110 (-1024 2112 2016 ) (-1024 2336 2016 ) (-192 2336 2016 ) (-192 2112 2016 ) 
5 106 109 (-170.666718 2112 1696 ) (-192 2112 1696 ) (-192 2144 1696 ) (-128 2336 1696 ) (-96 2336 1696 ) 
3 106 108 (-192 2144 1696 ) (-192 2336 1696 ) (-128 2336 1696 ) 
4 106 107 (0 2112 1696 ) (-170.666718 2112 1696 ) (-96 2336 1696 ) (0 2336 1696 ) 
4 106 110 (-192 2112 1696 ) (-192 2112 2016 ) (-192 2336 2016 ) (-192 2336 1696 ) 
4 107 111 (-96 2336 1568 ) (0 2336 1568 ) (0 2112 1568 ) (-170.666718 2112 1568 ) 
4 107 109 (-96 2336 1568 ) (-170.666702 2112 1568 ) (-170.666702 2112 1696 ) (-96 2336 1696 ) 
3 108 112 (-192 2336 1568 ) (-128 2336 1568 ) (-192 2144 1568 ) 
4 108 110 (-192 2336 1568 ) (-192 2144 1568 ) (-192 2144 1696 ) (-192 2336 1696 ) 
4 108 109 (-128 2336 1696 ) (-192 2144 1696 ) (-192 2144 1568 ) (-128 2336 1568 ) 
5 109 113 (-128 2336 1568 ) (-96 2336 1568 ) (-170.666718 2112 1568 ) (-192 2112 1568 ) (-192 2144 1568 ) 
4 109 110 (-192 2144 1568 ) (-192 2112 1568 ) (-192 2112 1696 ) (-192 2144 1696 ) 
4 110 127 (-1024 2112 2016 ) (-1024 2336 2016 ) (-1024 2336 1568 ) (-1024 2112 1568 ) 
4 110 114 (-1024 2112 1568 ) (-1024 2336 1568 ) (-192 2336 1568 ) (-192 2112 1568 ) 
4 111 135 (0 2048 1184 ) (0 2048 1568 ) (-192 2048 1568 ) (-192 2048 1184 ) 
4 111 115 (-170.666718 2112 1184 ) (-96 2336 1184 ) (0 2336 1184 ) (0 2112 1184 ) 
4 111 113 (-192 2048 1184 ) (-192 2048 1568 ) (-96 2336 1568 ) (-96 2336 1184 ) 
3 112 115 (-192 2144 1184 ) (-192 2336 1184 ) (-128 2336 1184 ) 
4 112 114 (-192 2144 1568 ) (-192 2336 1568 ) (-192 2336 1184 ) (-192 2144 1184 ) 
4 112 113 (-192 2143.998047 1568 ) (-192 2143.998047 1184 ) (-128 2336 1184 ) (-128 2336 1568 ) 
5 113 115 (-192 2112 1184 ) (-192 2144 1184 ) (-128 2336 1184 ) (-96 2336 1184 ) (-170.666718 2112 1184 ) 
4 113 114 (-192 2112 1568 ) (-192 2144 1568 ) (-192 2144 1184 ) (-192 2112 1184 ) 
4 114 127 (-1024 2112 1568 ) (-1024 2336 1568 ) (-1024 2336 1184 ) (-1024 2112 1184 ) 
4 114 120 (-1024 2112 1184 ) (-1024 2336 1184 ) (-192 2336 1184 ) (-192 2112 1184 ) 
4 115 116 (0 2112 1152 ) (-192 2112 1152 ) (-192 2336 1152 ) (0 2336 1152 ) 
4 115 120 (-192 2336 1184 ) (-192 2336 1152 ) (-192 2112 1152 ) (-192 2112 1184 ) 
5 116 119 (-170.666718 2112 672 ) (-192 2112 672 ) (-192 2144 672 ) (-128 2336 672 ) (-96 2336 672 ) 
3 116 118 (-192 2144 672 ) (-192 2336 672 ) (-128 2336 672 ) 
4 116 117 (0 2112 672 ) (-170.666718 2112 672 ) (-96 2336 672 ) (0 2336 672 ) 
4 116 120 (-192 2336 1152 ) (-192 2336 672 ) (-192 2112 672 ) (-192 2112 1152 ) 
4 117 123 (-96 2336 160 ) (0 2336 160 ) (0 2112 160 ) (-170.666718 2112 160 ) 
4 117 121 (-170.666718 2112 160 ) (0 2112 160 ) (0 2112 544 ) (-170.666718 2112 544 ) 
4 117 119 (-96 2336 160 ) (-170.666702 2112 160 ) (-170.666702 2112 672 ) (-96 2336 672 ) 
3 118 123 (-192 2336 160 ) (-128 2336 160 ) (-192 2144 160 ) 
4 118 120 (-192 2336 672 ) (-192 2336 160 ) (-192 2144 160 ) (-192 2144 672 ) 
4 118 119 (-128 2336 672 ) (-192 2144 672 ) (-192 2144 160 ) (-128 2336 160 ) 
5 119 123 (-128 2336 160 ) (-96 2336 160 ) (-170.666718 2112 160 ) (-192 2112 160 ) (-192 2144 160 ) 
4 119 122 (-192 2112 160 ) (-170.666718 2112 160 ) (-170.666718 2112 544 ) (-192 2112 544 ) 
4 119 120 (-192 2144 160 ) (-192 2112 160 ) (-192 2112 672 ) (-192 2144 672 ) 
4 120 127 (-1024 2112 1184 ) (-1024 2336 1184 ) (-1024 2336 160 ) (-1024 2112 160 ) 
4 120 125 (-1024 2112 160 ) (-1024 2336 160 ) (-192 2336 160 ) (-192 2112 160 ) 
4 121 135 (0 2048 160 ) (0 2048 544 ) (-192 2048 544 ) (-192 2048 160 ) 
4 121 122 (-192 2048 160 ) (-192 2048 544 ) (-170.666702 2112 544 ) (-170.666702 2112 160 ) 
4 123 125 (-192 2112 128 ) (-192 2112 160 ) (-192 2336 160 ) (-192 2336 128 ) 
4 123 124 (0 2112 128 ) (-192 2112 128 ) (-192 2336 128 ) (0 2336 128 ) 
4 124 126 (-192 2112 96 ) (-192 2112 -96 ) (0 2112 -96 ) (0 2112 96 ) 
4 124 125 (-192 2336 -96 ) (-192 2112 -96 ) (-192 2112 128 ) (-192 2336 128 ) 
4 125 127 (-1024 2112 -96 ) (-1024 2112 160 ) (-1024 2336 160 ) (-1024 2336 -96 ) 
4 125 126 (-1024 2112 96 ) (-1024 2112 -96 ) (-192 2112 -96 ) (-192 2112 96 ) 
4 126 139 (0 2048 -96 ) (0 2048 96 ) (-1024 2048 96 ) (-1024 2048 -96 ) 
4 126 129 (-1024 2048 -96 ) (-1024 2048 96 ) (-1024 2112 96 ) (-1024 2112 -96 ) 
4 127 130 (-2048 2112 -96 ) (-2048 2112 2912 ) (-2048 2336 2912 ) (-2048 2336 -96 ) 
4 127 129 (-1024 2112 -96 ) (-1024 2112 96 ) (-2048 2112 96 ) (-2048 2112 -96 ) 
4 127 128 (-1024 2112 2016 ) (-1024 2112 2912 ) (-2048 2112 2912 ) (-2048 2112 2016 ) 
4 128 142 (-1536 2048 2912 ) (-2048 2048 2912 ) (-2048 2048 2016 ) (-1536 2048 2016 ) 
4 128 140 (-1024 2048 2016 ) (-1024 2048 2912 ) (-1536 2048 2912 ) (-1536 2048 2016 ) 
4 128 131 (-2048 2048 2016 ) (-2048 2048 2912 ) (-2048 2112 2912 ) (-2048 2112 2016 ) 
4 129 146 (-1024 2048 -96 ) (-1024 2048 96 ) (-1536 2048 96 ) (-1536 2048 -96 ) 
4 129 147 (-1536 2048 96 ) (-2048 2048 96 ) (-2048 2048 -96 ) (-1536 2048 -96 ) 
4 129 133 (-2048 2048 -96 ) (-2048 2048 96 ) (-2048 2112 96 ) (-2048 2112 -96 ) 
4 130 134 (-2112 2112 -96 ) (-2112 2112 2912 ) (-2112 2336 2912 ) (-2112 2336 -96 ) 
4 130 133 (-2112 2112 96 ) (-2112 2112 -96 ) (-2048 2112 -96 ) (-2048 2112 96 ) 
4 130 132 (-2112 2112 1184 ) (-2112 2112 544 ) (-2048 2112 544 ) (-2048 2112 1184 ) 
4 130 131 (-2112 2112 2912 ) (-2112 2112 2016 ) (-2048 2112 2016 ) (-2048 2112 2912 ) 
4 131 186 (-2048 2048 2016 ) (-2048 2048 2912 ) (-2112 2048 2912 ) (-2112 2048 2016 ) 
4 131 134 (-2112 2048 2016 ) (-2112 2048 2912 ) (-2112 2112 2912 ) (-2112 2112 2016 ) 
4 132 187 (-2048 2048 544 ) (-2048 2048 1184 ) (-2112 2048 1184 ) (-2112 2048 544 ) 
4 132 134 (-2112 2048 544 ) (-2112 2048 1184 ) (-2112 2112 1184 ) (-2112 2112 544 ) 
4 133 188 (-2048 2048 -96 ) (-2048 2048 96 ) (-2112 2048 96 ) (-2112 2048 -96 ) 
4 133 134 (-2112 2048 -96 ) (-2112 2048 96 ) (-2112 2112 96 ) (-2112 2112 -96 ) 
4 134 189 (-2112 2048 -96 ) (-2112 2048 2912 ) (-2336 2048 2912 ) (-2336 2048 -96 ) 
4 135 140 (-1024 2048 2912 ) (-1024 2048 160 ) (-1024 1536 160 ) (-1024 1536 2912 ) 
4 135 136 (-1024 1536 2912 ) (-1024 1536 160 ) (0 1536 160 ) (0 1536 2912 ) 
4 136 170 (0 1024 96 ) (0 1024 160 ) (-256 1024 160 ) (-256 1024 96 ) 
4 136 171 (-256 1024 160 ) (-1024 1024 160 ) (-1024 1024 96 ) (-256 1024 96 ) 
4 136 168 (-256 1024 416 ) (-512 1024 416 ) (-512 1024 160 ) (-256 1024 160 ) 
4 136 169 (-512 1024 416 ) (-1024 1024 416 ) (-1024 1024 160 ) (-512 1024 160 ) 
4 136 167 (-128 1024 416 ) (-256 1024 416 ) (-256 1024 160 ) (-128 1024 160 ) 
4 136 166 (0 1024 160 ) (0 1024 416 ) (-128 1024 416 ) (-128 1024 160 ) 
4 136 153 (0 1024 416 ) (0 1024 2272 ) (-512 1024 2272 ) (-512 1024 416 ) 
4 136 165 (-512 1024 2272 ) (-1024 1024 2272 ) (-1024 1024 416 ) (-512 1024 416 ) 
5 136 151 (0 1024 2272 ) (0 1024 2400 ) (-512 1024 2400 ) (-576 1024 2336 ) (-512 1024 2272 ) 
3 136 150 (-576 1024 2336 ) (-640 1024 2272 ) (-512 1024 2272 ) 
4 136 149 (-512 1024 2400 ) (-1024 1024 2400 ) (-1024 1024 2272 ) (-640 1024 2272 ) 
4 136 148 (0 1024 2400 ) (0 1024 2912 ) (-1024 1024 2912 ) (-1024 1024 2400 ) 
5 136 141 (-1024 1194.666748 96 ) (-1024 1024 96 ) (-1024 1024 2912 ) (-1024 1536 2912 ) (-1024 1536 160 ) 
4 136 137 (0 1024 96 ) (-1024 1024 96 ) (-1024 1194.666748 96 ) (0 1194.666748 96 ) 
4 137 178 (-512 1024 96 ) (-1024 1024 96 ) (-1024 1024 80 ) (-512 1024 80 ) 
4 137 173 (0 1024 80 ) (0 1024 96 ) (-512 1024 96 ) (-512 1024 80 ) 
4 137 143 (-1024 1024 80 ) (-1024 1024 96 ) (-1024 1194.666748 96 ) (-1024 1109.333374 80 ) 
4 137 138 (0 1024 80 ) (-1024 1024 80 ) (-1024 1109.333984 80 ) (0 1109.333984 80 ) 
4 138 179 (-512 1024 80 ) (-1024 1024 80 ) (-1024 1024 64 ) (-512 1024 64 ) 
4 138 174 (0 1024 64 ) (0 1024 80 ) (-512 1024 80 ) (-512 1024 64 ) 
3 138 144 (-1024 1024 64 ) (-1024 1024 80 ) (-1024 1109.333374 80 ) 
4 139 146 (-1024 2048 96 ) (-1024 2048 -96 ) (-1024 1536 -96 ) (-1024 1536 96 ) 
4 140 142 (-1536 2048 2912 ) (-1536 2048 160 ) (-1536 1536 160 ) (-1536 1536 2912 ) 
4 140 141 (-1536 1536 2912 ) (-1536 1536 160 ) (-1024 1536 160 ) (-1024 1536 2912 ) 
5 141 181 (-1024 1024 96 ) (-1024 1024 2912 ) (-1536 1024 2912 ) (-1536 1024 160 ) (-1194.666748 1024 96 ) 
4 141 143 (-1024 1194.666748 96 ) (-1024 1024 96 ) (-1194.666748 1024 96 ) (-1194.666748 1194.666748 96 ) 
4 141 142 (-1536 1024 160 ) (-1536 1024 2912 ) (-1536 1536 2912 ) (-1536 1536 160 ) 
4 142 187 (-2048 2048 1184 ) (-2048 2048 544 ) (-2048 1024 544 ) (-2048 1024 1184 ) 
4 142 186 (-2048 2048 2912 ) (-2048 2048 2016 ) (-2048 1024 2016 ) (-2048 1024 2912 ) 
4 142 182 (-2048 1024 2912 ) (-2048 1024 160 ) (-1536 1024 160 ) (-1536 1024 2912 ) 
4 143 183 (-1024 1024 80 ) (-1024 1024 96 ) (-1194.666748 1024 96 ) (-1109.333252 1024 80 ) 
4 143 144 (-1024 1024 80 ) (-1109.333374 1024 80 ) (-1109.333252 1109.335938 80 ) (-1024 1109.335938 80 ) 
3 144 184 (-1024 1024 64 ) (-1024 1024 80 ) (-1109.333374 1024 80 ) 
3 145 188 (-2048 1024 64 ) (-2048 1024 96 ) (-2048 1194.666748 96 ) 
4 145 185 (-1536 1024 96 ) (-2048 1024 96 ) (-2048 1024 64 ) (-1536 1024 64 ) 
4 145 147 (-1536 1024 64 ) (-2048 1024 64 ) (-2048 1194.667969 96 ) (-1536 1194.667969 96 ) 
4 146 147 (-1536 2048 -96 ) (-1536 1536 -96 ) (-1536 1536 96 ) (-1536 2048 96 ) 
5 147 188 (-2048 2048 96 ) (-2048 2048 -96 ) (-2048 1024 -96 ) (-2048 1024 64 ) (-2048 1194.666748 96 ) 
4 147 185 (-1536 1024 64 ) (-2048 1024 64 ) (-2048 1024 -96 ) (-1536 1024 -96 ) 
4 148 322 (0 0 2400 ) (0 0 2912 ) (-1024 0 2912 ) (-1024 0 2400 ) 
4 148 181 (-1024 1024 2912 ) (-1024 1024 2400 ) (-1024 0 2400 ) (-1024 0 2912 ) 
4 148 152 (-512 512 2400 ) (-512 640 2400 ) (0 640 2400 ) (0 512 2400 ) 
4 148 151 (-512 640 2400 ) (-512 1024 2400 ) (0 1024 2400 ) (0 640 2400 ) 
4 148 149 (-512 0 2400 ) (-1024 0 2400 ) (-1024 1024 2400 ) (-512 1024 2400 ) 
4 149 323 (-512 0 2400 ) (-1024 0 2400 ) (-1024 0 2272 ) (-640 0 2272 ) 
4 149 181 (-1024 1024 2400 ) (-1024 1024 2272 ) (-1024 0 2272 ) (-1024 0 2400 ) 
4 149 165 (-1024 1024 2272 ) (-640 1024 2272 ) (-640 0 2272 ) (-1024 0 2272 ) 
3 149 152 (-512 640 2400 ) (-512 512 2400 ) (-576 576 2336 ) 
4 149 151 (-576 1024 2336 ) (-512 1024 2400 ) (-512 640 2400 ) (-576 576 2336 ) 
4 149 150 (-640 0 2272 ) (-640 1024 2272 ) (-576 1024 2336 ) (-576 0 2336 ) 
3 150 324 (-576 0 2336 ) (-640 0 2272 ) (-512 0 2272 ) 
4 150 165 (-640 1024 2272 ) (-512 1024 2272 ) (-512 0 2272 ) (-640 0 2272 ) 
4 150 151 (-512 512 2272 ) (-512 1024 2272 ) (-576 1024 2336 ) (-576 576 2336 ) 
4 151 153 (-512 1024 2272 ) (0 1024 2272 ) (0 512 2272 ) (-512 512 2272 ) 
4 151 152 (-512 640 2400 ) (-576 576 2336 ) (0 576 2336 ) (0 640 2400 ) 
4 153 168 (-512 512 416 ) (-512 1024 416 ) (-256 1024 416 ) (-256 512 416 ) 
4 153 167 (-256 1024 416 ) (-128 1024 416 ) (-128 512 416 ) (-256 512 416 ) 
4 153 166 (-128 1024 416 ) (0 1024 416 ) (0 512 416 ) (-128 512 416 ) 
4 153 159 (-512 512 2176 ) (-512 512 1280 ) (-256 512 1280 ) (-256 512 2176 ) 
4 153 158 (-512 512 2272 ) (-512 512 2176 ) (-256 512 2176 ) (-256 512 2272 ) 
4 153 161 (-512 512 1280 ) (-512 512 416 ) (-256 512 416 ) (-256 512 1280 ) 
4 153 155 (0 512 1312 ) (0 512 2176 ) (-256 512 2176 ) (-256 512 1312 ) 
4 153 154 (0 512 2176 ) (0 512 2272 ) (-256 512 2272 ) (-256 512 2176 ) 
4 153 165 (-512 1024 416 ) (-512 512 416 ) (-512 512 2272 ) (-512 1024 2272 ) 
4 154 327 (0 0 2176 ) (0 0 2272 ) (-256 0 2272 ) (-256 0 2176 ) 
4 154 162 (-256 256 2176 ) (-256 0 2176 ) (-256 0 2272 ) (-256 256 2272 ) 
4 154 158 (-256 512 2272 ) (-256 512 2176 ) (-256 256 2176 ) (-256 256 2272 ) 
3 154 157 (-256 170.666672 2176 ) (-256 512 2176 ) (-128 128 2176 ) 
4 154 156 (-85.333336 0 2176 ) (-256 0 2176 ) (-256 170.666672 2176 ) (-128 128 2176 ) 
4 154 155 (0 0 2176 ) (-85.333336 0 2176 ) (-256 512 2176 ) (0 512 2176 ) 
4 155 328 (0 0 1312 ) (0 0 2176 ) (-85.333336 0 2176 ) (-85.333328 0 1312 ) 
4 155 157 (-256 511.996094 1312 ) (-128.001465 128 1312 ) (-128.001465 128 2176 ) (-256 511.996094 2176 ) 
4 155 156 (-128.001465 128 1312 ) (-85.334641 0 1312 ) (-85.334633 0 2176 ) (-128.001465 128 2176 ) 
4 156 328 (-85.333336 0 2176 ) (-256 0 2176 ) (-256 0 1312 ) (-85.333328 0 1312 ) 
4 156 163 (-256 170.666656 1312 ) (-256 0 1312 ) (-256 0 2176 ) (-256 170.666672 2176 ) 
4 156 157 (-127.998108 128.001007 2176 ) (-127.998085 128 1312 ) (-256 170.668304 1312 ) (-256 170.667969 2176 ) 
4 157 164 (-256 256 1312 ) (-256 170.666656 1312 ) (-256 170.666672 2176 ) (-256 256 2176 ) 
4 157 160 (-256 512 2176 ) (-256 512 1312 ) (-256 256 1312 ) (-256 256 2176 ) 
4 158 162 (-512 256 2272 ) (-512 256 2176 ) (-256 256 2176 ) (-256 256 2272 ) 
3 158 160 (-256 256 2176 ) (-512 256 2176 ) (-256 512 2176 ) 
3 158 159 (-512 256 2176 ) (-512 512 2176 ) (-256 512 2176 ) 
4 158 165 (-512 256 2176 ) (-512 256 2272 ) (-512 512 2272 ) (-512 512 2176 ) 
4 159 165 (-512 256 1280 ) (-512 256 2176 ) (-512 512 2176 ) (-512 512 1280 ) 
3 159 161 (-512 256 1280 ) (-512 512 1280 ) (-256 512 1280 ) 
4 159 160 (-512 256 1280 ) (-256 512 1280 ) (-256 511.996094 2176 ) (-511.996094 256 2176 ) 
4 160 164 (-512 256 2176 ) (-512 256 1312 ) (-256 256 1312 ) (-256 256 2176 ) 
3 160 161 (-256 256 1280 ) (-512 256 1280 ) (-256 512 1280 ) 
4 161 168 (-512 256 416 ) (-512 512 416 ) (-256 512 416 ) (-256 256 416 ) 
4 161 165 (-512 512 416 ) (-512 256 416 ) (-512 256 1280 ) (-512 512 1280 ) 
4 162 331 (-256 0 2272 ) (-512 0 2272 ) (-512 0 2176 ) (-256 0 2176 ) 
3 162 164 (-512 256 2176 ) (-256 256 2176 ) (-256 170.666656 2176 ) 
4 162 163 (-512 0 2176 ) (-512 256 2176 ) (-256 170.666656 2176 ) (-256 0 2176 ) 
4 162 165 (-512 0 2176 ) (-512 0 2272 ) (-512 256 2272 ) (-512 256 2176 ) 
4 163 332 (-512 0 2176 ) (-512 0 1312 ) (-256 0 1312 ) (-256 0 2176 ) 
4 163 165 (-512 0 1312 ) (-512 0 2176 ) (-512 256 2176 ) (-512 256 1312 ) 
4 163 164 (-256 170.667969 1312 ) (-511.996094 256 1312 ) (-511.996094 256 2176 ) (-256 170.667969 2176 ) 
4 165 339 (-512 0 2272 ) (-1024 0 2272 ) (-1024 0 416 ) (-512 0 416 ) 
4 165 181 (-1024 1024 2272 ) (-1024 1024 416 ) (-1024 0 416 ) (-1024 0 2272 ) 
4 165 169 (-512 0 416 ) (-1024 0 416 ) (-1024 1024 416 ) (-512 1024 416 ) 
4 166 170 (-128 1024 160 ) (0 1024 160 ) (0 512 160 ) (-128 512 160 ) 
4 166 167 (-128 1024 160 ) (-128 512 160 ) (-128 512 416 ) (-128 1024 416 ) 
4 167 170 (-256 1024 160 ) (-128 1024 160 ) (-128 512 160 ) (-256 512 160 ) 
4 167 168 (-256 1024 160 ) (-256 512 160 ) (-256 512 416 ) (-256 1024 416 ) 
4 168 171 (-512 1024 160 ) (-256 1024 160 ) (-256 256 160 ) (-512 256 160 ) 
4 168 169 (-512 1024 160 ) (-512 256 160 ) (-512 256 416 ) (-512 1024 416 ) 
4 169 345 (-512 0 416 ) (-1024 0 416 ) (-1024 0 160 ) (-512 0 160 ) 
4 169 181 (-1024 1024 416 ) (-1024 1024 160 ) (-1024 0 160 ) (-1024 0 416 ) 
4 169 172 (-512 256 160 ) (-512 0 160 ) (-1024 0 160 ) (-1024 256 160 ) 
4 169 171 (-1024 1024 160 ) (-512 1024 160 ) (-512 256 160 ) (-1024 256 160 ) 
4 170 173 (-256 1024 96 ) (0 1024 96 ) (0 512 96 ) (-256 512 96 ) 
4 170 171 (-256 1024 96 ) (-256 512 96 ) (-256 512 160 ) (-256 1024 160 ) 
4 171 181 (-1024 1024 160 ) (-1024 1024 96 ) (-1024 256 96 ) (-1024 256 160 ) 
4 171 178 (-1024 1024 96 ) (-512 1024 96 ) (-512 256 96 ) (-1024 256 96 ) 
4 171 175 (-256 512 96 ) (-256 256 96 ) (-512 256 96 ) (-512 512 96 ) 
4 171 173 (-512 1024 96 ) (-256 1024 96 ) (-256 512 96 ) (-512 512 96 ) 
4 171 172 (-1024 256 96 ) (-512 256 96 ) (-512 256 160 ) (-1024 256 160 ) 
4 172 346 (-512 0 160 ) (-1024 0 160 ) (-1024 0 96 ) (-512 0 96 ) 
4 172 181 (-1024 256 96 ) (-1024 0 96 ) (-1024 0 160 ) (-1024 256 160 ) 
4 172 178 (-512 0 96 ) (-1024 0 96 ) (-1024 256 96 ) (-512 256 96 ) 
4 173 178 (-512 512 80 ) (-512 512 96 ) (-512 1024 96 ) (-512 1024 80 ) 
4 173 175 (-512 512 96 ) (-512 512 80 ) (-256 512 80 ) (-256 512 96 ) 
4 173 174 (0 512 80 ) (-512 512 80 ) (-512 1024 80 ) (0 1024 80 ) 
4 174 179 (-512 512 -32 ) (-512 512 80 ) (-512 1024 80 ) (-512 1024 64 ) 
4 174 176 (-512 512 80 ) (-512 512 -32 ) (-256 512 -32 ) (-256 512 80 ) 
4 175 178 (-512 256 80 ) (-512 256 96 ) (-512 512 96 ) (-512 512 80 ) 
4 175 176 (-512 512 80 ) (-256 512 80 ) (-256 256 80 ) (-512 256 80 ) 
4 176 180 (-512 256 -32 ) (-512 256 80 ) (-512 512 80 ) (-512 512 -32 ) 
4 176 177 (-256 256 -32 ) (-512 256 -32 ) (-512 512 -32 ) (-256 512 -32 ) 
4 178 354 (-512 0 96 ) (-1024 0 96 ) (-1024 0 80 ) (-512 0 80 ) 
4 178 183 (-1024 1024 96 ) (-1024 1024 80 ) (-1024 0 80 ) (-1024 0 96 ) 
4 178 180 (-1024 0 80 ) (-1024 512 80 ) (-512 512 80 ) (-512 0 80 ) 
4 178 179 (-1024 512 80 ) (-1024 1024 80 ) (-512 1024 80 ) (-512 512 80 ) 
4 179 184 (-1024 1024 80 ) (-1024 1024 64 ) (-1024 512 64 ) (-1024 512 80 ) 
4 179 180 (-512 512 -32 ) (-512 512 80 ) (-1024 512 80 ) (-1024 512 64 ) 
4 180 355 (-1024 0 80 ) (-1024 0 64 ) (-512 0 -32 ) (-512 0 80 ) 
4 180 184 (-1024 0 64 ) (-1024 0 80 ) (-1024 512 80 ) (-1024 512 64 ) 
5 181 357 (-1024 0 96 ) (-1024 0 2912 ) (-1536 0 2912 ) (-1536 0 160 ) (-1194.666748 0 96 ) 
4 181 183 (-1024 1024 96 ) (-1024 0 96 ) (-1194.666748 0 96 ) (-1194.666748 1024 96 ) 
4 181 182 (-1536 1024 2912 ) (-1536 1024 160 ) (-1536 0 160 ) (-1536 0 2912 ) 
4 182 358 (-2048 0 2912 ) (-2048 0 160 ) (-1536 0 160 ) (-1536 0 2912 ) 
4 182 203 (-2048 0 160 ) (-2048 0 544 ) (-2048 192 544 ) (-2048 192 160 ) 
4 182 201 (-2048 0 544 ) (-2048 0 672 ) (-2048 192 672 ) (-2048 192 544 ) 
4 182 200 (-2048 0 672 ) (-2048 0 1184 ) (-2048 192 1184 ) (-2048 192 672 ) 
4 182 199 (-2048 192 1184 ) (-2048 1024 1184 ) (-2048 1024 544 ) (-2048 192 544 ) 
4 182 193 (-2048 0 1184 ) (-2048 0 1568 ) (-2048 192 1568 ) (-2048 192 1184 ) 
4 182 190 (-2048 0 2016 ) (-2048 0 2912 ) (-2048 1024 2912 ) (-2048 1024 2016 ) 
4 183 359 (-1024 0 80 ) (-1024 0 96 ) (-1194.666748 0 96 ) (-1109.333374 0 80 ) 
4 183 184 (-1109.333984 0 80 ) (-1109.333984 1024 80 ) (-1024 1024 80 ) (-1024 0 80 ) 
3 184 360 (-1024 0 64 ) (-1024 0 80 ) (-1109.333374 0 80 ) 
4 185 361 (-1536 0 96 ) (-2048 0 96 ) (-2048 0 -96 ) (-1536 0 -96 ) 
4 185 211 (-2048 0 -96 ) (-2048 0 96 ) (-2048 1024 96 ) (-2048 1024 -96 ) 
4 186 190 (-2048 1024 2016 ) (-2048 1024 2912 ) (-2112 1024 2912 ) (-2112 1024 2016 ) 
4 186 189 (-2112 1024 2016 ) (-2112 1024 2912 ) (-2112 2048 2912 ) (-2112 2048 2016 ) 
4 187 199 (-2048 1024 544 ) (-2048 1024 1184 ) (-2112 1024 1184 ) (-2112 1024 544 ) 
4 187 189 (-2112 1024 544 ) (-2112 1024 1184 ) (-2112 2048 1184 ) (-2112 2048 544 ) 
4 188 211 (-2048 1024 -96 ) (-2048 1024 96 ) (-2112 1024 96 ) (-2112 1024 -96 ) 
4 188 189 (-2112 1024 -96 ) (-2112 1024 96 ) (-2112 2048 96 ) (-2112 2048 -96 ) 
4 189 212 (-2112 1024 -96 ) (-2112 1024 160 ) (-2336 1024 160 ) (-2336 1024 -96 ) 
4 189 205 (-2112 1024 160 ) (-2112 1024 1184 ) (-2336 1024 1184 ) (-2336 1024 160 ) 
4 189 192 (-2112 1024 1184 ) (-2112 1024 1568 ) (-2336 1024 1568 ) (-2336 1024 1184 ) 
4 189 191 (-2112 1024 1568 ) (-2112 1024 2016 ) (-2336 1024 2016 ) (-2336 1024 1568 ) 
4 189 190 (-2112 1024 2016 ) (-2112 1024 2912 ) (-2336 1024 2912 ) (-2336 1024 2016 ) 
4 190 375 (-2048 0 2016 ) (-2048 0 2912 ) (-2336 0 2912 ) (-2336 0 2016 ) 
4 190 195 (-2336 0 2016 ) (-2336 192 2016 ) (-2112 192 2016 ) (-2112 0 2016 ) 
4 190 191 (-2336 192 2016 ) (-2336 1024 2016 ) (-2112 1024 2016 ) (-2112 192 2016 ) 
4 191 198 (-2144 192 1568 ) (-2112 192 1568 ) (-2112 192 1696 ) (-2144 192 1696 ) 
4 191 197 (-2336 192 1696 ) (-2336 192 1568 ) (-2144 192 1568 ) (-2144 192 1696 ) 
4 191 195 (-2112 192 2016 ) (-2336 192 2016 ) (-2336 192 1696 ) (-2112 192 1696 ) 
4 191 192 (-2112 192 1568 ) (-2336 192 1568 ) (-2336 1024 1568 ) (-2112 1024 1568 ) 
4 192 205 (-2336 192 1184 ) (-2336 1024 1184 ) (-2112 1024 1184 ) (-2112 192 1184 ) 
4 192 198 (-2144 192 1184 ) (-2112 192 1184 ) (-2112 192 1568 ) (-2144 192 1568 ) 
4 192 197 (-2336 192 1568 ) (-2336 192 1184 ) (-2144 192 1184 ) (-2144 192 1568 ) 
4 193 376 (-2048 0 1184 ) (-2048 0 1568 ) (-2112 0 1568 ) (-2112 0 1184 ) 
4 193 200 (-2048 0 1184 ) (-2112 0 1184 ) (-2112 170.666656 1184 ) (-2048 192 1184 ) 
4 193 196 (-2112 170.666656 1184 ) (-2112 0 1184 ) (-2112 0 1568 ) (-2112 170.666656 1568 ) 
4 193 194 (-2112 170.664078 1184 ) (-2112 170.664063 1568 ) (-2047.992188 192 1568 ) (-2047.992188 192 1184 ) 
3 194 200 (-2112 170.666656 1184 ) (-2112 192 1184 ) (-2048 192 1184 ) 
4 194 198 (-2112 192 1568 ) (-2112 192 1184 ) (-2112 170.666656 1184 ) (-2112 170.666656 1568 ) 
4 195 378 (-2112 0 2016 ) (-2336 0 2016 ) (-2336 0 1696 ) (-2112 0 1696 ) 
5 195 198 (-2336 96 1696 ) (-2336 128 1696 ) (-2144 192 1696 ) (-2112 192 1696 ) (-2112 170.666656 1696 ) 
3 195 197 (-2336 128 1696 ) (-2336 192 1696 ) (-2144 192 1696 ) 
4 195 196 (-2336 0 1696 ) (-2336 96 1696 ) (-2112 170.666656 1696 ) (-2112 0 1696 ) 
4 196 379 (-2336 0 1696 ) (-2336 0 1184 ) (-2112 0 1184 ) (-2112 0 1696 ) 
4 196 206 (-2112 0 1184 ) (-2336 0 1184 ) (-2336 96 1184 ) (-2112 170.666656 1184 ) 
4 196 198 (-2336 95.998055 1184 ) (-2336 95.998047 1696 ) (-2112 170.664063 1696 ) (-2112 170.664078 1184 ) 
3 197 206 (-2336 128 1184 ) (-2336 192 1184 ) (-2144 192 1184 ) 
4 197 198 (-2143.998047 192 1184 ) (-2143.998047 192 1696 ) (-2336 128 1696 ) (-2336 128 1184 ) 
5 198 206 (-2336 96 1184 ) (-2336 128 1184 ) (-2144 192 1184 ) (-2112 192 1184 ) (-2112 170.666656 1184 ) 
4 199 205 (-2112 192 544 ) (-2112 192 1184 ) (-2112 1024 1184 ) (-2112 1024 544 ) 
4 199 202 (-2112 192 672 ) (-2112 192 544 ) (-2048 192 544 ) (-2048 192 672 ) 
4 199 200 (-2112 192 1184 ) (-2112 192 672 ) (-2048 192 672 ) (-2048 192 1184 ) 
4 200 384 (-2048 0 672 ) (-2048 0 1184 ) (-2112 0 1184 ) (-2112 0 672 ) 
4 200 207 (-2112 0 672 ) (-2112 0 1152 ) (-2112 192 1152 ) (-2112 192 672 ) 
4 200 206 (-2112 0 1152 ) (-2112 0 1184 ) (-2112 192 1184 ) (-2112 192 1152 ) 
3 200 202 (-2112 170.666656 672 ) (-2112 192 672 ) (-2048 192 672 ) 
4 200 201 (-2112 0 672 ) (-2112 170.666656 672 ) (-2048 192 672 ) (-2048 0 672 ) 
4 201 385 (-2048 0 544 ) (-2048 0 672 ) (-2112 0 672 ) (-2112 0 544 ) 
4 201 208 (-2112 0 544 ) (-2112 0 672 ) (-2112 170.666656 672 ) (-2112 170.666656 544 ) 
4 201 203 (-2048 0 544 ) (-2112 0 544 ) (-2112 170.666656 544 ) (-2048 192 544 ) 
4 201 202 (-2048 192 544 ) (-2112 170.666672 544 ) (-2112 170.666016 672 ) (-2047.996094 192 672 ) 
4 202 210 (-2112 170.666656 672 ) (-2112 192 672 ) (-2112 192 544 ) (-2112 170.666656 544 ) 
3 202 204 (-2112 170.666656 544 ) (-2112 192 544 ) (-2048 192 544 ) 
4 203 387 (-2048 0 160 ) (-2048 0 544 ) (-2112 0 544 ) (-2112 0 160 ) 
4 203 208 (-2112 170.666656 160 ) (-2112 0 160 ) (-2112 0 544 ) (-2112 170.666656 544 ) 
4 203 204 (-2112 170.666016 160 ) (-2112 170.666016 544 ) (-2047.996094 192 544 ) (-2047.996094 192 160 ) 
4 204 210 (-2112 192 160 ) (-2112 170.666656 160 ) (-2112 170.666656 544 ) (-2112 192 544 ) 
4 205 212 (-2336 1024 160 ) (-2112 1024 160 ) (-2112 192 160 ) (-2336 192 160 ) 
4 205 210 (-2144 192 160 ) (-2112 192 160 ) (-2112 192 672 ) (-2144 192 672 ) 
4 205 209 (-2336 192 672 ) (-2336 192 160 ) (-2144 192 160 ) (-2144 192 672 ) 
4 205 207 (-2336 192 1152 ) (-2336 192 672 ) (-2112 192 672 ) (-2112 192 1152 ) 
4 205 206 (-2336 192 1184 ) (-2336 192 1152 ) (-2112 192 1152 ) (-2112 192 1184 ) 
4 206 390 (-2112 0 1184 ) (-2336 0 1184 ) (-2336 0 1152 ) (-2112 0 1152 ) 
4 206 207 (-2336 0 1152 ) (-2336 192 1152 ) (-2112 192 1152 ) (-2112 0 1152 ) 
4 207 391 (-2336 0 1152 ) (-2336 0 672 ) (-2112 0 672 ) (-2112 0 1152 ) 
5 207 210 (-2336 96 672 ) (-2336 128 672 ) (-2144 192 672 ) (-2112 192 672 ) (-2112 170.666656 672 ) 
3 207 209 (-2336 128 672 ) (-2336 192 672 ) (-2144 192 672 ) 
4 207 208 (-2336 0 672 ) (-2336 96 672 ) (-2112 170.666656 672 ) (-2112 0 672 ) 
4 208 392 (-2336 0 672 ) (-2336 0 160 ) (-2112 0 160 ) (-2112 0 672 ) 
4 208 213 (-2112 170.666656 160 ) (-2112 0 160 ) (-2336 0 160 ) (-2336 96 160 ) 
4 208 210 (-2336 96 160 ) (-2336 96 672 ) (-2112 170.666016 672 ) (-2112 170.666016 160 ) 
3 209 213 (-2336 128 160 ) (-2336 192 160 ) (-2144 192 160 ) 
4 209 210 (-2143.996094 192 160 ) (-2143.996094 192 672 ) (-2336 127.998703 672 ) (-2336 127.998711 160 ) 
5 210 213 (-2112 192 160 ) (-2112 170.666656 160 ) (-2336 96 160 ) (-2336 128 160 ) (-2144 192 160 ) 
4 211 396 (-2048 0 -96 ) (-2048 0 96 ) (-2112 0 96 ) (-2112 0 -96 ) 
4 211 214 (-2112 192 -96 ) (-2112 0 -96 ) (-2112 0 96 ) (-2112 192 96 ) 
4 211 212 (-2112 1024 -96 ) (-2112 192 -96 ) (-2112 192 96 ) (-2112 1024 96 ) 
4 212 214 (-2336 192 128 ) (-2336 192 -96 ) (-2112 192 -96 ) (-2112 192 128 ) 
4 212 213 (-2336 192 160 ) (-2336 192 128 ) (-2112 192 128 ) (-2112 192 160 ) 
4 213 397 (-2112 0 160 ) (-2336 0 160 ) (-2336 0 128 ) (-2112 0 128 ) 
4 213 214 (-2336 0 128 ) (-2336 192 128 ) (-2112 192 128 ) (-2112 0 128 ) 
4 214 398 (-2336 0 128 ) (-2336 0 -96 ) (-2112 0 -96 ) (-2112 0 128 ) 
4 215 240 (2048 0 2912 ) (2048 0 2016 ) (2048 -1024 2016 ) (2048 -1024 2912 ) 
4 215 238 (2112 -1024 2912 ) (2048 -1024 2912 ) (2048 -1024 2016 ) (2112 -1024 2016 ) 
4 215 237 (2336 -1024 2912 ) (2112 -1024 2912 ) (2112 -1024 2016 ) (2336 -1024 2016 ) 
4 215 216 (2112 0 2016 ) (2336 0 2016 ) (2336 -192 2016 ) (2112 -192 2016 ) 
4 215 220 (2336 -192 2016 ) (2336 -1024 2016 ) (2112 -1024 2016 ) (2112 -192 2016 ) 
5 216 219 (2144 -192 1696 ) (2112 -192 1696 ) (2112 -170.666656 1696 ) (2336 -96 1696 ) (2336 -128 1696 ) 
4 216 218 (2112 -170.666656 1696 ) (2112 0 1696 ) (2336 0 1696 ) (2336 -96 1696 ) 
3 216 217 (2336 -192 1696 ) (2144 -192 1696 ) (2336 -128 1696 ) 
4 216 220 (2112 -192 2016 ) (2112 -192 1696 ) (2336 -192 1696 ) (2336 -192 2016 ) 
3 217 221 (2336 -128 1568 ) (2336 -192 1568 ) (2144 -192 1568 ) 
4 217 219 (2336 -127.998047 1568 ) (2143.996094 -192 1568 ) (2143.996094 -192 1696 ) (2336 -127.998703 1696 ) 
4 217 220 (2144 -192 1568 ) (2336 -192 1568 ) (2336 -192 1696 ) (2144 -192 1696 ) 
4 218 222 (2112 0 1568 ) (2336 0 1568 ) (2336 -96 1568 ) (2112 -170.666656 1568 ) 
4 218 219 (2336 -96 1696 ) (2112 -170.666016 1696 ) (2112 -170.666016 1568 ) (2336 -96 1568 ) 
5 219 223 (2336 -96 1568 ) (2336 -128 1568 ) (2144 -192 1568 ) (2112 -192 1568 ) (2112 -170.666656 1568 ) 
4 219 220 (2112 -192 1696 ) (2112 -192 1568 ) (2144 -192 1568 ) (2144 -192 1696 ) 
4 220 237 (2112 -1024 1568 ) (2336 -1024 1568 ) (2336 -1024 2016 ) (2112 -1024 2016 ) 
4 220 224 (2336 -192 1568 ) (2336 -1024 1568 ) (2112 -1024 1568 ) (2112 -192 1568 ) 
3 221 225 (2336 -128 1184 ) (2336 -192 1184 ) (2144 -192 1184 ) 
4 221 224 (2144 -192 1184 ) (2336 -192 1184 ) (2336 -192 1568 ) (2144 -192 1568 ) 
4 221 223 (2143.998047 -192 1184 ) (2143.998047 -192 1568 ) (2336 -128 1568 ) (2336 -128 1184 ) 
4 222 240 (2048 0 1568 ) (2048 0 1184 ) (2048 -192 1184 ) (2048 -192 1568 ) 
4 222 225 (2112 0 1184 ) (2336 0 1184 ) (2336 -96 1184 ) (2112 -170.666626 1184 ) 
4 222 223 (2048 -192 1568 ) (2048 -192 1184 ) (2336 -96 1184 ) (2336 -96 1568 ) 
5 223 225 (2112 -170.666626 1184 ) (2336 -96 1184 ) (2336 -128 1184 ) (2144 -192 1184 ) (2112 -192 1184 ) 
4 223 224 (2112 -192 1184 ) (2144 -192 1184 ) (2144 -192 1568 ) (2112 -192 1568 ) 
4 224 237 (2112 -1024 1184 ) (2336 -1024 1184 ) (2336 -1024 1568 ) (2112 -1024 1568 ) 
4 224 230 (2336 -1024 1184 ) (2112 -1024 1184 ) (2112 -192 1184 ) (2336 -192 1184 ) 
4 225 226 (2336 -192 1152 ) (2112 -192 1152 ) (2112 0 1152 ) (2336 0 1152 ) 
4 225 230 (2112 -192 1184 ) (2112 -192 1152 ) (2336 -192 1152 ) (2336 -192 1184 ) 
5 226 229 (2144 -192 672 ) (2112 -192 672 ) (2112 -170.666656 672 ) (2336 -96 672 ) (2336 -128 672 ) 
4 226 228 (2112 -170.666656 672 ) (2112 0 672 ) (2336 0 672 ) (2336 -96 672 ) 
3 226 227 (2336 -192 672 ) (2144 -192 672 ) (2336 -128 672 ) 
4 226 230 (2112 -192 1152 ) (2112 -192 672 ) (2336 -192 672 ) (2336 -192 1152 ) 
3 227 233 (2336 -128 160 ) (2336 -192 160 ) (2144 -192 160 ) 
4 227 229 (2336 -127.998047 160 ) (2143.996094 -192 160 ) (2143.996094 -192 672 ) (2336 -127.998703 672 ) 
4 227 230 (2144 -192 160 ) (2336 -192 160 ) (2336 -192 672 ) (2144 -192 672 ) 
4 228 233 (2112 0 160 ) (2336 0 160 ) (2336 -96 160 ) (2112 -170.666656 160 ) 
4 228 231 (2112 0 160 ) (2112 -170.666656 160 ) (2112 -170.666656 544 ) (2112 0 544 ) 
4 228 229 (2336 -96 672 ) (2112 -170.666016 672 ) (2112 -170.666016 160 ) (2336 -96 160 ) 
5 229 233 (2336 -96 160 ) (2336 -128 160 ) (2144 -192 160 ) (2112 -192 160 ) (2112 -170.666656 160 ) 
4 229 232 (2112 -170.666656 160 ) (2112 -192 160 ) (2112 -192 544 ) (2112 -170.666656 544 ) 
4 229 230 (2112 -192 672 ) (2112 -192 160 ) (2144 -192 160 ) (2144 -192 672 ) 
4 230 237 (2336 -1024 160 ) (2336 -1024 1184 ) (2112 -1024 1184 ) (2112 -1024 160 ) 
4 230 235 (2336 -192 160 ) (2336 -1024 160 ) (2112 -1024 160 ) (2112 -192 160 ) 
4 231 240 (2048 0 544 ) (2048 0 160 ) (2048 -192 160 ) (2048 -192 544 ) 
4 231 232 (2112 -170.666016 160 ) (2112 -170.666016 544 ) (2048 -192 544 ) (2048 -192 160 ) 
4 233 235 (2112 -192 160 ) (2112 -192 128 ) (2336 -192 128 ) (2336 -192 160 ) 
4 233 234 (2336 -192 128 ) (2112 -192 128 ) (2112 0 128 ) (2336 0 128 ) 
4 234 236 (2112 0 96 ) (2112 0 -96 ) (2112 -192 -96 ) (2112 -192 96 ) 
4 234 235 (2112 -192 128 ) (2112 -192 -96 ) (2336 -192 -96 ) (2336 -192 128 ) 
4 235 237 (2336 -1024 -96 ) (2336 -1024 160 ) (2112 -1024 160 ) (2112 -1024 -96 ) 
4 235 236 (2112 -192 96 ) (2112 -192 -96 ) (2112 -1024 -96 ) (2112 -1024 96 ) 
4 236 244 (2048 0 96 ) (2048 0 -96 ) (2048 -1024 -96 ) (2048 -1024 96 ) 
4 236 239 (2112 -1024 -96 ) (2112 -1024 96 ) (2048 -1024 96 ) (2048 -1024 -96 ) 
4 237 293 (2336 -2048 2912 ) (2112 -2048 2912 ) (2112 -2048 -96 ) (2336 -2048 -96 ) 
4 237 239 (2112 -2048 -96 ) (2112 -2048 96 ) (2112 -1024 96 ) (2112 -1024 -96 ) 
4 237 238 (2112 -2048 2016 ) (2112 -2048 2912 ) (2112 -1024 2912 ) (2112 -1024 2016 ) 
4 238 294 (2112 -2048 2016 ) (2112 -2048 2912 ) (2048 -2048 2912 ) (2048 -2048 2016 ) 
4 238 280 (2048 -2048 2016 ) (2048 -2048 2912 ) (2048 -1024 2912 ) (2048 -1024 2016 ) 
4 239 295 (2112 -2048 -96 ) (2112 -2048 96 ) (2048 -2048 96 ) (2048 -2048 -96 ) 
5 239 286 (2048 -2048 -96 ) (2048 -2048 96 ) (2048 -1194.666626 96 ) (2048 -1024 64 ) (2048 -1024 -96 ) 
3 239 283 (2048 -1194.666626 96 ) (2048 -1024 96 ) (2048 -1024 64 ) 
4 240 280 (2048 -1024 160 ) (2048 -1024 2912 ) (1536 -1024 2912 ) (1536 -1024 160 ) 
4 240 241 (1536 0 2912 ) (1536 0 160 ) (1536 -1024 160 ) (1536 -1024 2912 ) 
5 241 281 (1024 -1024 2912 ) (1024 -1024 96 ) (1194.666748 -1024 96 ) (1536 -1024 160 ) (1536 -1024 2912 ) 
4 241 270 (1024 -256 96 ) (1024 -1024 96 ) (1024 -1024 160 ) (1024 -256 160 ) 
4 241 269 (1024 0 160 ) (1024 0 96 ) (1024 -256 96 ) (1024 -256 160 ) 
4 241 263 (1024 0 416 ) (1024 0 160 ) (1024 -1024 160 ) (1024 -1024 416 ) 
4 241 250 (1024 0 2272 ) (1024 0 416 ) (1024 -1024 416 ) (1024 -1024 2272 ) 
4 241 246 (1024 0 2400 ) (1024 0 2272 ) (1024 -1024 2272 ) (1024 -1024 2400 ) 
4 241 245 (1024 0 2912 ) (1024 0 2400 ) (1024 -1024 2400 ) (1024 -1024 2912 ) 
4 241 242 (1194.666748 -1024 96 ) (1024 -1024 96 ) (1024 0 96 ) (1194.666748 0 96 ) 
4 242 284 (1194.666626 -1024 96 ) (1024 -1024 96 ) (1024 -1024 80 ) (1109.333374 -1024 80 ) 
4 242 272 (1024 0 96 ) (1024 0 80 ) (1024 -1024 80 ) (1024 -1024 96 ) 
4 242 243 (1024 0 80 ) (1109.333984 0 80 ) (1109.333984 -1024 80 ) (1024 -1024 80 ) 
3 243 285 (1024 -1024 80 ) (1024 -1024 64 ) (1109.333374 -1024 80 ) 
4 243 274 (1024 -512 64 ) (1024 -1024 64 ) (1024 -1024 80 ) (1024 -512 80 ) 
4 243 273 (1024 0 80 ) (1024 0 64 ) (1024 -512 64 ) (1024 -512 80 ) 
4 244 286 (2048 -1024 -96 ) (2048 -1024 64 ) (1536 -1024 64 ) (1536 -1024 -96 ) 
4 244 283 (2048 -1024 64 ) (2048 -1024 96 ) (1536 -1024 96 ) (1536 -1024 64 ) 
4 245 322 (0 0 2912 ) (0 0 2400 ) (0 -1024 2400 ) (0 -1024 2912 ) 
4 245 288 (1024 -1024 2400 ) (1024 -1024 2912 ) (0 -1024 2912 ) (0 -1024 2400 ) 
4 245 248 (512 -1024 2400 ) (0 -1024 2400 ) (0 -512 2400 ) (512 -512 2400 ) 
4 245 246 (1024 -1024 2400 ) (512 -1024 2400 ) (512 0 2400 ) (1024 0 2400 ) 
4 246 288 (1024 -1024 2272 ) (1024 -1024 2400 ) (512 -1024 2400 ) (640 -1024 2272 ) 
4 246 250 (640 0 2272 ) (1024 0 2272 ) (1024 -1024 2272 ) (640 -1024 2272 ) 
4 246 248 (576 -1024 2336 ) (512 -1024 2400 ) (512 -512 2400 ) (576 -576 2336 ) 
4 246 247 (640 0 2272 ) (640 -1024 2272 ) (576 -1024 2336 ) (576 0 2336 ) 
3 247 288 (512 -1024 2272 ) (640 -1024 2272 ) (576 -1024 2336 ) 
4 247 250 (512 0 2272 ) (640 0 2272 ) (640 -1024 2272 ) (512 -1024 2272 ) 
3 247 249 (512 -512 2272 ) (512 -640 2272 ) (576 -576 2336 ) 
4 247 248 (512 -640 2272 ) (512 -1024 2272 ) (576 -1024 2336 ) (576 -576 2336 ) 
4 248 325 (0 -640 2272 ) (0 -1024 2272 ) (0 -1024 2400 ) (0 -512 2400 ) 
5 248 288 (512 -1024 2400 ) (0 -1024 2400 ) (0 -1024 2272 ) (512 -1024 2272 ) (576 -1024 2336 ) 
4 248 262 (512 -640 2272 ) (512 -1024 2272 ) (0 -1024 2272 ) (0 -640 2272 ) 
4 248 249 (576 -576 2336 ) (512 -640 2272 ) (0 -640 2272 ) (0 -576 2336 ) 
3 249 326 (0 -512 2272 ) (0 -640 2272 ) (0 -576 2336 ) 
4 249 262 (512 -512 2272 ) (512 -640 2272 ) (0 -640 2272 ) (0 -512 2272 ) 
4 250 288 (1024 -1024 416 ) (1024 -1024 2272 ) (512 -1024 2272 ) (512 -1024 416 ) 
4 250 263 (1024 -1024 416 ) (512 -1024 416 ) (512 0 416 ) (1024 0 416 ) 
4 250 255 (512 -512 1252.920166 ) (512 -512 2148.919922 ) (512 -256 2148.919922 ) (512 -256 1252.920166 ) 
4 250 254 (512 -512 2148.919922 ) (512 -512 2272 ) (512 -256 2272 ) (512 -256 2148.919922 ) 
4 250 257 (512 -256 416 ) (512 -512 416 ) (512 -512 1252.920166 ) (512 -256 1252.920166 ) 
4 250 252 (512 -256 1312 ) (512 -256 2148.919922 ) (512 0 2148.919922 ) (512 0 1312 ) 
4 250 251 (512 -256 2148.919922 ) (512 -256 2272 ) (512 0 2272 ) (512 0 2148.919922 ) 
4 250 262 (512 -512 416 ) (512 -1024 416 ) (512 -1024 2272 ) (512 -512 2272 ) 
4 251 258 (256 -256 2148.919922 ) (256 -256 2272 ) (256 0 2272 ) (256 0 2148.919922 ) 
4 251 254 (256 -256 2272 ) (256 -256 2148.919922 ) (512 -256 2148.919922 ) (512 -256 2272 ) 
3 251 253 (512 -256 2148.919922 ) (256 -256 2148.919922 ) (256 -170.666672 2148.919922 ) 
4 251 252 (512 -256 2148.919922 ) (256 -170.666672 2148.919922 ) (256 0 2148.919922 ) (512 0 2148.919922 ) 
4 252 260 (256 -170.666672 2148.919922 ) (256 0 2148.919922 ) (256 0 1312 ) (256 -170.666672 1312 ) 
4 252 253 (256 -170.667969 1312 ) (511.996094 -256 1312 ) (511.996094 -256 2148.919922 ) (256 -170.667969 2148.919922 ) 
4 253 261 (256 -256 1312 ) (256 -256 2148.919922 ) (256 -170.666672 2148.919922 ) (256 -170.666672 1312 ) 
4 253 256 (256 -256 2148.919922 ) (256 -256 1312 ) (512 -256 1312 ) (512 -256 2148.919922 ) 
4 254 258 (256 -512 2148.919922 ) (256 -512 2272 ) (256 -256 2272 ) (256 -256 2148.919922 ) 
3 254 256 (256 -512 2148.919922 ) (256 -256 2148.919922 ) (512 -256 2148.919922 ) 
3 254 255 (512 -512 2148.919922 ) (256 -512 2148.919922 ) (512 -256 2148.919922 ) 
4 254 262 (512 -512 2148.919922 ) (512 -512 2272 ) (256 -512 2272 ) (256 -512 2148.919922 ) 
4 255 262 (512 -512 1252.920166 ) (512 -512 2148.919922 ) (256 -512 2148.919922 ) (256 -512 1252.920166 ) 
3 255 257 (512 -512 1252.920166 ) (256 -512 1252.920166 ) (512 -256 1252.920166 ) 
4 255 256 (512 -256 1252.920166 ) (256 -512 1252.920166 ) (256 -511.996094 2148.919922 ) (511.996094 -256 2148.919922 ) 
4 256 261 (256 -512 1312 ) (256 -512 2148.919922 ) (256 -256 2148.919922 ) (256 -256 1312 ) 
3 256 257 (256 -512 1252.920166 ) (256 -256 1252.920166 ) (512 -256 1252.920166 ) 
4 257 264 (512 -256 416 ) (512 -512 416 ) (256 -512 416 ) (256 -256 416 ) 
4 257 262 (256 -512 416 ) (512 -512 416 ) (512 -512 1252.920166 ) (256 -512 1252.920166 ) 
4 258 329 (0 -85.333336 2148.919922 ) (0 -512 2148.919922 ) (0 -512 2176 ) (0 -85.333344 2176 ) 
4 258 328 (0 0 2176 ) (0 0 2148.919922 ) (0 -85.333336 2148.919922 ) (0 -85.333344 2176 ) 
4 258 327 (0 0 2272 ) (0 0 2176 ) (0 -512 2176 ) (0 -512 2272 ) 
3 258 261 (256 -170.666672 2148.919922 ) (256 -512 2148.919922 ) (128 -128 2148.919922 ) 
4 258 260 (256 0 2148.919922 ) (256 -170.666672 2148.919922 ) (128 -128 2148.919922 ) (85.333321 0 2148.919922 ) 
4 258 259 (256 -512 2148.919922 ) (0 -512 2148.919922 ) (0 0 2148.919922 ) (85.333321 0 2148.919922 ) 
4 258 262 (256 -512 2148.919922 ) (256 -512 2272 ) (0 -512 2272 ) (0 -512 2148.919922 ) 
4 259 329 (0 -85.333336 1312 ) (0 -512 1312 ) (0 -512 2148.919922 ) (0 -85.333344 2148.919922 ) 
4 259 328 (0 0 2148.919922 ) (0 0 1312 ) (0 -85.333336 1312 ) (0 -85.333344 2148.919922 ) 
4 259 261 (256 -511.996094 1312 ) (128.001465 -128 1312 ) (128 -128 2148.919922 ) (256 -511.996094 2148.919922 ) 
4 259 260 (128.001465 -128 1312 ) (85.334625 0 1312 ) (85.333984 0 2148.919922 ) (128 -128 2148.919922 ) 
4 259 262 (256 -512 1312 ) (256 -512 2148.919922 ) (0 -512 2148.919922 ) (0 -512 1312 ) 
4 260 261 (127.998108 -128.001007 2148.919922 ) (127.998085 -128 1312 ) (256 -170.668304 1312 ) (256 -170.667969 2148.919922 ) 
4 262 338 (0 -512 416 ) (0 -1024 416 ) (0 -1024 2272 ) (0 -512 2272 ) 
4 262 288 (512 -1024 2272 ) (0 -1024 2272 ) (0 -1024 416 ) (512 -1024 416 ) 
4 262 268 (128 -1024 416 ) (0 -1024 416 ) (0 -512 416 ) (128 -512 416 ) 
4 262 266 (256 -1024 416 ) (128 -1024 416 ) (128 -512 416 ) (256 -512 416 ) 
4 262 264 (512 -1024 416 ) (256 -1024 416 ) (256 -512 416 ) (512 -512 416 ) 
4 263 288 (1024 -1024 160 ) (1024 -1024 416 ) (512 -1024 416 ) (512 -1024 160 ) 
4 263 270 (1024 -256 160 ) (1024 -1024 160 ) (512 -1024 160 ) (512 -256 160 ) 
4 263 269 (512 0 160 ) (1024 0 160 ) (1024 -256 160 ) (512 -256 160 ) 
4 263 264 (512 -256 160 ) (512 -1024 160 ) (512 -1024 416 ) (512 -256 416 ) 
4 264 288 (512 -1024 416 ) (256 -1024 416 ) (256 -1024 160 ) (512 -1024 160 ) 
4 264 270 (512 -256 160 ) (512 -1024 160 ) (256 -1024 160 ) (256 -256 160 ) 
4 264 266 (256 -512 160 ) (256 -1024 160 ) (256 -1024 416 ) (256 -512 416 ) 
4 264 265 (256 -256 160 ) (256 -448 160 ) (256 -448 416 ) (256 -256 416 ) 
4 265 267 (128 -192 160 ) (128 -448 160 ) (128 -448 416 ) (128 -192 416 ) 
4 266 288 (256 -1024 416 ) (128 -1024 416 ) (128 -1024 160 ) (256 -1024 160 ) 
4 266 271 (256 -512 160 ) (256 -1024 160 ) (128 -1024 160 ) (128 -512 160 ) 
4 266 268 (128 -512 160 ) (128 -1024 160 ) (128 -1024 416 ) (128 -512 416 ) 
4 267 340 (0 -64 160 ) (0 -448 160 ) (0 -448 416 ) (0 -64 416 ) 
4 268 341 (0 -512 160 ) (0 -1024 160 ) (0 -1024 416 ) (0 -448 416 ) 
4 268 288 (128 -1024 416 ) (0 -1024 416 ) (0 -1024 160 ) (128 -1024 160 ) 
4 268 271 (128 -512 160 ) (128 -1024 160 ) (0 -1024 160 ) (0 -512 160 ) 
4 269 272 (512 0 96 ) (1024 0 96 ) (1024 -256 96 ) (512 -256 96 ) 
4 269 270 (512 -256 96 ) (1024 -256 96 ) (1024 -256 160 ) (512 -256 160 ) 
4 270 288 (1024 -1024 96 ) (1024 -1024 160 ) (256 -1024 160 ) (256 -1024 96 ) 
4 270 278 (512 -1024 96 ) (256 -1024 96 ) (256 -512 96 ) (512 -512 96 ) 
4 270 275 (256 -512 96 ) (256 -256 96 ) (512 -256 96 ) (512 -512 96 ) 
4 270 272 (1024 -256 96 ) (1024 -1024 96 ) (512 -1024 96 ) (512 -256 96 ) 
4 270 271 (256 -512 96 ) (256 -1024 96 ) (256 -1024 160 ) (256 -512 160 ) 
4 271 347 (0 -512 96 ) (0 -1024 96 ) (0 -1024 160 ) (0 -512 160 ) 
4 271 288 (256 -1024 160 ) (0 -1024 160 ) (0 -1024 96 ) (256 -1024 96 ) 
4 271 278 (256 -1024 96 ) (0 -1024 96 ) (0 -512 96 ) (256 -512 96 ) 
4 272 290 (1024 -1024 80 ) (1024 -1024 96 ) (512 -1024 96 ) (512 -1024 80 ) 
4 272 278 (512 -1024 80 ) (512 -1024 96 ) (512 -512 96 ) (512 -512 80 ) 
4 272 275 (512 -512 96 ) (512 -256 96 ) (512 -256 80 ) (512 -512 80 ) 
4 272 274 (1024 -1024 80 ) (512 -1024 80 ) (512 -512 80 ) (1024 -512 80 ) 
4 272 273 (512 -512 80 ) (512 0 80 ) (1024 0 80 ) (1024 -512 80 ) 
4 273 276 (512 -512 -32 ) (512 -512 80 ) (512 -256 80 ) (512 -256 -32 ) 
4 273 274 (1024 -512 80 ) (512 -512 80 ) (512 -512 -32 ) (1024 -512 64 ) 
4 274 291 (1024 -1024 64 ) (1024 -1024 80 ) (512 -1024 80 ) (512 -1024 64 ) 
4 274 279 (512 -1024 64 ) (512 -1024 80 ) (512 -512 80 ) (512 -512 -32 ) 
4 275 278 (512 -512 80 ) (512 -512 96 ) (256 -512 96 ) (256 -512 80 ) 
4 275 276 (512 -512 80 ) (256 -512 80 ) (256 -256 80 ) (512 -256 80 ) 
4 276 279 (512 -512 -32 ) (512 -512 80 ) (256 -512 80 ) (256 -512 -32 ) 
4 276 277 (512 -512 -32 ) (256 -512 -32 ) (256 -256 -32 ) (512 -256 -32 ) 
4 277 351 (0 -256 -96 ) (0 -512 -96 ) (0 -512 -32 ) (0 -256 -32 ) 
4 278 352 (0 -1024 80 ) (0 -1024 96 ) (0 -512 96 ) (0 -512 80 ) 
4 278 290 (512 -1024 96 ) (0 -1024 96 ) (0 -1024 80 ) (512 -1024 80 ) 
4 278 279 (0 -512 80 ) (512 -512 80 ) (512 -1024 80 ) (0 -1024 80 ) 
4 279 353 (0 -1024 64 ) (0 -1024 80 ) (0 -512 80 ) (0 -512 -32 ) 
4 279 291 (0 -1024 80 ) (0 -1024 64 ) (512 -1024 64 ) (512 -1024 80 ) 
4 280 297 (2048 -2048 2016 ) (2048 -2048 2912 ) (1536 -2048 2912 ) (1536 -2048 2016 ) 
4 280 282 (1536 -1536 160 ) (1536 -2048 160 ) (1536 -2048 2912 ) (1536 -1536 2912 ) 
4 280 281 (1536 -1024 2912 ) (1536 -1024 160 ) (1536 -1536 160 ) (1536 -1536 2912 ) 
5 281 288 (1024 -1024 2912 ) (1024 -1024 96 ) (1024 -1194.666748 96 ) (1024 -1536 160 ) (1024 -1536 2912 ) 
4 281 284 (1024 -1024 96 ) (1194.666748 -1024 96 ) (1194.666748 -1194.666748 96 ) (1024 -1194.666748 96 ) 
4 281 282 (1536 -1536 160 ) (1536 -1536 2912 ) (1024 -1536 2912 ) (1024 -1536 160 ) 
4 282 297 (1024 -2048 2912 ) (1024 -2048 2016 ) (1536 -2048 2016 ) (1536 -2048 2912 ) 
4 282 289 (1024 -2048 160 ) (1024 -2048 2912 ) (1024 -1536 2912 ) (1024 -1536 160 ) 
4 283 286 (2048 -1194.667969 96 ) (1536 -1194.667969 96 ) (1536 -1024 64 ) (2048 -1024 64 ) 
4 284 290 (1024 -1024 96 ) (1024 -1024 80 ) (1024 -1109.333374 80 ) (1024 -1194.666626 96 ) 
4 284 285 (1109.333252 -1109.335938 80 ) (1024 -1109.335938 80 ) (1024 -1024 80 ) (1109.333374 -1024 80 ) 
3 285 291 (1024 -1024 80 ) (1024 -1024 64 ) (1024 -1109.333374 80 ) 
4 286 298 (2048 -2048 -96 ) (2048 -2048 96 ) (1536 -2048 96 ) (1536 -2048 -96 ) 
4 286 287 (1536 -1536 -96 ) (1536 -2048 -96 ) (1536 -2048 96 ) (1536 -1536 96 ) 
4 287 298 (1536 -2048 96 ) (1024 -2048 96 ) (1024 -2048 -96 ) (1536 -2048 -96 ) 
4 287 292 (1024 -1536 -96 ) (1024 -2048 -96 ) (1024 -2048 96 ) (1024 -1536 96 ) 
5 288 362 (0 -1024 2912 ) (0 -1024 96 ) (0 -1194.666748 96 ) (0 -1536 160 ) (0 -1536 2912 ) 
4 288 290 (1024 -1024 96 ) (1024 -1194.666748 96 ) (0 -1194.666748 96 ) (0 -1024 96 ) 
4 288 289 (0 -1536 2912 ) (0 -1536 160 ) (1024 -1536 160 ) (1024 -1536 2912 ) 
4 289 363 (0 -2048 160 ) (0 -2048 2912 ) (0 -1536 2912 ) (0 -1536 160 ) 
4 289 310 (0 -2048 544 ) (0 -2048 160 ) (192 -2048 160 ) (192 -2048 544 ) 
4 289 308 (192 -2048 1568 ) (0 -2048 1568 ) (0 -2048 1184 ) (192 -2048 1184 ) 
4 289 300 (1024 -2048 2016 ) (1024 -2048 2912 ) (0 -2048 2912 ) (0 -2048 2016 ) 
4 290 364 (0 -1194.666626 96 ) (0 -1024 96 ) (0 -1024 80 ) (0 -1109.333374 80 ) 
4 290 291 (1024 -1109.333984 80 ) (0 -1109.333984 80 ) (0 -1024 80 ) (1024 -1024 80 ) 
3 291 365 (0 -1024 80 ) (0 -1024 64 ) (0 -1109.333374 80 ) 
4 292 366 (0 -2048 -96 ) (0 -2048 96 ) (0 -1536 96 ) (0 -1536 -96 ) 
4 292 318 (1024 -2048 -96 ) (1024 -2048 96 ) (0 -2048 96 ) (0 -2048 -96 ) 
4 293 296 (2112 -2336 2912 ) (2112 -2112 2912 ) (2112 -2112 -96 ) (2112 -2336 -96 ) 
4 293 295 (2112 -2048 96 ) (2112 -2048 -96 ) (2112 -2112 -96 ) (2112 -2112 96 ) 
4 293 294 (2112 -2112 2912 ) (2112 -2048 2912 ) (2112 -2048 2016 ) (2112 -2112 2016 ) 
4 294 297 (2048 -2048 2912 ) (2048 -2048 2016 ) (2048 -2112 2016 ) (2048 -2112 2912 ) 
4 294 296 (2112 -2112 2016 ) (2112 -2112 2912 ) (2048 -2112 2912 ) (2048 -2112 2016 ) 
4 295 298 (2048 -2048 96 ) (2048 -2048 -96 ) (2048 -2112 -96 ) (2048 -2112 96 ) 
4 295 296 (2112 -2112 -96 ) (2112 -2112 96 ) (2048 -2112 96 ) (2048 -2112 -96 ) 
4 296 299 (2048 -2336 2912 ) (2048 -2112 2912 ) (2048 -2112 -96 ) (2048 -2336 -96 ) 
4 297 300 (1024 -2048 2912 ) (1024 -2048 2016 ) (1024 -2112 2016 ) (1024 -2112 2912 ) 
4 297 299 (2048 -2112 2016 ) (2048 -2112 2912 ) (1024 -2112 2912 ) (1024 -2112 2016 ) 
4 298 318 (1024 -2048 96 ) (1024 -2048 -96 ) (1024 -2112 -96 ) (1024 -2112 96 ) 
4 298 299 (2048 -2112 -96 ) (2048 -2112 96 ) (1024 -2112 96 ) (1024 -2112 -96 ) 
4 299 319 (1024 -2112 160 ) (1024 -2112 -96 ) (1024 -2336 -96 ) (1024 -2336 160 ) 
4 299 312 (1024 -2112 1184 ) (1024 -2112 160 ) (1024 -2336 160 ) (1024 -2336 1184 ) 
4 299 306 (1024 -2112 1568 ) (1024 -2112 1184 ) (1024 -2336 1184 ) (1024 -2336 1568 ) 
4 299 301 (1024 -2112 2016 ) (1024 -2112 1568 ) (1024 -2336 1568 ) (1024 -2336 2016 ) 
4 299 300 (1024 -2336 2912 ) (1024 -2112 2912 ) (1024 -2112 2016 ) (1024 -2336 2016 ) 
4 300 404 (0 -2336 2912 ) (0 -2048 2912 ) (0 -2048 2016 ) (0 -2336 2016 ) 
4 300 302 (192 -2336 2016 ) (0 -2336 2016 ) (0 -2112 2016 ) (192 -2112 2016 ) 
4 300 301 (1024 -2336 2016 ) (192 -2336 2016 ) (192 -2112 2016 ) (1024 -2112 2016 ) 
4 301 306 (1024 -2336 1568 ) (192 -2336 1568 ) (192 -2112 1568 ) (1024 -2112 1568 ) 
4 301 305 (192 -2112 1696 ) (192 -2112 1568 ) (192 -2144 1568 ) (192 -2144 1696 ) 
4 301 303 (192 -2144 1568 ) (192 -2336 1568 ) (192 -2336 1696 ) (192 -2144 1696 ) 
4 301 302 (192 -2112 2016 ) (192 -2112 1696 ) (192 -2336 1696 ) (192 -2336 2016 ) 
4 302 405 (0 -2336 1696 ) (0 -2336 2016 ) (0 -2112 2016 ) (0 -2112 1696 ) 
5 302 305 (170.666718 -2112 1696 ) (192 -2112 1696 ) (192 -2144 1696 ) (128 -2336 1696 ) (96 -2336 1696 ) 
4 302 304 (0 -2112 1696 ) (170.666718 -2112 1696 ) (96 -2336 1696 ) (0 -2336 1696 ) 
3 302 303 (192 -2144 1696 ) (192 -2336 1696 ) (128 -2336 1696 ) 
3 303 307 (192 -2336 1568 ) (128 -2336 1568 ) (192 -2144 1568 ) 
4 303 305 (128 -2336 1696 ) (192 -2144 1696 ) (192 -2144 1568 ) (128 -2336 1568 ) 
4 304 406 (0 -2112 1568 ) (0 -2336 1568 ) (0 -2336 1696 ) (0 -2112 1696 ) 
4 304 308 (96 -2336 1568 ) (0 -2336 1568 ) (0 -2112 1568 ) (170.666718 -2112 1568 ) 
4 304 305 (96 -2336 1568 ) (170.666702 -2112 1568 ) (170.666702 -2112 1696 ) (96 -2336 1696 ) 
5 305 309 (128 -2336 1568 ) (96 -2336 1568 ) (170.666718 -2112 1568 ) (192 -2112 1568 ) (192 -2144 1568 ) 
4 306 312 (1024 -2112 1184 ) (1024 -2336 1184 ) (192 -2336 1184 ) (192 -2112 1184 ) 
4 306 309 (192 -2112 1184 ) (192 -2144 1184 ) (192 -2144 1568 ) (192 -2112 1568 ) 
4 306 307 (192 -2144 1184 ) (192 -2336 1184 ) (192 -2336 1568 ) (192 -2144 1568 ) 
3 307 313 (192 -2336 1184 ) (128 -2336 1184 ) (192 -2144 1184 ) 
4 307 309 (192 -2143.998047 1568 ) (192 -2143.998047 1184 ) (128 -2336 1184 ) (128 -2336 1568 ) 
4 308 410 (0 -2048 1568 ) (0 -2048 1184 ) (0 -2336 1184 ) (0 -2336 1568 ) 
4 308 313 (96 -2336 1184 ) (0 -2336 1184 ) (0 -2112 1184 ) (170.666718 -2112 1184 ) 
4 308 309 (192 -2048 1184 ) (192 -2048 1568 ) (96 -2336 1568 ) (96 -2336 1184 ) 
5 309 313 (128 -2336 1184 ) (96 -2336 1184 ) (170.666718 -2112 1184 ) (192 -2112 1184 ) (192 -2144 1184 ) 
4 310 414 (0 -2048 544 ) (0 -2048 160 ) (0 -2112 160 ) (0 -2112 544 ) 
4 310 316 (0 -2112 160 ) (170.666718 -2112 160 ) (170.666718 -2112 544 ) (0 -2112 544 ) 
4 310 311 (192 -2048 160 ) (192 -2048 544 ) (170.666702 -2112 544 ) (170.666702 -2112 160 ) 
4 311 317 (170.666718 -2112 160 ) (192 -2112 160 ) (192 -2112 544 ) (170.666718 -2112 544 ) 
4 312 319 (1024 -2336 160 ) (192 -2336 160 ) (192 -2112 160 ) (1024 -2112 160 ) 
4 312 317 (192 -2112 672 ) (192 -2112 160 ) (192 -2144 160 ) (192 -2144 672 ) 
4 312 315 (192 -2144 160 ) (192 -2336 160 ) (192 -2336 672 ) (192 -2144 672 ) 
4 312 314 (192 -2112 1152 ) (192 -2112 672 ) (192 -2336 672 ) (192 -2336 1152 ) 
4 312 313 (192 -2112 1184 ) (192 -2112 1152 ) (192 -2336 1152 ) (192 -2336 1184 ) 
4 313 416 (0 -2336 1152 ) (0 -2336 1184 ) (0 -2112 1184 ) (0 -2112 1152 ) 
4 313 314 (0 -2112 1152 ) (192 -2112 1152 ) (192 -2336 1152 ) (0 -2336 1152 ) 
4 314 417 (0 -2336 672 ) (0 -2336 1152 ) (0 -2112 1152 ) (0 -2112 672 ) 
5 314 317 (170.666718 -2112 672 ) (192 -2112 672 ) (192 -2144 672 ) (128 -2336 672 ) (96 -2336 672 ) 
4 314 316 (0 -2112 672 ) (170.666718 -2112 672 ) (96 -2336 672 ) (0 -2336 672 ) 
3 314 315 (192 -2144 672 ) (192 -2336 672 ) (128 -2336 672 ) 
3 315 320 (192 -2336 160 ) (128 -2336 160 ) (192 -2144 160 ) 
4 315 317 (128 -2336 672 ) (192 -2144 672 ) (192 -2144 160 ) (128 -2336 160 ) 
4 316 418 (0 -2336 160 ) (0 -2336 672 ) (0 -2112 672 ) (0 -2112 160 ) 
4 316 320 (96 -2336 160 ) (0 -2336 160 ) (0 -2112 160 ) (170.666718 -2112 160 ) 
4 316 317 (96 -2336 160 ) (170.666702 -2112 160 ) (170.666702 -2112 672 ) (96 -2336 672 ) 
5 317 320 (128 -2336 160 ) (96 -2336 160 ) (170.666718 -2112 160 ) (192 -2112 160 ) (192 -2144 160 ) 
4 318 422 (0 -2112 -96 ) (0 -2112 96 ) (0 -2048 96 ) (0 -2048 -96 ) 
4 318 321 (0 -2112 96 ) (0 -2112 -96 ) (192 -2112 -96 ) (192 -2112 96 ) 
4 318 319 (192 -2112 -96 ) (1024 -2112 -96 ) (1024 -2112 96 ) (192 -2112 96 ) 
4 319 321 (192 -2112 128 ) (192 -2112 -96 ) (192 -2336 -96 ) (192 -2336 128 ) 
4 319 320 (192 -2112 160 ) (192 -2112 128 ) (192 -2336 128 ) (192 -2336 160 ) 
4 320 423 (0 -2336 128 ) (0 -2336 160 ) (0 -2112 160 ) (0 -2112 128 ) 
4 320 321 (0 -2112 128 ) (192 -2112 128 ) (192 -2336 128 ) (0 -2336 128 ) 
4 321 424 (0 -2336 -96 ) (0 -2336 128 ) (0 -2112 128 ) (0 -2112 -96 ) 
4 322 362 (0 -1024 2400 ) (0 -1024 2912 ) (-1024 -1024 2912 ) (-1024 -1024 2400 ) 
4 322 357 (-1024 0 2912 ) (-1024 0 2400 ) (-1024 -1024 2400 ) (-1024 -1024 2912 ) 
4 322 325 (0 -512 2400 ) (0 -1024 2400 ) (-512 -1024 2400 ) (-512 -512 2400 ) 
4 322 323 (-1024 -1024 2400 ) (-1024 0 2400 ) (-512 0 2400 ) (-512 -1024 2400 ) 
4 323 362 (-512 -1024 2400 ) (-1024 -1024 2400 ) (-1024 -1024 2272 ) (-640 -1024 2272 ) 
4 323 357 (-1024 0 2400 ) (-1024 0 2272 ) (-1024 -1024 2272 ) (-1024 -1024 2400 ) 
4 323 339 (-640 -1024 2272 ) (-1024 -1024 2272 ) (-1024 0 2272 ) (-640 0 2272 ) 
4 323 325 (-512 -512 2400 ) (-512 -1024 2400 ) (-576 -1024 2336 ) (-576 -576 2336 ) 
4 323 324 (-640 -1024 2272 ) (-640 0 2272 ) (-576 0 2336 ) (-576 -1024 2336 ) 
3 324 362 (-576 -1024 2336 ) (-640 -1024 2272 ) (-512 -1024 2272 ) 
4 324 339 (-512 -1024 2272 ) (-640 -1024 2272 ) (-640 0 2272 ) (-512 0 2272 ) 
3 324 326 (-512 -640 2272 ) (-512 -512 2272 ) (-576 -576 2336 ) 
4 324 325 (-512 -1024 2272 ) (-512 -640 2272 ) (-576 -576 2336 ) (-576 -1024 2336 ) 
5 325 362 (0 -1024 2272 ) (0 -1024 2400 ) (-512 -1024 2400 ) (-576 -1024 2336 ) (-512 -1024 2272 ) 
4 325 338 (0 -1024 2272 ) (-512 -1024 2272 ) (-512 -640 2272 ) (0 -640 2272 ) 
4 325 326 (0 -640 2272 ) (-512.003906 -640 2272 ) (-576.003906 -576 2336 ) (0 -576 2336 ) 
4 326 338 (-512 -640 2272 ) (-512 -512 2272 ) (0 -512 2272 ) (0 -640 2272 ) 
4 327 334 (-256 -512 2176 ) (-256 -512 2272 ) (-256 -256 2272 ) (-256 -256 2176 ) 
4 327 331 (-256 -256 2272 ) (-256 0 2272 ) (-256 0 2176 ) (-256 -256 2176 ) 
3 327 330 (-256 -512 2176 ) (-256 -170.666656 2176 ) (-128 -128 2176 ) 
4 327 329 (0 -512 2176 ) (-256 -512 2176 ) (-128 -128 2176 ) (0 -85.333336 2176 ) 
4 327 328 (-256 -170.666656 2176 ) (-256 0 2176 ) (0 0 2176 ) (0 -85.333336 2176 ) 
4 327 338 (0 -512 2176 ) (0 -512 2272 ) (-256 -512 2272 ) (-256 -512 2176 ) 
4 328 332 (-256 -170.666656 2176 ) (-256 0 2176 ) (-256 0 1312 ) (-256 -170.666672 1312 ) 
4 328 330 (-256 -170.667969 1312 ) (-128 -128.001465 1312 ) (-128 -128.001099 2176 ) (-256 -170.667969 2176 ) 
4 328 329 (-128 -128.001465 1312 ) (0 -85.334633 1312 ) (0 -85.333984 2176 ) (-128 -128.001099 2176 ) 
4 329 338 (0 -512 1312 ) (0 -512 2176 ) (-256 -512 2176 ) (-256 -512 1312 ) 
4 329 330 (-128.001007 -127.998108 2176 ) (-128 -127.998085 1312 ) (-256 -511.995117 1312 ) (-256 -511.996094 2176 ) 
4 330 336 (-256 -512 1312 ) (-256 -512 2176 ) (-256 -256 2176 ) (-256 -256 1312 ) 
4 330 333 (-256 -256 2176 ) (-256 -170.666656 2176 ) (-256 -170.666672 1312 ) (-256 -256 1312 ) 
4 331 334 (-512 -256 2272 ) (-512 -256 2176 ) (-256 -256 2176 ) (-256 -256 2272 ) 
3 331 333 (-256 -256 2176 ) (-512 -256 2176 ) (-256 -170.666672 2176 ) 
4 331 332 (-512 -256 2176 ) (-512 0 2176 ) (-256 0 2176 ) (-256 -170.666672 2176 ) 
4 331 339 (-512 -256 2176 ) (-512 -256 2272 ) (-512 0 2272 ) (-512 0 2176 ) 
4 332 339 (-512 -256 1312 ) (-512 -256 2176 ) (-512 0 2176 ) (-512 0 1312 ) 
4 332 333 (-511.996094 -256 1312 ) (-256 -170.667969 1312 ) (-256 -170.667969 2176 ) (-511.996094 -256 2176 ) 
4 333 336 (-512 -256 2176 ) (-512 -256 1312 ) (-256 -256 1312 ) (-256 -256 2176 ) 
3 334 336 (-512 -256 2176 ) (-256 -256 2176 ) (-256 -512 2176 ) 
3 334 335 (-512 -256 2176 ) (-256 -512 2176 ) (-512 -512 2176 ) 
4 334 339 (-512 -512 2176 ) (-512 -512 2272 ) (-512 -256 2272 ) (-512 -256 2176 ) 
4 334 338 (-512 -512 2272 ) (-512 -512 2176 ) (-256 -512 2176 ) (-256 -512 2272 ) 
4 335 338 (-512 -512 2176 ) (-512 -512 1280 ) (-256 -512 1280 ) (-256 -512 2176 ) 
4 335 339 (-512 -512 1280 ) (-512 -512 2176 ) (-512 -256 2176 ) (-512 -256 1280 ) 
3 335 337 (-512 -256 1280 ) (-256 -512 1280 ) (-512 -512 1280 ) 
4 335 336 (-256 -511.996094 1280 ) (-511.996094 -256 1280 ) (-512 -256 2176 ) (-256 -512 2176 ) 
3 336 337 (-512 -256 1280 ) (-256 -256 1280 ) (-256 -512 1280 ) 
4 337 344 (-256 -256 416 ) (-256 -512 416 ) (-512 -512 416 ) (-512 -256 416 ) 
4 337 338 (-512 -512 1280 ) (-512 -512 416 ) (-256 -512 416 ) (-256 -512 1280 ) 
4 337 339 (-512 -256 416 ) (-512 -512 416 ) (-512 -512 1280 ) (-512 -256 1280 ) 
4 338 362 (0 -1024 416 ) (0 -1024 2272 ) (-512 -1024 2272 ) (-512 -1024 416 ) 
4 338 344 (-256 -1024 416 ) (-512 -1024 416 ) (-512 -512 416 ) (-256 -512 416 ) 
4 338 343 (-128 -1024 416 ) (-256 -1024 416 ) (-256 -512 416 ) (-128 -512 416 ) 
4 338 341 (0 -512 416 ) (0 -1024 416 ) (-128 -1024 416 ) (-128 -512 416 ) 
4 338 339 (-512 -512 416 ) (-512 -1024 416 ) (-512 -1024 2272 ) (-512 -512 2272 ) 
4 339 362 (-512 -1024 2272 ) (-1024 -1024 2272 ) (-1024 -1024 416 ) (-512 -1024 416 ) 
4 339 357 (-1024 0 2272 ) (-1024 0 416 ) (-1024 -1024 416 ) (-1024 -1024 2272 ) 
4 339 345 (-1024 -1024 416 ) (-1024 0 416 ) (-512 0 416 ) (-512 -1024 416 ) 
4 340 342 (-128 -192 160 ) (-128 -448 160 ) (-128 -448 416 ) (-128 -192 416 ) 
4 341 362 (0 -1024 160 ) (0 -1024 416 ) (-128 -1024 416 ) (-128 -1024 160 ) 
4 341 347 (0 -1024 160 ) (-128 -1024 160 ) (-128 -512 160 ) (0 -512 160 ) 
4 341 343 (-128 -512 160 ) (-128 -1024 160 ) (-128 -1024 416 ) (-128 -512 416 ) 
4 342 344 (-256 -256 160 ) (-256 -448 160 ) (-256 -448 416 ) (-256 -256 416 ) 
4 343 362 (-128 -1024 416 ) (-256 -1024 416 ) (-256 -1024 160 ) (-128 -1024 160 ) 
4 343 347 (-128 -1024 160 ) (-256 -1024 160 ) (-256 -512 160 ) (-128 -512 160 ) 
4 343 344 (-256 -512 160 ) (-256 -1024 160 ) (-256 -1024 416 ) (-256 -512 416 ) 
4 344 362 (-256 -1024 416 ) (-512 -1024 416 ) (-512 -1024 160 ) (-256 -1024 160 ) 
4 344 348 (-256 -1024 160 ) (-512 -1024 160 ) (-512 -256 160 ) (-256 -256 160 ) 
4 344 345 (-512 -256 160 ) (-512 -1024 160 ) (-512 -1024 416 ) (-512 -256 416 ) 
4 345 362 (-512 -1024 416 ) (-1024 -1024 416 ) (-1024 -1024 160 ) (-512 -1024 160 ) 
4 345 357 (-1024 0 416 ) (-1024 0 160 ) (-1024 -1024 160 ) (-1024 -1024 416 ) 
4 345 348 (-512 -1024 160 ) (-1024 -1024 160 ) (-1024 -256 160 ) (-512 -256 160 ) 
4 345 346 (-1024 -256 160 ) (-1024 0 160 ) (-512 0 160 ) (-512 -256 160 ) 
4 346 357 (-1024 0 160 ) (-1024 0 96 ) (-1024 -256 96 ) (-1024 -256 160 ) 
4 346 354 (-1024 -256 96 ) (-1024 0 96 ) (-512 0 96 ) (-512 -256 96 ) 
4 346 348 (-1024 -256 96 ) (-512 -256 96 ) (-512 -256 160 ) (-1024 -256 160 ) 
4 347 362 (0 -1024 96 ) (0 -1024 160 ) (-256 -1024 160 ) (-256 -1024 96 ) 
4 347 352 (0 -1024 96 ) (-256 -1024 96 ) (-256 -512 96 ) (0 -512 96 ) 
4 347 348 (-256 -512 96 ) (-256 -1024 96 ) (-256 -1024 160 ) (-256 -512 160 ) 
4 348 362 (-256 -1024 160 ) (-1024 -1024 160 ) (-1024 -1024 96 ) (-256 -1024 96 ) 
4 348 357 (-1024 -256 96 ) (-1024 -1024 96 ) (-1024 -1024 160 ) (-1024 -256 160 ) 
4 348 354 (-512 -1024 96 ) (-1024 -1024 96 ) (-1024 -256 96 ) (-512 -256 96 ) 
4 348 352 (-256 -1024 96 ) (-512 -1024 96 ) (-512 -512 96 ) (-256 -512 96 ) 
4 348 349 (-512 -512 96 ) (-512 -256 96 ) (-256 -256 96 ) (-256 -512 96 ) 
4 349 354 (-512 -512 80 ) (-512 -512 96 ) (-512 -256 96 ) (-512 -256 80 ) 
4 349 352 (-512 -512 96 ) (-512 -512 80 ) (-256 -512 80 ) (-256 -512 96 ) 
4 349 350 (-512 -256 80 ) (-256 -256 80 ) (-256 -512 80 ) (-512 -512 80 ) 
4 350 355 (-512 -512 -32 ) (-512 -512 80 ) (-512 -256 80 ) (-512 -256 -32 ) 
4 350 353 (-512 -512 80 ) (-512 -512 -32 ) (-256 -512 -32 ) (-256 -512 80 ) 
4 350 351 (-256 -512 -32 ) (-512 -512 -32 ) (-512 -256 -32 ) (-256 -256 -32 ) 
4 352 364 (0 -1024 80 ) (0 -1024 96 ) (-512 -1024 96 ) (-512 -1024 80 ) 
4 352 354 (-512 -1024 80 ) (-512 -1024 96 ) (-512 -512 96 ) (-512 -512 80 ) 
4 352 353 (0 -1024 80 ) (-512 -1024 80 ) (-512 -512 80 ) (0 -512 80 ) 
4 353 365 (0 -1024 64 ) (0 -1024 80 ) (-512 -1024 80 ) (-512 -1024 64 ) 
4 353 356 (-512 -1024 64 ) (-512 -1024 80 ) (-512 -512 80 ) (-512 -512 -32 ) 
4 354 364 (-512 -1024 96 ) (-1024 -1024 96 ) (-1024 -1024 80 ) (-512 -1024 80 ) 
4 354 359 (-1024 0 96 ) (-1024 0 80 ) (-1024 -1024 80 ) (-1024 -1024 96 ) 
4 354 356 (-1024 -1024 80 ) (-1024 -512 80 ) (-512 -512 80 ) (-512 -1024 80 ) 
4 354 355 (-1024 -512 80 ) (-1024 0 80 ) (-512 0 80 ) (-512 -512 80 ) 
4 355 360 (-1024 0 80 ) (-1024 0 64 ) (-1024 -512 64 ) (-1024 -512 80 ) 
4 355 356 (-512 -512 -32 ) (-512 -512 80 ) (-1024 -512 80 ) (-1024 -512 64 ) 
4 356 365 (-1024 -1024 80 ) (-1024 -1024 64 ) (-512 -1024 64 ) (-512 -1024 80 ) 
4 356 360 (-1024 -1024 64 ) (-1024 -1024 80 ) (-1024 -512 80 ) (-1024 -512 64 ) 
5 357 367 (-1024 -1024 96 ) (-1024 -1024 2912 ) (-1536 -1024 2912 ) (-1536 -1024 160 ) (-1194.666748 -1024 96 ) 
4 357 359 (-1194.666748 0 96 ) (-1024 0 96 ) (-1024 -1024 96 ) (-1194.666748 -1024 96 ) 
4 357 358 (-1536 0 2912 ) (-1536 0 160 ) (-1536 -1024 160 ) (-1536 -1024 2912 ) 
4 358 389 (-2048 -1024 544 ) (-2048 -1024 1184 ) (-2048 -192 1184 ) (-2048 -192 544 ) 
4 358 387 (-2048 0 544 ) (-2048 0 160 ) (-2048 -192 160 ) (-2048 -192 544 ) 
4 358 385 (-2048 0 672 ) (-2048 0 544 ) (-2048 -192 544 ) (-2048 -192 672 ) 
4 358 384 (-2048 0 1184 ) (-2048 0 672 ) (-2048 -192 672 ) (-2048 -192 1184 ) 
4 358 376 (-2048 0 1568 ) (-2048 0 1184 ) (-2048 -192 1184 ) (-2048 -192 1568 ) 
4 358 375 (-2048 0 2912 ) (-2048 0 2016 ) (-2048 -1024 2016 ) (-2048 -1024 2912 ) 
4 358 369 (-2048 -1024 2912 ) (-2048 -1024 160 ) (-1536 -1024 160 ) (-1536 -1024 2912 ) 
4 359 370 (-1024 -1024 80 ) (-1024 -1024 96 ) (-1194.666748 -1024 96 ) (-1109.333374 -1024 80 ) 
4 359 360 (-1109.333984 -1024 80 ) (-1109.333984 0 80 ) (-1024 0 80 ) (-1024 -1024 80 ) 
3 360 371 (-1024 -1024 64 ) (-1024 -1024 80 ) (-1109.333374 -1024 80 ) 
4 361 396 (-2048 0 96 ) (-2048 0 -96 ) (-2048 -1024 -96 ) (-2048 -1024 96 ) 
4 361 374 (-2048 -1024 64 ) (-2048 -1024 -96 ) (-1536 -1024 -96 ) (-1536 -1024 64 ) 
4 361 372 (-1536 -1024 96 ) (-2048 -1024 96 ) (-2048 -1024 64 ) (-1536 -1024 64 ) 
5 362 367 (-1024 -1024 2912 ) (-1024 -1024 96 ) (-1024 -1194.666748 96 ) (-1024 -1536 160 ) (-1024 -1536 2912 ) 
4 362 364 (-1024 -1194.666748 96 ) (-1024 -1024 96 ) (0 -1024 96 ) (0 -1194.666748 96 ) 
4 362 363 (-1024 -1536 2912 ) (-1024 -1536 160 ) (0 -1536 160 ) (0 -1536 2912 ) 
4 363 414 (0 -2048 160 ) (0 -2048 544 ) (-192 -2048 544 ) (-192 -2048 160 ) 
4 363 410 (0 -2048 1184 ) (0 -2048 1568 ) (-192 -2048 1568 ) (-192 -2048 1184 ) 
4 363 404 (0 -2048 2016 ) (0 -2048 2912 ) (-1024 -2048 2912 ) (-1024 -2048 2016 ) 
3 363 368 (-1024 -2048 160 ) (-1024 -2048 256 ) (-1024 -1536 160 ) 
4 363 367 (-1024 -2048 256 ) (-1024 -2048 2912 ) (-1024 -1536 2912 ) (-1024 -1536 160 ) 
4 364 370 (-1024 -1024 96 ) (-1024 -1024 80 ) (-1024 -1109.333374 80 ) (-1024 -1194.666626 96 ) 
4 364 365 (0 -1109.333984 80 ) (-1024 -1109.333984 80 ) (-1024 -1024 80 ) (0 -1024 80 ) 
3 365 371 (-1024 -1024 80 ) (-1024 -1024 64 ) (-1024 -1109.333374 80 ) 
4 366 422 (0 -2048 -96 ) (0 -2048 96 ) (-1024 -2048 96 ) (-1024 -2048 -96 ) 
4 366 373 (-1024 -1536 -96 ) (-1024 -2048 -96 ) (-1024 -2048 96 ) (-1024 -1536 96 ) 
4 367 426 (-1024 -2048 2016 ) (-1024 -2048 2912 ) (-1536 -2048 2912 ) (-1536 -2048 2016 ) 
4 367 370 (-1024 -1024 96 ) (-1024 -1194.666748 96 ) (-1194.666748 -1194.666748 96 ) (-1194.666748 -1024 96 ) 
5 367 369 (-1536 -1024 2912 ) (-1536 -1024 160 ) (-1536 -1536 160 ) (-1536 -2048 256 ) (-1536 -2048 2912 ) 
4 367 368 (-1536 -2048 256 ) (-1536 -1536 160 ) (-1024 -1536 160 ) (-1024 -2048 256 ) 
3 368 369 (-1536 -2048 160 ) (-1536 -2048 256 ) (-1536 -1536 160 ) 
4 369 426 (-2048 -2048 2912 ) (-2048 -2048 2016 ) (-1536 -2048 2016 ) (-1536 -2048 2912 ) 
4 369 401 (-2048 -2048 544 ) (-2048 -2048 1184 ) (-2048 -1024 1184 ) (-2048 -1024 544 ) 
4 369 400 (-2048 -2048 2016 ) (-2048 -2048 2912 ) (-2048 -1024 2912 ) (-2048 -1024 2016 ) 
4 370 371 (-1024 -1109.332031 80 ) (-1109.333374 -1109.332031 80 ) (-1109.333252 -1024 80 ) (-1024 -1024 80 ) 
3 372 402 (-2048 -1194.666626 96 ) (-2048 -1024 96 ) (-2048 -1024 64 ) 
4 372 374 (-1536 -1194.667969 96 ) (-2048 -1194.667969 96 ) (-2048 -1024 64 ) (-1536 -1024 64 ) 
4 373 427 (-1024 -2048 -96 ) (-1024 -2048 96 ) (-1536 -2048 96 ) (-1536 -2048 -96 ) 
4 373 374 (-1536 -1536 -96 ) (-1536 -2048 -96 ) (-1536 -2048 96 ) (-1536 -1536 96 ) 
4 374 427 (-1536 -2048 96 ) (-2048 -2048 96 ) (-2048 -2048 -96 ) (-1536 -2048 -96 ) 
5 374 402 (-2048 -2048 -96 ) (-2048 -2048 96 ) (-2048 -1194.666626 96 ) (-2048 -1024 64 ) (-2048 -1024 -96 ) 
4 375 403 (-2112 -1024 2912 ) (-2336 -1024 2912 ) (-2336 -1024 2016 ) (-2112 -1024 2016 ) 
4 375 400 (-2048 -1024 2016 ) (-2048 -1024 2912 ) (-2112 -1024 2912 ) (-2112 -1024 2016 ) 
4 375 382 (-2112 -1024 2016 ) (-2336 -1024 2016 ) (-2336 -192 2016 ) (-2112 -192 2016 ) 
4 375 378 (-2336 -192 2016 ) (-2336 0 2016 ) (-2112 0 2016 ) (-2112 -192 2016 ) 
4 376 384 (-2112 0 1184 ) (-2048 0 1184 ) (-2048 -192 1184 ) (-2112 -170.666656 1184 ) 
4 376 379 (-2112 0 1184 ) (-2112 -170.666656 1184 ) (-2112 -170.666656 1568 ) (-2112 0 1568 ) 
4 376 377 (-2047.996094 -192 1184 ) (-2047.996094 -192 1568 ) (-2112 -170.666016 1568 ) (-2112 -170.666000 1184 ) 
3 377 384 (-2048 -192 1184 ) (-2112 -192 1184 ) (-2112 -170.666656 1184 ) 
4 377 381 (-2112 -170.666656 1184 ) (-2112 -192 1184 ) (-2112 -192 1568 ) (-2112 -170.666656 1568 ) 
4 378 382 (-2112 -192 2016 ) (-2336 -192 2016 ) (-2336 -192 1696 ) (-2112 -192 1696 ) 
5 378 381 (-2112 -170.666656 1696 ) (-2112 -192 1696 ) (-2144 -192 1696 ) (-2336 -128 1696 ) (-2336 -96 1696 ) 
3 378 380 (-2144 -192 1696 ) (-2336 -192 1696 ) (-2336 -128 1696 ) 
4 378 379 (-2112 0 1696 ) (-2112 -170.666656 1696 ) (-2336 -96 1696 ) (-2336 0 1696 ) 
4 379 390 (-2336 0 1184 ) (-2112 0 1184 ) (-2112 -170.666656 1184 ) (-2336 -96 1184 ) 
4 379 381 (-2112 -170.666000 1184 ) (-2112 -170.666016 1696 ) (-2336 -96 1696 ) (-2336 -96 1184 ) 
3 380 390 (-2144 -192 1184 ) (-2336 -192 1184 ) (-2336 -128 1184 ) 
4 380 383 (-2336 -192 1568 ) (-2336 -192 1184 ) (-2144 -192 1184 ) (-2144 -192 1568 ) 
4 380 382 (-2336 -192 1696 ) (-2336 -192 1568 ) (-2144 -192 1568 ) (-2144 -192 1696 ) 
4 380 381 (-2336 -128 1184 ) (-2336 -128 1696 ) (-2144 -192 1696 ) (-2144 -192 1184 ) 
5 381 390 (-2112 -170.666656 1184 ) (-2112 -192 1184 ) (-2144 -192 1184 ) (-2336 -128 1184 ) (-2336 -96 1184 ) 
4 381 383 (-2144 -192 1184 ) (-2112 -192 1184 ) (-2112 -192 1568 ) (-2144 -192 1568 ) 
4 381 382 (-2112 -192 1568 ) (-2112 -192 1696 ) (-2144 -192 1696 ) (-2144 -192 1568 ) 
4 382 403 (-2112 -1024 2016 ) (-2336 -1024 2016 ) (-2336 -1024 1568 ) (-2112 -1024 1568 ) 
4 382 383 (-2112 -1024 1568 ) (-2336 -1024 1568 ) (-2336 -192 1568 ) (-2112 -192 1568 ) 
4 383 403 (-2112 -1024 1568 ) (-2336 -1024 1568 ) (-2336 -1024 1184 ) (-2112 -1024 1184 ) 
4 383 395 (-2112 -1024 1184 ) (-2336 -1024 1184 ) (-2336 -192 1184 ) (-2112 -192 1184 ) 
4 384 391 (-2112 -192 672 ) (-2112 -192 1152 ) (-2112 0 1152 ) (-2112 0 672 ) 
4 384 390 (-2112 -192 1152 ) (-2112 -192 1184 ) (-2112 0 1184 ) (-2112 0 1152 ) 
4 384 389 (-2112 -192 1184 ) (-2112 -192 672 ) (-2048 -192 672 ) (-2048 -192 1184 ) 
3 384 386 (-2048 -192 672 ) (-2112 -192 672 ) (-2112 -170.666656 672 ) 
4 384 385 (-2048 -192 672 ) (-2112 -170.666656 672 ) (-2112 0 672 ) (-2048 0 672 ) 
4 385 392 (-2112 -170.666656 672 ) (-2112 0 672 ) (-2112 0 544 ) (-2112 -170.666656 544 ) 
4 385 387 (-2048 -192 544 ) (-2112 -170.666656 544 ) (-2112 0 544 ) (-2048 0 544 ) 
4 385 386 (-2112 -170.666016 544 ) (-2047.996094 -192 544 ) (-2048 -192 672 ) (-2112 -170.666672 672 ) 
4 386 394 (-2112 -192 544 ) (-2112 -192 672 ) (-2112 -170.666656 672 ) (-2112 -170.666656 544 ) 
4 386 389 (-2112 -192 672 ) (-2112 -192 544 ) (-2048 -192 544 ) (-2048 -192 672 ) 
3 386 388 (-2048 -192 544 ) (-2112 -192 544 ) (-2112 -170.666656 544 ) 
4 387 392 (-2112 0 160 ) (-2112 -170.666656 160 ) (-2112 -170.666656 544 ) (-2112 0 544 ) 
4 387 388 (-2048 -192 160 ) (-2048 -192 544 ) (-2112 -170.666672 544 ) (-2112 -170.666672 160 ) 
4 388 394 (-2112 -170.666656 160 ) (-2112 -192 160 ) (-2112 -192 544 ) (-2112 -170.666656 544 ) 
4 389 401 (-2048 -1024 544 ) (-2048 -1024 1184 ) (-2112 -1024 1184 ) (-2112 -1024 544 ) 
4 389 395 (-2112 -1024 544 ) (-2112 -1024 1184 ) (-2112 -192 1184 ) (-2112 -192 544 ) 
4 390 391 (-2112 -192 1152 ) (-2336 -192 1152 ) (-2336 0 1152 ) (-2112 0 1152 ) 
4 390 395 (-2336 -192 1184 ) (-2336 -192 1152 ) (-2112 -192 1152 ) (-2112 -192 1184 ) 
5 391 394 (-2112 -192 672 ) (-2144 -192 672 ) (-2336 -128 672 ) (-2336 -96 672 ) (-2112 -170.666656 672 ) 
3 391 393 (-2144 -192 672 ) (-2336 -192 672 ) (-2336 -128 672 ) 
4 391 392 (-2336 -96 672 ) (-2336 0 672 ) (-2112 0 672 ) (-2112 -170.666656 672 ) 
4 391 395 (-2336 -192 1152 ) (-2336 -192 672 ) (-2112 -192 672 ) (-2112 -192 1152 ) 
4 392 397 (-2336 -96 160 ) (-2336 0 160 ) (-2112 0 160 ) (-2112 -170.666656 160 ) 
4 392 394 (-2112 -170.666672 160 ) (-2112 -170.666672 672 ) (-2336 -96 672 ) (-2336 -96 160 ) 
3 393 397 (-2336 -192 160 ) (-2336 -128 160 ) (-2144 -192 160 ) 
4 393 395 (-2336 -192 672 ) (-2336 -192 160 ) (-2144 -192 160 ) (-2144 -192 672 ) 
4 393 394 (-2336 -128 160 ) (-2336 -128 672 ) (-2144 -192 672 ) (-2144 -192 160 ) 
5 394 397 (-2336 -128 160 ) (-2336 -96 160 ) (-2112 -170.666656 160 ) (-2112 -192 160 ) (-2144 -192 160 ) 
4 394 395 (-2144 -192 160 ) (-2112 -192 160 ) (-2112 -192 672 ) (-2144 -192 672 ) 
4 395 403 (-2112 -1024 1184 ) (-2336 -1024 1184 ) (-2336 -1024 160 ) (-2112 -1024 160 ) 
4 395 399 (-2112 -1024 160 ) (-2336 -1024 160 ) (-2336 -192 160 ) (-2112 -192 160 ) 
4 396 402 (-2048 -1024 -96 ) (-2048 -1024 96 ) (-2112 -1024 96 ) (-2112 -1024 -96 ) 
4 396 398 (-2112 0 -96 ) (-2112 -192 -96 ) (-2112 -192 96 ) (-2112 0 96 ) 
4 396 399 (-2112 -192 -96 ) (-2112 -1024 -96 ) (-2112 -1024 96 ) (-2112 -192 96 ) 
4 397 399 (-2336 -192 160 ) (-2336 -192 128 ) (-2112 -192 128 ) (-2112 -192 160 ) 
4 397 398 (-2112 -192 128 ) (-2336 -192 128 ) (-2336 0 128 ) (-2112 0 128 ) 
4 398 399 (-2336 -192 128 ) (-2336 -192 -96 ) (-2112 -192 -96 ) (-2112 -192 128 ) 
4 399 403 (-2112 -1024 160 ) (-2336 -1024 160 ) (-2336 -1024 -96 ) (-2112 -1024 -96 ) 
4 400 429 (-2048 -2048 2016 ) (-2048 -2048 2912 ) (-2112 -2048 2912 ) (-2112 -2048 2016 ) 
4 400 403 (-2112 -2048 2016 ) (-2112 -2048 2912 ) (-2112 -1024 2912 ) (-2112 -1024 2016 ) 
4 401 430 (-2048 -2048 544 ) (-2048 -2048 1184 ) (-2112 -2048 1184 ) (-2112 -2048 544 ) 
4 401 403 (-2112 -2048 544 ) (-2112 -2048 1184 ) (-2112 -1024 1184 ) (-2112 -1024 544 ) 
4 402 431 (-2048 -2048 -96 ) (-2048 -2048 96 ) (-2112 -2048 96 ) (-2112 -2048 -96 ) 
4 402 403 (-2112 -2048 -96 ) (-2112 -2048 96 ) (-2112 -1024 96 ) (-2112 -1024 -96 ) 
4 403 433 (-2112 -2048 -96 ) (-2112 -2048 2912 ) (-2336 -2048 2912 ) (-2336 -2048 -96 ) 
4 404 428 (-1024 -2112 2016 ) (-1024 -2336 2016 ) (-1024 -2336 2912 ) (-1024 -2112 2912 ) 
4 404 426 (-1024 -2048 2912 ) (-1024 -2048 2016 ) (-1024 -2112 2016 ) (-1024 -2112 2912 ) 
4 404 405 (0 -2336 2016 ) (-192 -2336 2016 ) (-192 -2112 2016 ) (0 -2112 2016 ) 
4 404 409 (-192 -2336 2016 ) (-1024 -2336 2016 ) (-1024 -2112 2016 ) (-192 -2112 2016 ) 
5 405 408 (-96 -2336 1696 ) (-128 -2336 1696 ) (-192 -2144 1696 ) (-192 -2112 1696 ) (-170.666656 -2112 1696 ) 
3 405 407 (-128 -2336 1696 ) (-192 -2336 1696 ) (-192 -2144 1696 ) 
4 405 406 (0 -2336 1696 ) (-96 -2336 1696 ) (-170.666656 -2112 1696 ) (0 -2112 1696 ) 
4 405 409 (-192 -2112 2016 ) (-192 -2112 1696 ) (-192 -2336 1696 ) (-192 -2336 2016 ) 
4 406 410 (0 -2336 1568 ) (-96 -2336 1568 ) (-170.666656 -2112 1568 ) (0 -2112 1568 ) 
4 406 408 (-96 -2336 1696 ) (-170.666016 -2112 1696 ) (-170.666016 -2112 1568 ) (-96 -2336 1568 ) 
3 407 411 (-128 -2336 1568 ) (-192 -2336 1568 ) (-192 -2144 1568 ) 
4 407 409 (-192 -2144 1568 ) (-192 -2336 1568 ) (-192 -2336 1696 ) (-192 -2144 1696 ) 
4 407 408 (-127.998047 -2336 1568 ) (-192 -2143.996094 1568 ) (-192 -2143.996094 1696 ) (-127.998703 -2336 1696 ) 
5 408 412 (-96 -2336 1568 ) (-128 -2336 1568 ) (-192 -2144 1568 ) (-192 -2112 1568 ) (-170.666656 -2112 1568 ) 
4 408 409 (-192 -2112 1696 ) (-192 -2112 1568 ) (-192 -2144 1568 ) (-192 -2144 1696 ) 
4 409 428 (-1024 -2112 1568 ) (-1024 -2336 1568 ) (-1024 -2336 2016 ) (-1024 -2112 2016 ) 
4 409 413 (-192 -2336 1568 ) (-1024 -2336 1568 ) (-1024 -2112 1568 ) (-192 -2112 1568 ) 
4 410 416 (0 -2112 1184 ) (0 -2336 1184 ) (-96 -2336 1184 ) (-170.666626 -2112 1184 ) 
4 410 412 (-192 -2048 1568 ) (-192 -2048 1184 ) (-96 -2336 1184 ) (-96 -2336 1568 ) 
3 411 416 (-128 -2336 1184 ) (-192 -2336 1184 ) (-192 -2144 1184 ) 
4 411 413 (-192 -2144 1184 ) (-192 -2336 1184 ) (-192 -2336 1568 ) (-192 -2144 1568 ) 
4 411 412 (-192 -2143.998047 1184 ) (-192 -2143.998047 1568 ) (-128 -2336 1568 ) (-128 -2336 1184 ) 
5 412 416 (-170.666611 -2112 1184 ) (-96 -2336 1184 ) (-128 -2336 1184 ) (-192 -2144 1184 ) (-192 -2112 1184 ) 
4 412 413 (-192 -2112 1184 ) (-192 -2144 1184 ) (-192 -2144 1568 ) (-192 -2112 1568 ) 
4 413 428 (-1024 -2112 1184 ) (-1024 -2336 1184 ) (-1024 -2336 1568 ) (-1024 -2112 1568 ) 
4 413 421 (-1024 -2336 1184 ) (-1024 -2112 1184 ) (-192 -2112 1184 ) (-192 -2336 1184 ) 
4 414 418 (-170.666656 -2112 160 ) (0 -2112 160 ) (0 -2112 544 ) (-170.666656 -2112 544 ) 
4 414 415 (-170.666016 -2112 160 ) (-170.666016 -2112 544 ) (-192 -2048 544 ) (-192 -2048 160 ) 
4 415 420 (-192 -2112 160 ) (-170.666656 -2112 160 ) (-170.666656 -2112 544 ) (-192 -2112 544 ) 
4 416 417 (0 -2336 1152 ) (-192 -2336 1152 ) (-192 -2112 1152 ) (0 -2112 1152 ) 
4 416 421 (-192 -2112 1184 ) (-192 -2112 1152 ) (-192 -2336 1152 ) (-192 -2336 1184 ) 
5 417 420 (-96 -2336 672 ) (-128 -2336 672 ) (-192 -2144 672 ) (-192 -2112 672 ) (-170.666656 -2112 672 ) 
3 417 419 (-128 -2336 672 ) (-192 -2336 672 ) (-192 -2144 672 ) 
4 417 418 (0 -2336 672 ) (-96 -2336 672 ) (-170.666656 -2112 672 ) (0 -2112 672 ) 
4 417 421 (-192 -2112 1152 ) (-192 -2112 672 ) (-192 -2336 672 ) (-192 -2336 1152 ) 
4 418 423 (0 -2336 160 ) (-96 -2336 160 ) (-170.666656 -2112 160 ) (0 -2112 160 ) 
4 418 420 (-96 -2336 672 ) (-170.666016 -2112 672 ) (-170.666016 -2112 160 ) (-96 -2336 160 ) 
3 419 423 (-128 -2336 160 ) (-192 -2336 160 ) (-192 -2144 160 ) 
4 419 421 (-192 -2144 160 ) (-192 -2336 160 ) (-192 -2336 672 ) (-192 -2144 672 ) 
4 419 420 (-127.998047 -2336 160 ) (-192 -2143.996094 160 ) (-192 -2143.996094 672 ) (-127.998703 -2336 672 ) 
5 420 423 (-96 -2336 160 ) (-128 -2336 160 ) (-192 -2144 160 ) (-192 -2112 160 ) (-170.666656 -2112 160 ) 
4 420 421 (-192 -2112 672 ) (-192 -2112 160 ) (-192 -2144 160 ) (-192 -2144 672 ) 
4 421 428 (-1024 -2112 160 ) (-1024 -2336 160 ) (-1024 -2336 1184 ) (-1024 -2112 1184 ) 
4 421 425 (-192 -2336 160 ) (-1024 -2336 160 ) (-1024 -2112 160 ) (-192 -2112 160 ) 
4 422 427 (-1024 -2048 96 ) (-1024 -2048 -96 ) (-1024 -2112 -96 ) (-1024 -2112 96 ) 
4 422 424 (-192 -2112 -96 ) (0 -2112 -96 ) (0 -2112 96 ) (-192 -2112 96 ) 
4 422 425 (-1024 -2112 96 ) (-1024 -2112 -96 ) (-192 -2112 -96 ) (-192 -2112 96 ) 
4 423 425 (-192 -2112 160 ) (-192 -2112 128 ) (-192 -2336 128 ) (-192 -2336 160 ) 
4 423 424 (0 -2336 128 ) (-192 -2336 128 ) (-192 -2112 128 ) (0 -2112 128 ) 
4 424 425 (-192 -2112 128 ) (-192 -2112 -96 ) (-192 -2336 -96 ) (-192 -2336 128 ) 
4 425 428 (-1024 -2336 -96 ) (-1024 -2336 160 ) (-1024 -2112 160 ) (-1024 -2112 -96 ) 
4 426 429 (-2048 -2048 2912 ) (-2048 -2048 2016 ) (-2048 -2112 2016 ) (-2048 -2112 2912 ) 
4 426 428 (-1024 -2112 2016 ) (-1024 -2112 2912 ) (-2048 -2112 2912 ) (-2048 -2112 2016 ) 
4 427 431 (-2048 -2048 96 ) (-2048 -2048 -96 ) (-2048 -2112 -96 ) (-2048 -2112 96 ) 
4 427 428 (-1024 -2112 -96 ) (-1024 -2112 96 ) (-2048 -2112 96 ) (-2048 -2112 -96 ) 
4 428 432 (-2048 -2336 2912 ) (-2048 -2112 2912 ) (-2048 -2112 -96 ) (-2048 -2336 -96 ) 
4 429 433 (-2112 -2112 2912 ) (-2112 -2048 2912 ) (-2112 -2048 2016 ) (-2112 -2112 2016 ) 
4 429 432 (-2112 -2112 2912 ) (-2112 -2112 2016 ) (-2048 -2112 2016 ) (-2048 -2112 2912 ) 
4 430 433 (-2112 -2048 1184 ) (-2112 -2048 544 ) (-2112 -2112 544 ) (-2112 -2112 1184 ) 
4 430 432 (-2112 -2112 1184 ) (-2112 -2112 544 ) (-2048 -2112 544 ) (-2048 -2112 1184 ) 
4 431 433 (-2112 -2048 96 ) (-2112 -2048 -96 ) (-2112 -2112 -96 ) (-2112 -2112 96 ) 
4 431 432 (-2112 -2112 96 ) (-2112 -2112 -96 ) (-2048 -2112 -96 ) (-2048 -2112 96 ) 
4 432 433 (-2112 -2336 2912 ) (-2112 -2112 2912 ) (-2112 -2112 -96 ) (-2112 -2336 -96 ) 
